2023-08-18 05:52:28,027 - INFO - ./models/as/batch-4_nhop-2_nmax-100/MultiRe_epoch-2
2023-08-18 05:52:28,027 - INFO - test seen
2023-08-18 05:53:31,352 - INFO - ./models/as/batch-4/MultiRe_epoch-2
2023-08-18 05:53:31,352 - INFO - test seen
2023-08-18 05:56:10,684 - INFO - ./models/as/batch-4/MultiRe_epoch-2
2023-08-18 05:56:10,684 - INFO - test seen
2023-08-18 05:56:53,388 - INFO - path_res_all: 11.13	18.38	21.29	25.78	32.07	1447
2023-08-18 05:56:53,388 - INFO - entity_res_all: 13.48	34.14	46.51	65.58	80.03	1447
2023-08-18 05:56:53,388 - INFO - path_res_one_jump: 15.4	23.68	24.35	24.64	25.99	1039
2023-08-18 05:56:53,388 - INFO - entity_res_one_jump: 18.58	45.04	58.42	77.67	88.26	1039
2023-08-18 05:56:53,388 - INFO - path_res_two_jump: 0.25	4.9	13.48	28.68	47.55	408
2023-08-18 05:56:53,388 - INFO - entity_res_two_jump: 0.49	6.37	16.18	34.8	59.07	408
2023-08-18 05:56:53,388 - INFO - precision: 0.13476157567380787, recall_macro: 0.09058305051376644, f1_macro: 0.07867206294318602, recall_micro: 0.13476157567380787, f1_micro: 0.13476157567380787
2023-08-18 05:56:53,389 - INFO - test unseen
2023-08-18 05:57:30,363 - INFO - path_res_all: 9.41	16.45	20.98	27.3	38.15	1392
2023-08-18 05:57:30,363 - INFO - entity_res_all: 12.14	37.93	54.38	73.06	89.37	1392
2023-08-18 05:57:30,364 - INFO - path_res_one_jump: 14.54	22.6	23.83	24.05	24.72	894
2023-08-18 05:57:30,364 - INFO - entity_res_one_jump: 17.67	54.25	73.49	91.5	97.65	894
2023-08-18 05:57:30,364 - INFO - path_res_two_jump: 0.2	5.42	15.86	33.13	62.25	498
2023-08-18 05:57:30,364 - INFO - entity_res_two_jump: 2.21	8.63	20.08	39.96	74.5	498
2023-08-18 05:57:30,364 - INFO - precision: 0.12140804597701149, recall_macro: 0.08825175061488928, f1_macro: 0.07689363080875891, recall_micro: 0.12140804597701149, f1_micro: 0.12140804597701149
2023-08-18 05:57:30,364 - INFO - 
2023-08-18 05:57:30,365 - INFO - ./models/as/batch-4/MultiRe_epoch-4
2023-08-18 05:57:30,365 - INFO - test seen
2023-08-18 05:58:07,997 - INFO - path_res_all: 12.58	20.73	26.47	35.59	45.96	1447
2023-08-18 05:58:07,997 - INFO - entity_res_all: 13.55	24.67	32.55	44.99	58.6	1447
2023-08-18 05:58:07,997 - INFO - path_res_one_jump: 16.94	27.14	32.15	40.42	49.57	1039
2023-08-18 05:58:07,997 - INFO - entity_res_one_jump: 18.0	32.24	39.85	52.17	64.58	1039
2023-08-18 05:58:07,997 - INFO - path_res_two_jump: 1.47	4.41	12.01	23.28	36.76	408
2023-08-18 05:58:07,997 - INFO - entity_res_two_jump: 2.21	5.39	13.97	26.72	43.38	408
2023-08-18 05:58:07,997 - INFO - precision: 0.1354526606772633, recall_macro: 0.0866543906753697, f1_macro: 0.07932864033064345, recall_micro: 0.1354526606772633, f1_micro: 0.1354526606772633
2023-08-18 05:58:07,998 - INFO - test unseen
2023-08-18 05:58:46,022 - INFO - path_res_all: 10.34	19.04	25.29	35.27	48.85	1392
2023-08-18 05:58:46,022 - INFO - entity_res_all: 13.0	38.94	52.8	71.48	89.44	1392
2023-08-18 05:58:46,022 - INFO - path_res_one_jump: 14.54	23.49	28.3	33.67	39.26	894
2023-08-18 05:58:46,022 - INFO - entity_res_one_jump: 18.01	52.8	68.9	86.69	96.87	894
2023-08-18 05:58:46,022 - INFO - path_res_two_jump: 2.81	11.04	19.88	38.15	66.06	498
2023-08-18 05:58:46,022 - INFO - entity_res_two_jump: 4.02	14.06	23.9	44.18	76.1	498
2023-08-18 05:58:46,022 - INFO - precision: 0.1300287356321839, recall_macro: 0.09924790656497974, f1_macro: 0.09485193779886875, recall_micro: 0.1300287356321839, f1_micro: 0.1300287356321839
2023-08-18 05:58:46,023 - INFO - 
2023-08-18 05:58:46,024 - INFO - ./models/as/batch-4/MultiRe_epoch-6
2023-08-18 05:58:46,024 - INFO - test seen
2023-08-18 05:59:27,816 - INFO - path_res_all: 16.1	27.78	34.62	43.33	52.94	1447
2023-08-18 05:59:27,816 - INFO - entity_res_all: 17.76	36.63	47.62	61.85	77.13	1447
2023-08-18 05:59:27,816 - INFO - path_res_one_jump: 21.75	35.61	41.1	48.32	55.25	1039
2023-08-18 05:59:27,816 - INFO - entity_res_one_jump: 23.58	47.06	57.84	72.28	84.79	1039
2023-08-18 05:59:27,816 - INFO - path_res_two_jump: 1.72	7.84	18.14	30.64	47.06	408
2023-08-18 05:59:27,816 - INFO - entity_res_two_jump: 2.94	10.05	21.57	35.29	57.6	408
2023-08-18 05:59:27,816 - INFO - precision: 0.17760884588804424, recall_macro: 0.12344637671098152, f1_macro: 0.10924063958165543, recall_micro: 0.17760884588804424, f1_micro: 0.1776088458880442
2023-08-18 05:59:27,817 - INFO - test unseen
2023-08-18 06:00:04,429 - INFO - path_res_all: 7.61	14.15	18.97	26.15	38.0	1392
2023-08-18 06:00:04,430 - INFO - entity_res_all: 8.84	31.68	45.69	61.49	78.23	1392
2023-08-18 06:00:04,430 - INFO - path_res_one_jump: 11.63	19.02	22.15	25.95	28.86	894
2023-08-18 06:00:04,430 - INFO - entity_res_one_jump: 13.09	45.08	61.74	77.85	85.68	894
2023-08-18 06:00:04,430 - INFO - path_res_two_jump: 0.4	5.42	13.25	26.51	54.42	498
2023-08-18 06:00:04,430 - INFO - entity_res_two_jump: 1.2	7.63	16.87	32.13	64.86	498
2023-08-18 06:00:04,430 - INFO - precision: 0.08836206896551724, recall_macro: 0.0660830022815495, f1_macro: 0.059218233077013877, recall_micro: 0.08836206896551724, f1_micro: 0.08836206896551724
2023-08-18 06:00:04,431 - INFO - 
2023-08-18 06:00:04,431 - INFO - ./models/as/batch-4/MultiRe_epoch-8
2023-08-18 06:00:04,431 - INFO - test seen
2023-08-18 06:00:43,302 - INFO - path_res_all: 16.31	28.06	34.83	44.37	52.18	1447
2023-08-18 06:00:43,302 - INFO - entity_res_all: 17.42	32.9	41.26	54.11	65.72	1447
2023-08-18 06:00:43,302 - INFO - path_res_one_jump: 21.94	35.61	42.16	50.24	56.21	1039
2023-08-18 06:00:43,302 - INFO - entity_res_one_jump: 23.1	41.48	49.95	62.18	71.7	1039
2023-08-18 06:00:43,302 - INFO - path_res_two_jump: 1.96	8.82	16.18	29.41	41.91	408
2023-08-18 06:00:43,302 - INFO - entity_res_two_jump: 2.94	11.03	19.12	33.58	50.49	408
2023-08-18 06:00:43,302 - INFO - precision: 0.1741534208707671, recall_macro: 0.12193983601498051, f1_macro: 0.11068223962795463, recall_micro: 0.1741534208707671, f1_micro: 0.1741534208707671
2023-08-18 06:00:43,303 - INFO - test unseen
2023-08-18 06:01:21,519 - INFO - path_res_all: 10.2	18.68	24.28	33.12	47.63	1392
2023-08-18 06:01:21,519 - INFO - entity_res_all: 11.93	34.48	48.2	66.74	86.49	1392
2023-08-18 06:01:21,519 - INFO - path_res_one_jump: 15.32	24.83	29.53	35.12	40.27	894
2023-08-18 06:01:21,519 - INFO - entity_res_one_jump: 17.11	47.76	64.65	83.89	94.18	894
2023-08-18 06:01:21,519 - INFO - path_res_two_jump: 1.0	7.63	14.86	29.52	60.84	498
2023-08-18 06:01:21,519 - INFO - entity_res_two_jump: 2.61	10.64	18.67	35.94	72.69	498
2023-08-18 06:01:21,519 - INFO - precision: 0.11925287356321838, recall_macro: 0.09453342953342954, f1_macro: 0.08591429205055168, recall_micro: 0.11925287356321838, f1_micro: 0.1192528735632184
2023-08-18 06:01:21,520 - INFO - 
2023-08-18 06:01:21,520 - INFO - ./models/as/batch-4/MultiRe_epoch-10
2023-08-18 06:01:21,520 - INFO - test seen
2023-08-18 06:02:01,513 - INFO - path_res_all: 16.93	32.27	40.7	51.76	61.92	1447
2023-08-18 06:02:01,513 - INFO - entity_res_all: 17.83	36.56	47.27	60.95	74.22	1447
2023-08-18 06:02:01,513 - INFO - path_res_one_jump: 22.33	40.62	48.99	59.19	68.33	1039
2023-08-18 06:02:01,513 - INFO - entity_res_one_jump: 23.0	45.72	56.69	69.68	81.33	1039
2023-08-18 06:02:01,513 - INFO - path_res_two_jump: 3.19	11.03	19.61	32.84	45.59	408
2023-08-18 06:02:01,513 - INFO - entity_res_two_jump: 4.66	13.24	23.28	38.73	56.13	408
2023-08-18 06:02:01,513 - INFO - precision: 0.17829993089149965, recall_macro: 0.11322996274755638, f1_macro: 0.10444886203143601, recall_micro: 0.17829993089149965, f1_micro: 0.17829993089149965
2023-08-18 06:02:01,514 - INFO - test unseen
2023-08-18 06:02:39,240 - INFO - path_res_all: 9.63	18.53	25.65	35.56	48.92	1392
2023-08-18 06:02:39,241 - INFO - entity_res_all: 10.92	35.34	51.44	69.68	88.0	1392
2023-08-18 06:02:39,241 - INFO - path_res_one_jump: 13.76	24.16	29.42	35.91	40.16	894
2023-08-18 06:02:39,241 - INFO - entity_res_one_jump: 15.32	49.33	67.9	85.57	95.41	894
2023-08-18 06:02:39,241 - INFO - path_res_two_jump: 2.21	8.43	18.88	34.94	64.66	498
2023-08-18 06:02:39,241 - INFO - entity_res_two_jump: 3.01	10.24	21.89	41.16	74.7	498
2023-08-18 06:02:39,241 - INFO - precision: 0.10919540229885058, recall_macro: 0.08227260199347577, f1_macro: 0.07360678834793853, recall_micro: 0.10919540229885058, f1_micro: 0.10919540229885058
2023-08-18 06:02:39,242 - INFO - 
2023-08-18 06:02:39,242 - INFO - ./models/as/batch-4/MultiRe_epoch-12
2023-08-18 06:02:39,242 - INFO - test seen
2023-08-18 06:03:18,027 - INFO - path_res_all: 15.62	28.2	36.01	46.16	54.18	1447
2023-08-18 06:03:18,028 - INFO - entity_res_all: 16.66	32.9	42.71	55.63	66.48	1447
2023-08-18 06:03:18,028 - INFO - path_res_one_jump: 21.08	36.57	44.37	53.42	59.87	1039
2023-08-18 06:03:18,028 - INFO - entity_res_one_jump: 22.23	42.54	52.55	64.87	74.11	1039
2023-08-18 06:03:18,028 - INFO - path_res_two_jump: 1.72	6.86	14.71	27.7	39.71	408
2023-08-18 06:03:18,028 - INFO - entity_res_two_jump: 2.45	8.33	17.65	32.11	47.06	408
2023-08-18 06:03:18,028 - INFO - precision: 0.16655148583275742, recall_macro: 0.10212815969618691, f1_macro: 0.09721584690991233, recall_micro: 0.16655148583275742, f1_micro: 0.16655148583275742
2023-08-18 06:03:18,029 - INFO - test unseen
2023-08-18 06:03:55,643 - INFO - path_res_all: 8.62	18.46	24.64	33.76	46.48	1392
2023-08-18 06:03:55,643 - INFO - entity_res_all: 9.84	36.21	51.08	70.19	86.49	1392
2023-08-18 06:03:55,644 - INFO - path_res_one_jump: 12.64	23.6	29.08	34.0	38.14	894
2023-08-18 06:03:55,644 - INFO - entity_res_one_jump: 14.21	50.11	68.34	86.8	94.74	894
2023-08-18 06:03:55,644 - INFO - path_res_two_jump: 1.41	9.24	16.67	33.33	61.45	498
2023-08-18 06:03:55,644 - INFO - entity_res_two_jump: 2.01	11.24	20.08	40.36	71.69	498
2023-08-18 06:03:55,644 - INFO - precision: 0.09841954022988506, recall_macro: 0.07590829207164251, f1_macro: 0.06769788653821728, recall_micro: 0.09841954022988506, f1_micro: 0.09841954022988506
2023-08-18 06:03:55,644 - INFO - 
2023-08-18 06:03:55,645 - INFO - ./models/as/batch-4/MultiRe_epoch-14
2023-08-18 06:03:55,645 - INFO - test seen
2023-08-18 06:04:37,286 - INFO - path_res_all: 18.94	34.76	43.81	54.8	65.03	1447
2023-08-18 06:04:37,286 - INFO - entity_res_all: 20.39	39.81	51.0	64.75	78.71	1447
2023-08-18 06:04:37,286 - INFO - path_res_one_jump: 24.54	42.93	51.78	61.79	70.36	1039
2023-08-18 06:04:37,286 - INFO - entity_res_one_jump: 25.99	48.7	60.15	73.15	85.18	1039
2023-08-18 06:04:37,286 - INFO - path_res_two_jump: 4.66	13.97	23.53	37.01	51.47	408
2023-08-18 06:04:37,286 - INFO - entity_res_two_jump: 6.13	17.16	27.7	43.38	62.25	408
2023-08-18 06:04:37,286 - INFO - precision: 0.2038700760193504, recall_macro: 0.14423429466582516, f1_macro: 0.13137839257004635, recall_micro: 0.2038700760193504, f1_micro: 0.2038700760193504
2023-08-18 06:04:37,287 - INFO - test unseen
2023-08-18 06:05:14,756 - INFO - path_res_all: 8.91	18.75	23.42	33.84	46.77	1392
2023-08-18 06:05:14,756 - INFO - entity_res_all: 10.7	35.92	49.5	69.32	85.99	1392
2023-08-18 06:05:14,756 - INFO - path_res_one_jump: 12.86	23.49	27.63	33.0	38.7	894
2023-08-18 06:05:14,756 - INFO - entity_res_one_jump: 14.88	48.21	65.77	84.12	94.41	894
2023-08-18 06:05:14,756 - INFO - path_res_two_jump: 1.81	10.24	15.86	35.34	61.24	498
2023-08-18 06:05:14,756 - INFO - entity_res_two_jump: 3.21	13.86	20.28	42.77	70.88	498
2023-08-18 06:05:14,756 - INFO - precision: 0.10704022988505747, recall_macro: 0.08133766233766233, f1_macro: 0.07748991164780637, recall_micro: 0.10704022988505747, f1_micro: 0.10704022988505747
2023-08-18 06:05:14,757 - INFO - 
2023-08-18 06:05:14,758 - INFO - ./models/as/batch-4/MultiRe_epoch-16
2023-08-18 06:05:14,758 - INFO - test seen
2023-08-18 06:05:55,267 - INFO - path_res_all: 18.45	34.69	43.26	55.01	65.17	1447
2023-08-18 06:05:55,268 - INFO - entity_res_all: 20.11	39.88	49.97	64.62	78.51	1447
2023-08-18 06:05:55,268 - INFO - path_res_one_jump: 23.97	42.64	51.88	62.18	70.64	1039
2023-08-18 06:05:55,268 - INFO - entity_res_one_jump: 25.6	48.41	59.29	73.15	85.08	1039
2023-08-18 06:05:55,268 - INFO - path_res_two_jump: 4.41	14.46	21.32	36.76	51.23	408
2023-08-18 06:05:55,268 - INFO - entity_res_two_jump: 6.13	18.14	26.23	42.89	61.76	408
2023-08-18 06:05:55,268 - INFO - precision: 0.20110573600552867, recall_macro: 0.13458177766933527, f1_macro: 0.12510031297910626, recall_micro: 0.20110573600552867, f1_micro: 0.20110573600552867
2023-08-18 06:05:55,269 - INFO - test unseen
2023-08-18 06:06:32,696 - INFO - path_res_all: 8.69	18.46	24.57	32.97	45.55	1392
2023-08-18 06:06:32,696 - INFO - entity_res_all: 10.2	35.13	48.71	66.45	83.33	1392
2023-08-18 06:06:32,696 - INFO - path_res_one_jump: 12.64	23.27	28.08	33.33	38.37	894
2023-08-18 06:06:32,696 - INFO - entity_res_one_jump: 14.21	47.54	63.53	81.99	91.72	894
2023-08-18 06:06:32,696 - INFO - path_res_two_jump: 1.61	9.84	18.27	32.33	58.43	498
2023-08-18 06:06:32,696 - INFO - entity_res_two_jump: 3.01	12.85	22.09	38.55	68.27	498
2023-08-18 06:06:32,696 - INFO - precision: 0.10201149425287356, recall_macro: 0.08486358649402129, f1_macro: 0.07139928043457298, recall_micro: 0.10201149425287356, f1_micro: 0.10201149425287356
2023-08-18 06:06:32,697 - INFO - 
2023-08-18 06:06:32,697 - INFO - ./models/as/batch-4/MultiRe_epoch-18
2023-08-18 06:06:32,697 - INFO - test seen
2023-08-18 06:07:13,963 - INFO - path_res_all: 17.76	33.66	42.64	53.42	62.75	1447
2023-08-18 06:07:13,963 - INFO - entity_res_all: 19.42	39.53	50.38	63.86	77.13	1447
2023-08-18 06:07:13,964 - INFO - path_res_one_jump: 23.0	41.48	49.47	60.15	68.05	1039
2023-08-18 06:07:13,964 - INFO - entity_res_one_jump: 24.54	48.22	58.52	72.47	84.12	1039
2023-08-18 06:07:13,964 - INFO - path_res_two_jump: 4.41	13.73	25.25	36.27	49.26	408
2023-08-18 06:07:13,964 - INFO - entity_res_two_jump: 6.37	17.4	29.66	41.91	59.31	408
2023-08-18 06:07:13,964 - INFO - precision: 0.19419488597097442, recall_macro: 0.14383348928022466, f1_macro: 0.12796207064652587, recall_micro: 0.19419488597097442, f1_micro: 0.1941948859709744
2023-08-18 06:07:13,965 - INFO - test unseen
2023-08-18 06:07:51,711 - INFO - path_res_all: 8.41	17.1	23.28	32.18	44.11	1392
2023-08-18 06:07:51,712 - INFO - entity_res_all: 9.99	34.34	49.14	67.24	84.12	1392
2023-08-18 06:07:51,712 - INFO - path_res_one_jump: 11.52	21.03	26.06	30.98	36.13	894
2023-08-18 06:07:51,712 - INFO - entity_res_one_jump: 13.42	46.2	63.87	81.77	92.62	894
2023-08-18 06:07:51,712 - INFO - path_res_two_jump: 2.81	10.04	18.27	34.34	58.43	498
2023-08-18 06:07:51,712 - INFO - entity_res_two_jump: 3.82	13.05	22.69	41.16	68.88	498
2023-08-18 06:07:51,712 - INFO - precision: 0.09985632183908046, recall_macro: 0.07339571933092716, f1_macro: 0.07336235697015216, recall_micro: 0.09985632183908046, f1_micro: 0.09985632183908046
2023-08-18 06:07:51,712 - INFO - 
2023-08-18 06:07:51,713 - INFO - ./models/as/batch-4/MultiRe_epoch-20
2023-08-18 06:07:51,713 - INFO - test seen
2023-08-18 06:08:33,206 - INFO - path_res_all: 17.69	34.83	42.99	54.66	64.75	1447
2023-08-18 06:08:33,206 - INFO - entity_res_all: 18.87	39.74	49.69	63.99	77.26	1447
2023-08-18 06:08:33,206 - INFO - path_res_one_jump: 23.0	43.21	50.72	61.79	71.03	1039
2023-08-18 06:08:33,206 - INFO - entity_res_one_jump: 23.87	48.51	58.13	72.28	84.7	1039
2023-08-18 06:08:33,206 - INFO - path_res_two_jump: 4.17	13.48	23.28	36.52	48.77	408
2023-08-18 06:08:33,206 - INFO - entity_res_two_jump: 6.13	17.4	28.19	42.89	58.33	408
2023-08-18 06:08:33,206 - INFO - precision: 0.18866620594333103, recall_macro: 0.12729399388490298, f1_macro: 0.11809409795779899, recall_micro: 0.18866620594333103, f1_micro: 0.18866620594333103
2023-08-18 06:08:33,207 - INFO - test unseen
2023-08-18 06:09:11,620 - INFO - path_res_all: 8.33	16.38	22.63	31.47	44.47	1392
2023-08-18 06:09:11,620 - INFO - entity_res_all: 10.2	33.41	47.56	65.45	82.54	1392
2023-08-18 06:09:11,620 - INFO - path_res_one_jump: 11.63	20.58	26.4	31.66	37.47	894
2023-08-18 06:09:11,620 - INFO - entity_res_one_jump: 14.09	45.64	63.2	80.54	90.72	894
2023-08-18 06:09:11,620 - INFO - path_res_two_jump: 2.41	8.84	15.86	31.12	57.03	498
2023-08-18 06:09:11,620 - INFO - entity_res_two_jump: 3.21	11.45	19.48	38.35	67.87	498
2023-08-18 06:09:11,620 - INFO - precision: 0.10201149425287356, recall_macro: 0.08040236015146408, f1_macro: 0.07235538322538328, recall_micro: 0.10201149425287356, f1_micro: 0.10201149425287356
2023-08-18 06:09:11,621 - INFO - 
