2023-08-18 06:26:42,000 - INFO - ./models/as/batch-4/MultiRe_epoch-2
2023-08-18 06:26:42,000 - INFO - test seen
2023-08-18 06:27:21,588 - INFO - path_res_all: 11.26	17.97	20.53	24.95	30.48	1447
2023-08-18 06:27:21,588 - INFO - entity_res_all: 13.27	33.17	46.44	64.2	77.19	1447
2023-08-18 06:27:21,588 - INFO - path_res_one_jump: 15.59	23.39	24.16	24.25	25.02	1039
2023-08-18 06:27:21,588 - INFO - entity_res_one_jump: 18.29	44.27	59.48	76.8	86.14	1039
2023-08-18 06:27:21,588 - INFO - path_res_two_jump: 0.25	4.17	11.27	26.72	44.36	408
2023-08-18 06:27:21,588 - INFO - entity_res_two_jump: 0.49	4.9	13.24	32.11	54.41	408
2023-08-18 06:27:21,588 - INFO - precision: 0.13351877607788595, recall_macro: 0.0886401959622844, f1_macro: 0.08074544668088937, recall_micro: 0.13351877607788595, f1_micro: 0.13351877607788595
2023-08-18 06:27:21,590 - INFO - test unseen
2023-08-18 06:27:56,420 - INFO - path_res_all: 9.34	16.45	19.9	26.22	36.35	1392
2023-08-18 06:27:56,421 - INFO - entity_res_all: 12.21	38.0	53.52	71.91	86.06	1392
2023-08-18 06:27:56,421 - INFO - path_res_one_jump: 14.43	22.26	23.15	23.49	24.05	894
2023-08-18 06:27:56,421 - INFO - entity_res_one_jump: 17.79	54.03	72.82	90.38	95.19	894
2023-08-18 06:27:56,421 - INFO - path_res_two_jump: 0.2	6.02	14.06	31.12	58.43	498
2023-08-18 06:27:56,421 - INFO - entity_res_two_jump: 2.21	9.24	18.88	38.76	69.68	498
2023-08-18 06:27:56,421 - INFO - precision: 0.12265512265512266, recall_macro: 0.08249478499548764, f1_macro: 0.07493341231591383, recall_micro: 0.12265512265512266, f1_micro: 0.12265512265512266
2023-08-18 06:27:56,422 - INFO - 
2023-08-18 06:27:56,422 - INFO - ./models/as/batch-4/MultiRe_epoch-4
2023-08-18 06:27:56,422 - INFO - test seen
2023-08-18 06:28:30,915 - INFO - path_res_all: 11.68	20.39	24.95	33.79	42.92	1447
2023-08-18 06:28:30,915 - INFO - entity_res_all: 12.65	25.43	32.07	44.92	57.43	1447
2023-08-18 06:28:30,915 - INFO - path_res_one_jump: 15.98	26.76	31.47	38.69	46.1	1039
2023-08-18 06:28:30,915 - INFO - entity_res_one_jump: 17.23	33.49	41.0	53.22	64.2	1039
2023-08-18 06:28:30,915 - INFO - path_res_two_jump: 0.74	4.17	8.33	21.32	34.8	408
2023-08-18 06:28:30,915 - INFO - entity_res_two_jump: 0.98	4.9	9.31	23.77	40.2	408
2023-08-18 06:28:30,915 - INFO - precision: 0.12726008344923506, recall_macro: 0.08456023725195862, f1_macro: 0.07578443817295256, recall_micro: 0.12726008344923506, f1_micro: 0.12726008344923506
2023-08-18 06:28:30,916 - INFO - test unseen
2023-08-18 06:29:05,020 - INFO - path_res_all: 10.34	19.32	25.29	34.2	46.48	1392
2023-08-18 06:29:05,020 - INFO - entity_res_all: 13.07	39.01	52.95	70.04	86.28	1392
2023-08-18 06:29:05,020 - INFO - path_res_one_jump: 14.65	23.94	28.3	33.67	37.92	894
2023-08-18 06:29:05,020 - INFO - entity_res_one_jump: 18.23	52.91	69.02	86.47	94.85	894
2023-08-18 06:29:05,020 - INFO - path_res_two_jump: 2.61	11.04	19.88	35.14	61.85	498
2023-08-18 06:29:05,020 - INFO - entity_res_two_jump: 3.82	14.06	24.1	40.56	70.88	498
2023-08-18 06:29:05,020 - INFO - precision: 0.13131313131313133, recall_macro: 0.0943041166832459, f1_macro: 0.08851286513951744, recall_micro: 0.13131313131313133, f1_micro: 0.13131313131313133
2023-08-18 06:29:05,021 - INFO - 
2023-08-18 06:29:05,021 - INFO - ./models/as/batch-4/MultiRe_epoch-6
2023-08-18 06:29:05,021 - INFO - test seen
2023-08-18 06:29:43,646 - INFO - path_res_all: 15.55	26.47	32.07	41.67	50.86	1447
2023-08-18 06:29:43,646 - INFO - entity_res_all: 17.62	35.45	45.34	60.95	75.12	1447
2023-08-18 06:29:43,646 - INFO - path_res_one_jump: 21.37	34.07	38.98	46.87	52.84	1039
2023-08-18 06:29:43,646 - INFO - entity_res_one_jump: 23.97	46.2	56.69	72.38	83.25	1039
2023-08-18 06:29:43,647 - INFO - path_res_two_jump: 0.74	7.11	14.46	28.43	45.83	408
2023-08-18 06:29:43,647 - INFO - entity_res_two_jump: 1.47	8.09	16.42	31.86	54.41	408
2023-08-18 06:29:43,647 - INFO - precision: 0.17732962447844228, recall_macro: 0.12686218730372334, f1_macro: 0.11570207864153512, recall_micro: 0.17732962447844228, f1_micro: 0.17732962447844228
2023-08-18 06:29:43,647 - INFO - test unseen
2023-08-18 06:30:19,319 - INFO - path_res_all: 7.83	15.01	20.19	27.37	37.64	1392
2023-08-18 06:30:19,319 - INFO - entity_res_all: 9.34	33.12	46.7	62.43	76.87	1392
2023-08-18 06:30:19,319 - INFO - path_res_one_jump: 11.86	19.46	23.49	26.62	29.08	894
2023-08-18 06:30:19,319 - INFO - entity_res_one_jump: 13.65	46.31	62.86	78.19	84.79	894
2023-08-18 06:30:19,319 - INFO - path_res_two_jump: 0.6	7.03	14.26	28.71	53.01	498
2023-08-18 06:30:19,319 - INFO - entity_res_two_jump: 1.61	9.44	17.67	34.14	62.65	498
2023-08-18 06:30:19,319 - INFO - precision: 0.09379509379509379, recall_macro: 0.07282260288900468, f1_macro: 0.06487177532011762, recall_micro: 0.09379509379509379, f1_micro: 0.09379509379509379
2023-08-18 06:30:19,320 - INFO - 
2023-08-18 06:30:19,320 - INFO - ./models/as/batch-4/MultiRe_epoch-8
2023-08-18 06:30:19,320 - INFO - test seen
2023-08-18 06:30:56,675 - INFO - path_res_all: 16.24	29.03	34.42	43.61	51.28	1447
2023-08-18 06:30:56,675 - INFO - entity_res_all: 17.07	34.35	42.29	54.87	65.65	1447
2023-08-18 06:30:56,675 - INFO - path_res_one_jump: 21.85	36.48	41.58	50.24	55.73	1039
2023-08-18 06:30:56,675 - INFO - entity_res_one_jump: 22.81	43.31	51.4	64.1	72.47	1039
2023-08-18 06:30:56,675 - INFO - path_res_two_jump: 1.96	10.05	16.18	26.72	39.95	408
2023-08-18 06:30:56,675 - INFO - entity_res_two_jump: 2.45	11.52	19.12	31.37	48.28	408
2023-08-18 06:30:56,675 - INFO - precision: 0.1717663421418637, recall_macro: 0.11339182699848098, f1_macro: 0.10517481298544312, recall_micro: 0.1717663421418637, f1_micro: 0.1717663421418637
2023-08-18 06:30:56,676 - INFO - test unseen
2023-08-18 06:31:35,649 - INFO - path_res_all: 10.27	18.53	24.21	32.76	45.76	1392
2023-08-18 06:31:35,649 - INFO - entity_res_all: 12.0	34.41	48.06	66.02	84.12	1392
2023-08-18 06:31:35,649 - INFO - path_res_one_jump: 15.66	25.06	30.2	35.46	39.37	894
2023-08-18 06:31:35,649 - INFO - entity_res_one_jump: 17.56	48.43	65.32	83.89	92.95	894
2023-08-18 06:31:35,649 - INFO - path_res_two_jump: 0.6	6.83	13.45	27.91	57.23	498
2023-08-18 06:31:35,649 - INFO - entity_res_two_jump: 2.01	9.24	17.07	33.94	68.27	498
2023-08-18 06:31:35,649 - INFO - precision: 0.1204906204906205, recall_macro: 0.09351001078217254, f1_macro: 0.08514226481683702, recall_micro: 0.1204906204906205, f1_micro: 0.1204906204906205
2023-08-18 06:31:35,650 - INFO - 
2023-08-18 06:31:35,650 - INFO - ./models/as/batch-4/MultiRe_epoch-10
2023-08-18 06:31:35,651 - INFO - test seen
2023-08-18 06:32:13,523 - INFO - path_res_all: 17.42	32.62	40.08	50.17	59.92	1447
2023-08-18 06:32:13,524 - INFO - entity_res_all: 18.31	37.66	47.89	60.95	73.6	1447
2023-08-18 06:32:13,524 - INFO - path_res_one_jump: 22.91	40.81	48.51	58.04	66.22	1039
2023-08-18 06:32:13,524 - INFO - entity_res_one_jump: 23.97	47.26	58.33	71.03	81.62	1039
2023-08-18 06:32:13,524 - INFO - path_res_two_jump: 3.43	11.76	18.63	30.15	43.87	408
2023-08-18 06:32:13,524 - INFO - entity_res_two_jump: 3.92	13.24	21.32	35.29	53.19	408
2023-08-18 06:32:13,524 - INFO - precision: 0.18428372739916551, recall_macro: 0.13289727001911875, f1_macro: 0.12119572819772274, recall_micro: 0.18428372739916551, f1_micro: 0.18428372739916554
2023-08-18 06:32:13,524 - INFO - test unseen
2023-08-18 06:32:47,586 - INFO - path_res_all: 9.34	18.32	25.5	34.48	47.13	1392
2023-08-18 06:32:47,586 - INFO - entity_res_all: 10.42	34.91	51.01	67.96	85.42	1392
2023-08-18 06:32:47,586 - INFO - path_res_one_jump: 13.87	24.83	29.75	35.23	39.37	894
2023-08-18 06:32:47,586 - INFO - entity_res_one_jump: 15.1	49.89	67.9	83.89	93.18	894
2023-08-18 06:32:47,586 - INFO - path_res_two_jump: 1.2	6.63	17.87	33.13	61.04	498
2023-08-18 06:32:47,586 - INFO - entity_res_two_jump: 2.01	8.03	20.68	39.36	71.49	498
2023-08-18 06:32:47,586 - INFO - precision: 0.10461760461760462, recall_macro: 0.07800054941895548, f1_macro: 0.06797574483622149, recall_micro: 0.10461760461760462, f1_micro: 0.10461760461760462
2023-08-18 06:32:47,587 - INFO - 
2023-08-18 06:32:47,588 - INFO - ./models/as/batch-4/MultiRe_epoch-12
2023-08-18 06:32:47,588 - INFO - test seen
2023-08-18 06:33:23,335 - INFO - path_res_all: 15.62	28.06	35.18	44.92	52.66	1447
2023-08-18 06:33:23,335 - INFO - entity_res_all: 16.66	32.96	42.85	55.49	66.55	1447
2023-08-18 06:33:23,335 - INFO - path_res_one_jump: 20.98	36.38	43.41	51.78	57.94	1039
2023-08-18 06:33:23,335 - INFO - entity_res_one_jump: 22.23	42.54	53.03	65.06	74.11	1039
2023-08-18 06:33:23,335 - INFO - path_res_two_jump: 1.96	6.86	14.22	27.45	39.22	408
2023-08-18 06:33:23,335 - INFO - entity_res_two_jump: 2.45	8.58	16.91	31.13	47.3	408
2023-08-18 06:33:23,335 - INFO - precision: 0.16759388038942977, recall_macro: 0.11959616764739801, f1_macro: 0.10655319981040566, recall_micro: 0.16759388038942977, f1_micro: 0.16759388038942977
2023-08-18 06:33:23,336 - INFO - test unseen
2023-08-18 06:33:57,826 - INFO - path_res_all: 9.12	19.04	25.0	33.48	44.76	1392
2023-08-18 06:33:57,827 - INFO - entity_res_all: 10.42	36.57	50.93	69.04	83.62	1392
2023-08-18 06:33:57,827 - INFO - path_res_one_jump: 13.42	23.83	28.97	33.78	37.36	894
2023-08-18 06:33:57,827 - INFO - entity_res_one_jump: 14.99	50.0	67.56	85.68	92.62	894
2023-08-18 06:33:57,827 - INFO - path_res_two_jump: 1.41	10.44	17.87	32.93	58.03	498
2023-08-18 06:33:57,827 - INFO - entity_res_two_jump: 2.21	12.45	21.08	39.16	67.47	498
2023-08-18 06:33:57,827 - INFO - precision: 0.10461760461760462, recall_macro: 0.08579964127433237, f1_macro: 0.07481668120184641, recall_micro: 0.10461760461760462, f1_micro: 0.10461760461760462
2023-08-18 06:33:57,827 - INFO - 
2023-08-18 06:33:57,828 - INFO - ./models/as/batch-4/MultiRe_epoch-14
2023-08-18 06:33:57,828 - INFO - test seen
2023-08-18 06:34:34,947 - INFO - path_res_all: 17.97	32.0	41.33	52.32	62.13	1447
2023-08-18 06:34:34,948 - INFO - entity_res_all: 19.56	37.8	49.76	63.51	76.16	1447
2023-08-18 06:34:34,948 - INFO - path_res_one_jump: 23.68	40.33	49.28	59.96	67.08	1039
2023-08-18 06:34:34,948 - INFO - entity_res_one_jump: 25.6	47.45	59.48	73.44	82.77	1039
2023-08-18 06:34:34,948 - INFO - path_res_two_jump: 3.43	10.78	21.08	32.84	49.51	408
2023-08-18 06:34:34,948 - INFO - entity_res_two_jump: 4.17	13.24	25.0	38.24	59.31	408
2023-08-18 06:34:34,948 - INFO - precision: 0.19680111265646733, recall_macro: 0.14242319618682028, f1_macro: 0.1265955285534464, recall_micro: 0.19680111265646733, f1_micro: 0.19680111265646735
2023-08-18 06:34:34,949 - INFO - test unseen
2023-08-18 06:35:11,886 - INFO - path_res_all: 8.91	17.67	23.99	33.26	44.47	1392
2023-08-18 06:35:11,886 - INFO - entity_res_all: 11.06	35.27	50.65	69.32	83.76	1392
2023-08-18 06:35:11,886 - INFO - path_res_one_jump: 13.2	22.37	27.74	33.0	37.36	894
2023-08-18 06:35:11,887 - INFO - entity_res_one_jump: 15.77	47.87	66.89	85.01	92.95	894
2023-08-18 06:35:11,887 - INFO - path_res_two_jump: 1.2	9.24	17.27	33.73	57.23	498
2023-08-18 06:35:11,887 - INFO - entity_res_two_jump: 2.61	12.65	21.49	41.16	67.27	498
2023-08-18 06:35:11,887 - INFO - precision: 0.1111111111111111, recall_macro: 0.08092483701615309, f1_macro: 0.07424525393950746, recall_micro: 0.1111111111111111, f1_micro: 0.1111111111111111
2023-08-18 06:35:11,887 - INFO - 
2023-08-18 06:35:11,888 - INFO - ./models/as/batch-4/MultiRe_epoch-16
2023-08-18 06:35:11,888 - INFO - test seen
2023-08-18 06:35:54,380 - INFO - path_res_all: 18.04	33.24	41.74	52.73	62.2	1447
2023-08-18 06:35:54,380 - INFO - entity_res_all: 19.42	38.84	49.76	63.37	75.81	1447
2023-08-18 06:35:54,380 - INFO - path_res_one_jump: 23.77	41.58	50.05	59.96	67.18	1039
2023-08-18 06:35:54,380 - INFO - entity_res_one_jump: 25.51	48.41	59.87	72.95	82.96	1039
2023-08-18 06:35:54,380 - INFO - path_res_two_jump: 3.43	12.01	20.59	34.31	49.51	408
2023-08-18 06:35:54,380 - INFO - entity_res_two_jump: 3.92	14.46	24.02	38.97	57.6	408
2023-08-18 06:35:54,380 - INFO - precision: 0.19541029207232266, recall_macro: 0.14754494461458115, f1_macro: 0.13121045494488862, recall_micro: 0.19541029207232266, f1_micro: 0.19541029207232266
2023-08-18 06:35:54,381 - INFO - test unseen
2023-08-18 06:36:31,880 - INFO - path_res_all: 8.76	17.1	24.07	32.47	43.46	1392
2023-08-18 06:36:31,880 - INFO - entity_res_all: 9.91	34.12	48.56	66.52	81.82	1392
2023-08-18 06:36:31,880 - INFO - path_res_one_jump: 12.64	21.81	27.74	32.1	37.36	894
2023-08-18 06:36:31,880 - INFO - entity_res_one_jump: 13.98	46.98	63.65	81.54	91.28	894
2023-08-18 06:36:31,881 - INFO - path_res_two_jump: 1.81	8.63	17.47	33.13	54.42	498
2023-08-18 06:36:31,881 - INFO - entity_res_two_jump: 2.61	11.04	21.49	39.56	64.86	498
2023-08-18 06:36:31,881 - INFO - precision: 0.09956709956709957, recall_macro: 0.06772422691444464, f1_macro: 0.06295559532965046, recall_micro: 0.09956709956709957, f1_micro: 0.09956709956709957
2023-08-18 06:36:31,881 - INFO - 
2023-08-18 06:36:31,882 - INFO - ./models/as/batch-4/MultiRe_epoch-18
2023-08-18 06:36:31,882 - INFO - test seen
2023-08-18 06:37:11,707 - INFO - path_res_all: 17.35	32.27	40.7	51.21	59.92	1447
2023-08-18 06:37:11,707 - INFO - entity_res_all: 18.87	38.7	49.41	62.27	74.71	1447
2023-08-18 06:37:11,707 - INFO - path_res_one_jump: 23.2	39.94	48.41	58.71	65.64	1039
2023-08-18 06:37:11,707 - INFO - entity_res_one_jump: 25.12	47.93	59.29	72.28	82.19	1039
2023-08-18 06:37:11,707 - INFO - path_res_two_jump: 2.45	12.75	21.08	32.11	45.34	408
2023-08-18 06:37:11,707 - INFO - entity_res_two_jump: 2.94	15.2	24.26	36.76	55.64	408
2023-08-18 06:37:11,707 - INFO - precision: 0.1898470097357441, recall_macro: 0.13480273553713185, f1_macro: 0.12089610115224879, recall_micro: 0.1898470097357441, f1_micro: 0.1898470097357441
2023-08-18 06:37:11,708 - INFO - test unseen
2023-08-18 06:37:47,073 - INFO - path_res_all: 8.84	17.17	23.92	32.61	43.82	1392
2023-08-18 06:37:47,073 - INFO - entity_res_all: 10.34	35.34	49.35	66.81	82.18	1392
2023-08-18 06:37:47,073 - INFO - path_res_one_jump: 12.64	22.15	27.07	32.21	37.02	894
2023-08-18 06:37:47,073 - INFO - entity_res_one_jump: 14.43	48.55	64.21	81.77	91.39	894
2023-08-18 06:37:47,073 - INFO - path_res_two_jump: 2.01	8.23	18.27	33.33	56.02	498
2023-08-18 06:37:47,074 - INFO - entity_res_two_jump: 3.01	11.65	22.69	39.96	65.66	498
2023-08-18 06:37:47,074 - INFO - precision: 0.1038961038961039, recall_macro: 0.07761896232571605, f1_macro: 0.06887628249945771, recall_micro: 0.1038961038961039, f1_micro: 0.1038961038961039
2023-08-18 06:37:47,074 - INFO - 
2023-08-18 06:37:47,075 - INFO - ./models/as/batch-4/MultiRe_epoch-20
2023-08-18 06:37:47,075 - INFO - test seen
2023-08-18 06:38:26,027 - INFO - path_res_all: 18.24	32.83	41.05	51.62	61.51	1447
2023-08-18 06:38:26,027 - INFO - entity_res_all: 19.42	38.77	49.14	62.34	75.12	1447
2023-08-18 06:38:26,027 - INFO - path_res_one_jump: 23.77	41.29	48.89	59.29	66.89	1039
2023-08-18 06:38:26,027 - INFO - entity_res_one_jump: 25.12	48.32	58.61	72.28	82.48	1039
2023-08-18 06:38:26,027 - INFO - path_res_two_jump: 4.17	11.27	21.08	32.11	47.79	408
2023-08-18 06:38:26,027 - INFO - entity_res_two_jump: 4.9	14.46	25.0	37.01	56.37	408
2023-08-18 06:38:26,027 - INFO - precision: 0.19541029207232266, recall_macro: 0.139024084218605, f1_macro: 0.13066995102033432, recall_micro: 0.19541029207232266, f1_micro: 0.19541029207232266
2023-08-18 06:38:26,028 - INFO - test unseen
2023-08-18 06:39:02,393 - INFO - path_res_all: 8.33	15.8	22.56	32.26	43.18	1392
2023-08-18 06:39:02,394 - INFO - entity_res_all: 9.84	33.41	47.13	65.37	80.32	1392
2023-08-18 06:39:02,394 - INFO - path_res_one_jump: 12.08	20.25	25.62	31.88	36.8	894
2023-08-18 06:39:02,394 - INFO - entity_res_one_jump: 14.09	46.09	61.86	79.53	89.26	894
2023-08-18 06:39:02,394 - INFO - path_res_two_jump: 1.61	7.83	17.07	32.93	54.62	498
2023-08-18 06:39:02,394 - INFO - entity_res_two_jump: 2.21	10.64	20.68	39.96	64.26	498
2023-08-18 06:39:02,394 - INFO - precision: 0.09884559884559885, recall_macro: 0.07346865238190461, f1_macro: 0.06846781101199086, recall_micro: 0.09884559884559885, f1_micro: 0.09884559884559885
2023-08-18 06:39:02,395 - INFO - 
