2023-08-18 06:12:29,601 - INFO - ./models/as/batch-4/MultiRe_epoch-2
2023-08-18 06:12:29,601 - INFO - test seen
2023-08-18 06:13:11,236 - INFO - path_res_all: 11.26	18.04	21.29	25.71	31.03	1447
2023-08-18 06:13:11,236 - INFO - entity_res_all: 13.06	32.48	46.58	65.31	78.16	1447
2023-08-18 06:13:11,236 - INFO - path_res_one_jump: 15.69	23.68	24.45	24.45	25.31	1039
2023-08-18 06:13:11,236 - INFO - entity_res_one_jump: 18.09	43.6	58.71	77.48	86.43	1039
2023-08-18 06:13:11,237 - INFO - path_res_two_jump: 0.0	3.68	13.24	28.92	45.59	408
2023-08-18 06:13:11,237 - INFO - entity_res_two_jump: 0.25	4.17	15.69	34.31	57.11	408
2023-08-18 06:13:11,237 - INFO - precision: 0.13143254520166897, recall_macro: 0.08245805819068174, f1_macro: 0.07754628341830111, recall_micro: 0.13143254520166897, f1_micro: 0.13143254520166897
2023-08-18 06:13:11,238 - INFO - test unseen
2023-08-18 06:13:46,809 - INFO - path_res_all: 9.05	15.95	20.04	26.8	36.85	1392
2023-08-18 06:13:46,809 - INFO - entity_res_all: 11.57	37.36	53.59	73.28	87.21	1392
2023-08-18 06:13:46,809 - INFO - path_res_one_jump: 14.09	21.59	22.82	23.04	23.71	894
2023-08-18 06:13:46,809 - INFO - entity_res_one_jump: 16.89	53.13	72.6	91.05	95.41	894
2023-08-18 06:13:46,809 - INFO - path_res_two_jump: 0.0	5.82	15.06	33.53	60.44	498
2023-08-18 06:13:46,809 - INFO - entity_res_two_jump: 2.01	9.04	19.48	41.37	72.49	498
2023-08-18 06:13:46,809 - INFO - precision: 0.11616161616161616, recall_macro: 0.08025089007069794, f1_macro: 0.07517814694340684, recall_micro: 0.11616161616161616, f1_micro: 0.11616161616161616
2023-08-18 06:13:46,810 - INFO - 
2023-08-18 06:13:46,810 - INFO - ./models/as/batch-4/MultiRe_epoch-4
2023-08-18 06:13:46,810 - INFO - test seen
2023-08-18 06:14:23,397 - INFO - path_res_all: 11.47	20.04	25.85	34.21	43.19	1447
2023-08-18 06:14:23,397 - INFO - entity_res_all: 12.16	24.33	32.69	44.71	57.22	1447
2023-08-18 06:14:23,397 - INFO - path_res_one_jump: 15.78	26.28	31.86	39.17	46.87	1039
2023-08-18 06:14:23,397 - INFO - entity_res_one_jump: 16.65	32.05	40.81	52.36	63.52	1039
2023-08-18 06:14:23,397 - INFO - path_res_two_jump: 0.49	4.17	10.54	21.57	33.82	408
2023-08-18 06:14:23,397 - INFO - entity_res_two_jump: 0.74	4.66	12.01	25.25	41.18	408
2023-08-18 06:14:23,397 - INFO - precision: 0.12239221140472879, recall_macro: 0.07983260447304744, f1_macro: 0.07142171550571415, recall_micro: 0.12239221140472879, f1_micro: 0.12239221140472879
2023-08-18 06:14:23,398 - INFO - test unseen
2023-08-18 06:14:59,297 - INFO - path_res_all: 9.55	17.82	24.07	34.27	47.27	1392
2023-08-18 06:14:59,297 - INFO - entity_res_all: 12.07	37.86	52.87	71.19	88.29	1392
2023-08-18 06:14:59,297 - INFO - path_res_one_jump: 13.76	22.26	26.96	31.77	36.8	894
2023-08-18 06:14:59,297 - INFO - entity_res_one_jump: 17.11	51.79	69.24	85.68	94.97	894
2023-08-18 06:14:59,297 - INFO - path_res_two_jump: 2.01	9.84	18.88	38.76	66.06	498
2023-08-18 06:14:59,297 - INFO - entity_res_two_jump: 3.01	12.85	23.49	45.18	76.31	498
2023-08-18 06:14:59,297 - INFO - precision: 0.12121212121212122, recall_macro: 0.0951690353039924, f1_macro: 0.08477920788082054, recall_micro: 0.12121212121212122, f1_micro: 0.12121212121212122
2023-08-18 06:14:59,298 - INFO - 
2023-08-18 06:14:59,298 - INFO - ./models/as/batch-4/MultiRe_epoch-6
2023-08-18 06:14:59,298 - INFO - test seen
2023-08-18 06:15:37,380 - INFO - path_res_all: 15.69	27.37	32.9	40.91	50.52	1447
2023-08-18 06:15:37,380 - INFO - entity_res_all: 17.62	36.83	46.72	60.12	75.12	1447
2023-08-18 06:15:37,380 - INFO - path_res_one_jump: 21.46	35.03	39.75	46.01	52.17	1039
2023-08-18 06:15:37,380 - INFO - entity_res_one_jump: 23.87	47.83	58.23	71.32	82.68	1039
2023-08-18 06:15:37,380 - INFO - path_res_two_jump: 0.98	7.84	15.44	27.94	46.32	408
2023-08-18 06:15:37,380 - INFO - entity_res_two_jump: 1.72	8.82	17.4	31.62	55.88	408
2023-08-18 06:15:37,380 - INFO - precision: 0.17732962447844228, recall_macro: 0.11657709898023387, f1_macro: 0.11069581680295236, recall_micro: 0.17732962447844228, f1_micro: 0.17732962447844228
2023-08-18 06:15:37,382 - INFO - test unseen
2023-08-18 06:16:13,119 - INFO - path_res_all: 6.82	14.01	19.11	26.29	37.57	1392
2023-08-18 06:16:13,119 - INFO - entity_res_all: 8.41	33.26	47.49	62.57	77.95	1392
2023-08-18 06:16:13,119 - INFO - path_res_one_jump: 10.51	17.9	21.25	23.94	26.85	894
2023-08-18 06:16:13,119 - INFO - entity_res_one_jump: 12.42	46.2	63.53	77.18	84.34	894
2023-08-18 06:16:13,119 - INFO - path_res_two_jump: 0.2	7.03	15.26	30.52	56.83	498
2023-08-18 06:16:13,119 - INFO - entity_res_two_jump: 1.2	10.04	18.67	36.35	66.47	498
2023-08-18 06:16:13,119 - INFO - precision: 0.08441558441558442, recall_macro: 0.07405970277298776, f1_macro: 0.0656953280604589, recall_micro: 0.08441558441558442, f1_micro: 0.08441558441558442
2023-08-18 06:16:13,120 - INFO - 
2023-08-18 06:16:13,120 - INFO - ./models/as/batch-4/MultiRe_epoch-8
2023-08-18 06:16:13,120 - INFO - test seen
2023-08-18 06:16:50,450 - INFO - path_res_all: 16.03	28.13	34.97	43.75	51.14	1447
2023-08-18 06:16:50,451 - INFO - entity_res_all: 16.86	32.9	41.67	54.04	65.17	1447
2023-08-18 06:16:50,451 - INFO - path_res_one_jump: 21.56	35.42	41.58	49.57	54.48	1039
2023-08-18 06:16:50,451 - INFO - entity_res_one_jump: 22.43	41.29	49.76	62.27	70.64	1039
2023-08-18 06:16:50,451 - INFO - path_res_two_jump: 1.96	9.56	18.14	28.92	42.65	408
2023-08-18 06:16:50,451 - INFO - entity_res_two_jump: 2.7	11.52	21.08	33.09	51.23	408
2023-08-18 06:16:50,451 - INFO - precision: 0.16968011126564672, recall_macro: 0.11618503748900648, f1_macro: 0.10566997727881908, recall_micro: 0.16968011126564672, f1_micro: 0.16968011126564672
2023-08-18 06:16:50,452 - INFO - test unseen
2023-08-18 06:17:25,244 - INFO - path_res_all: 10.06	18.32	23.35	33.48	46.41	1392
2023-08-18 06:17:25,245 - INFO - entity_res_all: 11.64	34.63	47.92	67.96	85.7	1392
2023-08-18 06:17:25,245 - INFO - path_res_one_jump: 15.32	24.5	28.86	34.68	38.93	894
2023-08-18 06:17:25,245 - INFO - entity_res_one_jump: 17.0	48.66	64.99	84.45	93.51	894
2023-08-18 06:17:25,245 - INFO - path_res_two_jump: 0.6	7.23	13.45	31.33	59.84	498
2023-08-18 06:17:25,245 - INFO - entity_res_two_jump: 2.01	9.44	17.27	38.35	71.69	498
2023-08-18 06:17:25,245 - INFO - precision: 0.11688311688311688, recall_macro: 0.09879156300586489, f1_macro: 0.08744201131176613, recall_micro: 0.11688311688311688, f1_micro: 0.11688311688311688
2023-08-18 06:17:25,245 - INFO - 
2023-08-18 06:17:25,246 - INFO - ./models/as/batch-4/MultiRe_epoch-10
2023-08-18 06:17:25,246 - INFO - test seen
2023-08-18 06:18:03,579 - INFO - path_res_all: 17.21	32.41	41.12	50.66	60.33	1447
2023-08-18 06:18:03,580 - INFO - entity_res_all: 17.97	37.6	48.24	60.88	73.12	1447
2023-08-18 06:18:03,580 - INFO - path_res_one_jump: 22.71	40.9	49.18	58.23	66.22	1039
2023-08-18 06:18:03,580 - INFO - entity_res_one_jump: 23.68	47.16	57.65	70.16	80.37	1039
2023-08-18 06:18:03,580 - INFO - path_res_two_jump: 3.19	10.78	20.59	31.37	45.34	408
2023-08-18 06:18:03,580 - INFO - entity_res_two_jump: 3.43	13.24	24.26	37.25	54.66	408
2023-08-18 06:18:03,580 - INFO - precision: 0.1808066759388039, recall_macro: 0.12078742381049963, f1_macro: 0.11230423359200013, recall_micro: 0.1808066759388039, f1_micro: 0.1808066759388039
2023-08-18 06:18:03,581 - INFO - test unseen
2023-08-18 06:18:39,713 - INFO - path_res_all: 9.2	17.96	24.71	35.63	48.06	1392
2023-08-18 06:18:39,714 - INFO - entity_res_all: 10.49	35.06	50.79	69.76	86.57	1392
2023-08-18 06:18:39,714 - INFO - path_res_one_jump: 13.53	23.71	28.64	34.9	38.14	894
2023-08-18 06:18:39,714 - INFO - entity_res_one_jump: 15.1	49.55	67.79	85.01	93.29	894
2023-08-18 06:18:39,714 - INFO - path_res_two_jump: 1.41	7.63	17.67	36.95	65.86	498
2023-08-18 06:18:39,714 - INFO - entity_res_two_jump: 2.21	9.04	20.28	42.37	74.5	498
2023-08-18 06:18:39,714 - INFO - precision: 0.10533910533910534, recall_macro: 0.07951783259603674, f1_macro: 0.06926809013922278, recall_micro: 0.10533910533910534, f1_micro: 0.10533910533910536
2023-08-18 06:18:39,715 - INFO - 
2023-08-18 06:18:39,715 - INFO - ./models/as/batch-4/MultiRe_epoch-12
2023-08-18 06:18:39,715 - INFO - test seen
2023-08-18 06:19:17,329 - INFO - path_res_all: 15.55	28.06	35.38	45.27	53.14	1447
2023-08-18 06:19:17,329 - INFO - entity_res_all: 16.59	32.2	42.16	54.53	65.38	1447
2023-08-18 06:19:17,329 - INFO - path_res_one_jump: 21.17	36.67	43.98	52.45	58.33	1039
2023-08-18 06:19:17,329 - INFO - entity_res_one_jump: 22.43	42.16	52.55	64.0	72.76	1039
2023-08-18 06:19:17,329 - INFO - path_res_two_jump: 1.23	6.13	13.48	26.96	39.95	408
2023-08-18 06:19:17,329 - INFO - entity_res_two_jump: 1.72	6.86	15.69	30.39	46.57	408
2023-08-18 06:19:17,329 - INFO - precision: 0.16689847009735745, recall_macro: 0.11177949380544797, f1_macro: 0.1041566950560481, recall_micro: 0.16689847009735745, f1_micro: 0.16689847009735745
2023-08-18 06:19:17,330 - INFO - test unseen
2023-08-18 06:19:54,196 - INFO - path_res_all: 8.19	17.31	23.85	32.76	45.19	1392
2023-08-18 06:19:54,197 - INFO - entity_res_all: 9.55	35.63	51.87	69.68	85.56	1392
2023-08-18 06:19:54,197 - INFO - path_res_one_jump: 11.97	22.26	26.96	31.66	35.46	894
2023-08-18 06:19:54,197 - INFO - entity_res_one_jump: 13.76	49.78	68.46	85.46	92.39	894
2023-08-18 06:19:54,197 - INFO - path_res_two_jump: 1.41	8.43	18.27	34.74	62.65	498
2023-08-18 06:19:54,197 - INFO - entity_res_two_jump: 2.01	10.24	22.09	41.37	73.29	498
2023-08-18 06:19:54,197 - INFO - precision: 0.09595959595959595, recall_macro: 0.07173580579909024, f1_macro: 0.06384141145419395, recall_micro: 0.09595959595959595, f1_micro: 0.09595959595959595
2023-08-18 06:19:54,197 - INFO - 
2023-08-18 06:19:54,198 - INFO - ./models/as/batch-4/MultiRe_epoch-14
2023-08-18 06:19:54,198 - INFO - test seen
2023-08-18 06:20:34,112 - INFO - path_res_all: 17.48	32.2	40.64	52.66	62.13	1447
2023-08-18 06:20:34,112 - INFO - entity_res_all: 18.73	37.66	48.65	63.23	76.23	1447
2023-08-18 06:20:34,112 - INFO - path_res_one_jump: 23.39	41.19	49.37	59.77	67.18	1039
2023-08-18 06:20:34,112 - INFO - entity_res_one_jump: 24.83	47.83	59.1	72.38	82.68	1039
2023-08-18 06:20:34,112 - INFO - path_res_two_jump: 2.45	9.31	18.38	34.56	49.26	408
2023-08-18 06:20:34,112 - INFO - entity_res_two_jump: 3.19	11.76	22.06	39.95	59.8	408
2023-08-18 06:20:34,112 - INFO - precision: 0.18845618915159945, recall_macro: 0.1327126240132936, f1_macro: 0.12316248542131523, recall_micro: 0.18845618915159945, f1_micro: 0.18845618915159945
2023-08-18 06:20:34,113 - INFO - test unseen
2023-08-18 06:21:10,401 - INFO - path_res_all: 8.41	17.74	23.06	34.05	45.69	1392
2023-08-18 06:21:10,401 - INFO - entity_res_all: 10.42	35.63	49.28	69.9	85.27	1392
2023-08-18 06:21:10,401 - INFO - path_res_one_jump: 12.3	22.82	26.85	32.55	36.47	894
2023-08-18 06:21:10,402 - INFO - entity_res_one_jump: 14.77	48.99	65.55	84.56	92.62	894
2023-08-18 06:21:10,402 - INFO - path_res_two_jump: 1.41	8.63	16.27	36.75	62.25	498
2023-08-18 06:21:10,402 - INFO - entity_res_two_jump: 2.61	11.65	20.08	43.57	72.09	498
2023-08-18 06:21:10,402 - INFO - precision: 0.10461760461760462, recall_macro: 0.07923788385241312, f1_macro: 0.07211884402388619, recall_micro: 0.10461760461760462, f1_micro: 0.10461760461760462
2023-08-18 06:21:10,402 - INFO - 
2023-08-18 06:21:10,403 - INFO - ./models/as/batch-4/MultiRe_epoch-16
2023-08-18 06:21:10,403 - INFO - test seen
2023-08-18 06:21:50,307 - INFO - path_res_all: 17.21	33.1	42.23	53.35	62.75	1447
2023-08-18 06:21:50,307 - INFO - entity_res_all: 18.52	38.49	49.48	63.3	75.88	1447
2023-08-18 06:21:50,307 - INFO - path_res_one_jump: 22.81	41.48	50.14	60.73	67.85	1039
2023-08-18 06:21:50,307 - INFO - entity_res_one_jump: 24.16	47.93	58.9	72.57	82.68	1039
2023-08-18 06:21:50,307 - INFO - path_res_two_jump: 2.94	11.76	22.06	34.56	49.75	408
2023-08-18 06:21:50,307 - INFO - entity_res_two_jump: 4.17	14.46	25.49	39.71	58.58	408
2023-08-18 06:21:50,307 - INFO - precision: 0.18636995827538247, recall_macro: 0.1307019663983938, f1_macro: 0.11897499918148952, recall_micro: 0.18636995827538247, f1_micro: 0.18636995827538247
2023-08-18 06:21:50,308 - INFO - test unseen
2023-08-18 06:22:26,624 - INFO - path_res_all: 7.9	16.67	22.84	32.26	44.4	1392
2023-08-18 06:22:26,625 - INFO - entity_res_all: 9.34	33.98	48.13	66.31	83.19	1392
2023-08-18 06:22:26,625 - INFO - path_res_one_jump: 11.41	21.25	25.95	31.32	36.24	894
2023-08-18 06:22:26,625 - INFO - entity_res_one_jump: 13.09	46.76	62.98	80.2	90.38	894
2023-08-18 06:22:26,625 - INFO - path_res_two_jump: 1.61	8.43	17.27	33.94	59.04	498
2023-08-18 06:22:26,625 - INFO - entity_res_two_jump: 2.61	11.04	21.49	41.37	70.28	498
2023-08-18 06:22:26,625 - INFO - precision: 0.09379509379509379, recall_macro: 0.07264255862449612, f1_macro: 0.064338806341672, recall_micro: 0.09379509379509379, f1_micro: 0.09379509379509379
2023-08-18 06:22:26,626 - INFO - 
2023-08-18 06:22:26,626 - INFO - ./models/as/batch-4/MultiRe_epoch-18
2023-08-18 06:22:26,626 - INFO - test seen
2023-08-18 06:23:05,214 - INFO - path_res_all: 17.48	32.62	40.84	51.42	61.44	1447
2023-08-18 06:23:05,214 - INFO - entity_res_all: 18.66	38.56	49.14	62.75	75.6	1447
2023-08-18 06:23:05,214 - INFO - path_res_one_jump: 22.62	40.52	48.22	57.84	66.12	1039
2023-08-18 06:23:05,214 - INFO - entity_res_one_jump: 24.06	47.83	58.33	71.41	82.39	1039
2023-08-18 06:23:05,214 - INFO - path_res_two_jump: 4.41	12.5	22.06	35.05	49.51	408
2023-08-18 06:23:05,214 - INFO - entity_res_two_jump: 4.9	14.95	25.74	40.69	58.33	408
2023-08-18 06:23:05,214 - INFO - precision: 0.18776077885952713, recall_macro: 0.13221083208544698, f1_macro: 0.11970030556879303, recall_micro: 0.18776077885952713, f1_micro: 0.18776077885952713
2023-08-18 06:23:05,215 - INFO - test unseen
2023-08-18 06:23:41,825 - INFO - path_res_all: 7.76	16.59	22.92	32.54	44.18	1392
2023-08-18 06:23:41,825 - INFO - entity_res_all: 9.48	34.41	48.56	67.53	83.69	1392
2023-08-18 06:23:41,825 - INFO - path_res_one_jump: 11.19	20.81	25.5	30.87	35.57	894
2023-08-18 06:23:41,825 - INFO - entity_res_one_jump: 13.31	46.98	62.98	80.98	91.16	894
2023-08-18 06:23:41,825 - INFO - path_res_two_jump: 1.61	9.04	18.27	35.54	59.64	498
2023-08-18 06:23:41,825 - INFO - entity_res_two_jump: 2.61	11.85	22.69	43.37	70.28	498
2023-08-18 06:23:41,825 - INFO - precision: 0.09523809523809523, recall_macro: 0.07203151651550123, f1_macro: 0.06289353289799854, recall_micro: 0.09523809523809523, f1_micro: 0.09523809523809523
2023-08-18 06:23:41,826 - INFO - 
2023-08-18 06:23:41,827 - INFO - ./models/as/batch-4/MultiRe_epoch-20
2023-08-18 06:23:41,827 - INFO - test seen
2023-08-18 06:24:21,083 - INFO - path_res_all: 18.11	33.31	41.6	52.94	62.4	1447
2023-08-18 06:24:21,083 - INFO - entity_res_all: 19.07	38.56	48.79	62.54	75.05	1447
2023-08-18 06:24:21,083 - INFO - path_res_one_jump: 23.39	41.67	49.47	59.87	68.05	1039
2023-08-18 06:24:21,083 - INFO - entity_res_one_jump: 24.25	47.74	57.94	71.41	82.19	1039
2023-08-18 06:24:21,083 - INFO - path_res_two_jump: 4.66	12.01	21.57	35.29	48.04	408
2023-08-18 06:24:21,083 - INFO - entity_res_two_jump: 5.88	15.2	25.49	39.95	56.86	408
2023-08-18 06:24:21,083 - INFO - precision: 0.19193324061196107, recall_macro: 0.1460639421405845, f1_macro: 0.13032276781236138, recall_micro: 0.19193324061196107, f1_micro: 0.19193324061196104
2023-08-18 06:24:21,084 - INFO - test unseen
2023-08-18 06:24:55,318 - INFO - path_res_all: 7.47	15.8	21.41	31.9	43.32	1392
2023-08-18 06:24:55,318 - INFO - entity_res_all: 9.05	33.05	46.98	66.38	82.4	1392
2023-08-18 06:24:55,318 - INFO - path_res_one_jump: 10.63	19.8	24.61	31.1	35.01	894
2023-08-18 06:24:55,318 - INFO - entity_res_one_jump: 12.42	45.3	61.97	80.65	89.6	894
2023-08-18 06:24:55,318 - INFO - path_res_two_jump: 1.81	8.63	15.66	33.33	58.23	498
2023-08-18 06:24:55,318 - INFO - entity_res_two_jump: 3.01	11.04	20.08	40.76	69.48	498
2023-08-18 06:24:55,318 - INFO - precision: 0.09090909090909091, recall_macro: 0.06608552240586421, f1_macro: 0.06311055172549146, recall_micro: 0.09090909090909091, f1_micro: 0.09090909090909091
2023-08-18 06:24:55,319 - INFO - 
