2023-08-18 06:42:34,551 - INFO - ./models/as/batch-4/MultiRe_epoch-2
2023-08-18 06:42:34,552 - INFO - test seen
2023-08-18 06:43:14,907 - INFO - path_res_all: 11.13	17.55	20.32	25.02	30.62	1447
2023-08-18 06:43:14,907 - INFO - entity_res_all: 13.48	33.1	47.2	65.38	79.54	1447
2023-08-18 06:43:14,907 - INFO - path_res_one_jump: 15.5	23.2	23.97	24.06	24.93	1039
2023-08-18 06:43:14,907 - INFO - entity_res_one_jump: 18.67	44.27	60.35	77.57	88.64	1039
2023-08-18 06:43:14,907 - INFO - path_res_two_jump: 0.0	3.19	11.03	27.45	45.1	408
2023-08-18 06:43:14,907 - INFO - entity_res_two_jump: 0.25	4.66	13.73	34.31	56.37	408
2023-08-18 06:43:14,907 - INFO - precision: 0.13476157567380787, recall_macro: 0.08925654941577901, f1_macro: 0.07794185033027459, recall_micro: 0.13476157567380787, f1_micro: 0.13476157567380787
2023-08-18 06:43:14,908 - INFO - test unseen
2023-08-18 06:43:50,933 - INFO - path_res_all: 8.91	15.45	19.18	25.14	35.13	1392
2023-08-18 06:43:50,933 - INFO - entity_res_all: 11.85	37.72	53.81	72.34	87.57	1392
2023-08-18 06:43:50,933 - INFO - path_res_one_jump: 13.76	21.14	22.15	22.26	23.04	894
2023-08-18 06:43:50,933 - INFO - entity_res_one_jump: 17.23	53.91	73.49	91.95	97.87	894
2023-08-18 06:43:50,934 - INFO - path_res_two_jump: 0.2	5.22	13.86	30.32	56.83	498
2023-08-18 06:43:50,934 - INFO - entity_res_two_jump: 2.21	8.63	18.47	37.15	69.08	498
2023-08-18 06:43:50,934 - INFO - precision: 0.11853448275862069, recall_macro: 0.08157587479069933, f1_macro: 0.07610690773647218, recall_micro: 0.11853448275862069, f1_micro: 0.11853448275862069
2023-08-18 06:43:50,934 - INFO - 
2023-08-18 06:43:50,935 - INFO - ./models/as/batch-4/MultiRe_epoch-4
2023-08-18 06:43:50,935 - INFO - test seen
2023-08-18 06:44:27,069 - INFO - path_res_all: 12.44	21.56	26.4	36.07	45.34	1447
2023-08-18 06:44:27,069 - INFO - entity_res_all: 13.13	26.61	33.17	47.34	60.12	1447
2023-08-18 06:44:27,069 - INFO - path_res_one_jump: 16.84	28.1	32.92	41.0	48.41	1039
2023-08-18 06:44:27,069 - INFO - entity_res_one_jump: 17.71	34.84	41.58	55.25	66.7	1039
2023-08-18 06:44:27,069 - INFO - path_res_two_jump: 1.23	4.9	9.8	23.53	37.5	408
2023-08-18 06:44:27,069 - INFO - entity_res_two_jump: 1.47	5.64	11.76	27.21	43.38	408
2023-08-18 06:44:27,069 - INFO - precision: 0.13130615065653076, recall_macro: 0.08336635887020447, f1_macro: 0.07884294224524782, recall_micro: 0.13130615065653076, f1_micro: 0.13130615065653076
2023-08-18 06:44:27,070 - INFO - test unseen
2023-08-18 06:45:03,102 - INFO - path_res_all: 10.7	19.25	25.36	34.77	48.35	1392
2023-08-18 06:45:03,102 - INFO - entity_res_all: 13.36	38.79	52.95	70.26	88.0	1392
2023-08-18 06:45:03,102 - INFO - path_res_one_jump: 15.55	24.05	28.75	34.79	40.16	894
2023-08-18 06:45:03,102 - INFO - entity_res_one_jump: 18.9	53.02	69.35	86.69	96.64	894
2023-08-18 06:45:03,102 - INFO - path_res_two_jump: 2.01	10.64	19.28	34.74	63.05	498
2023-08-18 06:45:03,102 - INFO - entity_res_two_jump: 3.41	13.25	23.49	40.76	72.49	498
2023-08-18 06:45:03,102 - INFO - precision: 0.1336206896551724, recall_macro: 0.09571686812971841, f1_macro: 0.08809002215945869, recall_micro: 0.1336206896551724, f1_micro: 0.1336206896551724
2023-08-18 06:45:03,103 - INFO - 
2023-08-18 06:45:03,103 - INFO - ./models/as/batch-4/MultiRe_epoch-6
2023-08-18 06:45:03,103 - INFO - test seen
2023-08-18 06:45:40,024 - INFO - path_res_all: 15.34	27.09	32.41	41.26	51.28	1447
2023-08-18 06:45:40,024 - INFO - entity_res_all: 17.14	36.97	46.72	61.37	76.71	1447
2023-08-18 06:45:40,024 - INFO - path_res_one_jump: 20.89	34.26	38.98	46.2	53.51	1039
2023-08-18 06:45:40,024 - INFO - entity_res_one_jump: 23.2	47.35	57.84	72.28	84.99	1039
2023-08-18 06:45:40,024 - INFO - path_res_two_jump: 1.23	8.82	15.69	28.68	45.59	408
2023-08-18 06:45:40,024 - INFO - entity_res_two_jump: 1.72	10.54	18.38	33.58	55.64	408
2023-08-18 06:45:40,024 - INFO - precision: 0.1713890808569454, recall_macro: 0.12162589967402801, f1_macro: 0.11039372465418973, recall_micro: 0.1713890808569454, f1_micro: 0.1713890808569454
2023-08-18 06:45:40,025 - INFO - test unseen
2023-08-18 06:46:15,746 - INFO - path_res_all: 7.04	15.09	19.04	25.5	37.21	1392
2023-08-18 06:46:15,746 - INFO - entity_res_all: 8.76	33.62	46.98	61.85	77.95	1392
2023-08-18 06:46:15,746 - INFO - path_res_one_jump: 10.85	19.13	22.04	25.28	28.41	894
2023-08-18 06:46:15,746 - INFO - entity_res_one_jump: 12.98	46.42	63.42	78.97	86.69	894
2023-08-18 06:46:15,746 - INFO - path_res_two_jump: 0.2	7.83	13.65	25.9	53.01	498
2023-08-18 06:46:15,746 - INFO - entity_res_two_jump: 1.2	10.64	17.47	31.12	62.25	498
2023-08-18 06:46:15,746 - INFO - precision: 0.08764367816091954, recall_macro: 0.06440069866329914, f1_macro: 0.060234080573538344, recall_micro: 0.08764367816091954, f1_micro: 0.08764367816091954
2023-08-18 06:46:15,747 - INFO - 
2023-08-18 06:46:15,748 - INFO - ./models/as/batch-4/MultiRe_epoch-8
2023-08-18 06:46:15,748 - INFO - test seen
2023-08-18 06:46:52,174 - INFO - path_res_all: 16.66	28.96	34.9	43.81	50.79	1447
2023-08-18 06:46:52,175 - INFO - entity_res_all: 17.62	33.66	42.16	55.98	66.83	1447
2023-08-18 06:46:52,175 - INFO - path_res_one_jump: 22.14	36.28	41.58	49.28	54.48	1039
2023-08-18 06:46:52,175 - INFO - entity_res_one_jump: 23.0	41.96	50.24	64.49	73.34	1039
2023-08-18 06:46:52,175 - INFO - path_res_two_jump: 2.7	10.29	17.89	29.9	41.42	408
2023-08-18 06:46:52,175 - INFO - entity_res_two_jump: 3.92	12.5	21.57	34.31	50.25	408
2023-08-18 06:46:52,175 - INFO - precision: 0.1762266758811334, recall_macro: 0.11542691354057737, f1_macro: 0.10653848254626962, recall_micro: 0.1762266758811334, f1_micro: 0.1762266758811334
2023-08-18 06:46:52,176 - INFO - test unseen
2023-08-18 06:47:28,183 - INFO - path_res_all: 10.85	18.68	24.21	32.61	46.62	1392
2023-08-18 06:47:28,183 - INFO - entity_res_all: 12.64	33.84	48.35	65.88	85.06	1392
2023-08-18 06:47:28,183 - INFO - path_res_one_jump: 16.44	25.62	30.43	36.02	40.83	894
2023-08-18 06:47:28,183 - INFO - entity_res_one_jump: 18.34	47.76	65.66	84.34	94.85	894
2023-08-18 06:47:28,183 - INFO - path_res_two_jump: 0.8	6.22	13.05	26.51	57.03	498
2023-08-18 06:47:28,183 - INFO - entity_res_two_jump: 2.41	8.84	17.27	32.73	67.47	498
2023-08-18 06:47:28,183 - INFO - precision: 0.12643678160919541, recall_macro: 0.09607295566409647, f1_macro: 0.09101515690220628, recall_micro: 0.12643678160919541, f1_micro: 0.12643678160919541
2023-08-18 06:47:28,184 - INFO - 
2023-08-18 06:47:28,184 - INFO - ./models/as/batch-4/MultiRe_epoch-10
2023-08-18 06:47:28,184 - INFO - test seen
2023-08-18 06:48:07,231 - INFO - path_res_all: 17.14	31.65	39.94	50.93	60.54	1447
2023-08-18 06:48:07,231 - INFO - entity_res_all: 17.97	36.35	47.41	62.4	74.84	1447
2023-08-18 06:48:07,232 - INFO - path_res_one_jump: 22.33	39.46	47.93	57.75	66.22	1039
2023-08-18 06:48:07,232 - INFO - entity_res_one_jump: 23.0	45.24	57.07	71.41	82.29	1039
2023-08-18 06:48:07,232 - INFO - path_res_two_jump: 3.92	11.76	19.61	33.58	46.08	408
2023-08-18 06:48:07,232 - INFO - entity_res_two_jump: 5.15	13.73	22.79	39.46	55.88	408
2023-08-18 06:48:07,232 - INFO - precision: 0.1796821008984105, recall_macro: 0.13147404468579493, f1_macro: 0.12192619359528663, recall_micro: 0.1796821008984105, f1_micro: 0.17968210089841047
2023-08-18 06:48:07,233 - INFO - test unseen
2023-08-18 06:48:43,870 - INFO - path_res_all: 9.48	19.11	25.07	34.77	47.7	1392
2023-08-18 06:48:43,870 - INFO - entity_res_all: 10.85	36.14	50.5	68.53	86.71	1392
2023-08-18 06:48:43,870 - INFO - path_res_one_jump: 13.76	24.72	30.2	36.58	40.49	894
2023-08-18 06:48:43,870 - INFO - entity_res_one_jump: 15.44	50.34	68.12	85.68	95.41	894
2023-08-18 06:48:43,870 - INFO - path_res_two_jump: 1.81	9.04	15.86	31.53	60.64	498
2023-08-18 06:48:43,870 - INFO - entity_res_two_jump: 2.61	10.64	18.88	37.75	71.08	498
2023-08-18 06:48:43,870 - INFO - precision: 0.10847701149425287, recall_macro: 0.08775594992574998, f1_macro: 0.07553452591227984, recall_micro: 0.10847701149425287, f1_micro: 0.10847701149425287
2023-08-18 06:48:43,871 - INFO - 
2023-08-18 06:48:43,872 - INFO - ./models/as/batch-4/MultiRe_epoch-12
2023-08-18 06:48:43,872 - INFO - test seen
2023-08-18 06:49:20,670 - INFO - path_res_all: 15.62	27.92	35.59	44.44	52.59	1447
2023-08-18 06:49:20,671 - INFO - entity_res_all: 16.66	33.03	43.33	55.7	67.45	1447
2023-08-18 06:49:20,671 - INFO - path_res_one_jump: 20.98	35.71	43.21	51.2	57.46	1039
2023-08-18 06:49:20,671 - INFO - entity_res_one_jump: 22.14	42.06	52.65	65.26	74.98	1039
2023-08-18 06:49:20,671 - INFO - path_res_two_jump: 1.96	8.09	16.18	27.21	40.2	408
2023-08-18 06:49:20,671 - INFO - entity_res_two_jump: 2.7	10.05	19.61	31.37	48.28	408
2023-08-18 06:49:20,671 - INFO - precision: 0.16655148583275742, recall_macro: 0.10877567570931414, f1_macro: 0.09699699587621612, recall_micro: 0.16655148583275742, f1_micro: 0.16655148583275742
2023-08-18 06:49:20,672 - INFO - test unseen
2023-08-18 06:49:56,399 - INFO - path_res_all: 8.76	18.46	24.07	32.47	44.97	1392
2023-08-18 06:49:56,400 - INFO - entity_res_all: 9.77	36.49	50.57	69.11	85.27	1392
2023-08-18 06:49:56,400 - INFO - path_res_one_jump: 12.64	23.49	28.86	33.67	38.03	894
2023-08-18 06:49:56,400 - INFO - entity_res_one_jump: 13.98	50.45	68.34	87.25	95.75	894
2023-08-18 06:49:56,400 - INFO - path_res_two_jump: 1.81	9.44	15.46	30.32	57.43	498
2023-08-18 06:49:56,400 - INFO - entity_res_two_jump: 2.21	11.45	18.67	36.55	66.47	498
2023-08-18 06:49:56,400 - INFO - precision: 0.09770114942528736, recall_macro: 0.07584440282507836, f1_macro: 0.06538485370022007, recall_micro: 0.09770114942528736, f1_micro: 0.09770114942528738
2023-08-18 06:49:56,401 - INFO - 
2023-08-18 06:49:56,401 - INFO - ./models/as/batch-4/MultiRe_epoch-14
2023-08-18 06:49:56,401 - INFO - test seen
2023-08-18 06:50:34,077 - INFO - path_res_all: 17.35	31.93	41.19	52.18	61.78	1447
2023-08-18 06:50:34,077 - INFO - entity_res_all: 19.0	38.22	50.66	64.82	78.23	1447
2023-08-18 06:50:34,077 - INFO - path_res_one_jump: 22.91	39.85	48.51	58.9	66.31	1039
2023-08-18 06:50:34,077 - INFO - entity_res_one_jump: 24.83	47.45	60.06	74.3	85.18	1039
2023-08-18 06:50:34,077 - INFO - path_res_two_jump: 3.19	11.76	22.55	35.05	50.25	408
2023-08-18 06:50:34,077 - INFO - entity_res_two_jump: 4.17	14.71	26.72	40.69	60.54	408
2023-08-18 06:50:34,077 - INFO - precision: 0.19004837595024188, recall_macro: 0.1345652142372838, f1_macro: 0.12205091436746464, recall_micro: 0.19004837595024188, f1_micro: 0.19004837595024188
2023-08-18 06:50:34,078 - INFO - test unseen
2023-08-18 06:51:10,154 - INFO - path_res_all: 9.27	18.32	24.14	32.9	45.47	1392
2023-08-18 06:51:10,154 - INFO - entity_res_all: 11.42	36.28	50.86	69.25	85.27	1392
2023-08-18 06:51:10,154 - INFO - path_res_one_jump: 13.2	22.71	27.85	33.45	38.59	894
2023-08-18 06:51:10,154 - INFO - entity_res_one_jump: 16.0	48.88	67.11	85.57	94.85	894
2023-08-18 06:51:10,154 - INFO - path_res_two_jump: 2.21	10.44	17.47	31.93	57.83	498
2023-08-18 06:51:10,154 - INFO - entity_res_two_jump: 3.21	13.65	21.69	39.96	68.07	498
2023-08-18 06:51:10,155 - INFO - precision: 0.11422413793103449, recall_macro: 0.0859741432233071, f1_macro: 0.07995832211539376, recall_micro: 0.11422413793103449, f1_micro: 0.11422413793103449
2023-08-18 06:51:10,155 - INFO - 
2023-08-18 06:51:10,156 - INFO - ./models/as/batch-4/MultiRe_epoch-16
2023-08-18 06:51:10,156 - INFO - test seen
2023-08-18 06:51:49,193 - INFO - path_res_all: 17.9	32.76	41.74	52.18	62.06	1447
2023-08-18 06:51:49,193 - INFO - entity_res_all: 19.42	38.49	50.03	64.41	77.54	1447
2023-08-18 06:51:49,193 - INFO - path_res_one_jump: 23.29	40.33	49.76	59.19	66.89	1039
2023-08-18 06:51:49,193 - INFO - entity_res_one_jump: 25.02	47.06	59.58	73.92	84.89	1039
2023-08-18 06:51:49,193 - INFO - path_res_two_jump: 4.17	13.48	21.32	34.31	49.75	408
2023-08-18 06:51:49,193 - INFO - entity_res_two_jump: 5.15	16.67	25.74	40.2	58.82	408
2023-08-18 06:51:49,193 - INFO - precision: 0.19419488597097442, recall_macro: 0.13691175381117465, f1_macro: 0.12644170349177242, recall_micro: 0.19419488597097442, f1_micro: 0.1941948859709744
2023-08-18 06:51:49,194 - INFO - test unseen
2023-08-18 06:52:24,743 - INFO - path_res_all: 8.48	17.6	23.42	32.04	44.83	1392
2023-08-18 06:52:24,743 - INFO - entity_res_all: 10.2	35.2	48.64	66.38	83.05	1392
2023-08-18 06:52:24,743 - INFO - path_res_one_jump: 12.19	22.15	27.52	33.45	38.37	894
2023-08-18 06:52:24,743 - INFO - entity_res_one_jump: 14.21	47.99	64.32	83.11	92.62	894
2023-08-18 06:52:24,743 - INFO - path_res_two_jump: 1.81	9.44	16.06	29.52	56.43	498
2023-08-18 06:52:24,743 - INFO - entity_res_two_jump: 3.01	12.25	20.48	36.35	65.86	498
2023-08-18 06:52:24,743 - INFO - precision: 0.10201149425287356, recall_macro: 0.07786398545606521, f1_macro: 0.0691902925911775, recall_micro: 0.10201149425287356, f1_micro: 0.10201149425287356
2023-08-18 06:52:24,744 - INFO - 
2023-08-18 06:52:24,744 - INFO - ./models/as/batch-4/MultiRe_epoch-18
2023-08-18 06:52:24,744 - INFO - test seen
2023-08-18 06:53:02,032 - INFO - path_res_all: 17.69	31.24	40.7	51.49	61.44	1447
2023-08-18 06:53:02,032 - INFO - entity_res_all: 19.35	37.53	49.55	63.44	77.4	1447
2023-08-18 06:53:02,032 - INFO - path_res_one_jump: 23.0	38.98	48.12	58.33	66.22	1039
2023-08-18 06:53:02,032 - INFO - entity_res_one_jump: 24.64	46.39	58.9	72.67	84.31	1039
2023-08-18 06:53:02,032 - INFO - path_res_two_jump: 4.17	11.52	21.81	34.07	49.26	408
2023-08-18 06:53:02,032 - INFO - entity_res_two_jump: 5.88	14.95	25.74	39.95	59.8	408
2023-08-18 06:53:02,032 - INFO - precision: 0.193503800967519, recall_macro: 0.14333269679595942, f1_macro: 0.12644855289696158, recall_micro: 0.193503800967519, f1_micro: 0.19350380096751899
2023-08-18 06:53:02,033 - INFO - test unseen
2023-08-18 06:53:38,483 - INFO - path_res_all: 8.84	15.95	22.49	31.03	43.1	1392
2023-08-18 06:53:38,483 - INFO - entity_res_all: 10.27	34.91	49.35	66.88	83.76	1392
2023-08-18 06:53:38,484 - INFO - path_res_one_jump: 12.53	20.81	25.5	31.54	35.57	894
2023-08-18 06:53:38,484 - INFO - entity_res_one_jump: 14.32	48.55	64.43	83.22	93.06	894
2023-08-18 06:53:38,484 - INFO - path_res_two_jump: 2.21	7.23	17.07	30.12	56.63	498
2023-08-18 06:53:38,484 - INFO - entity_res_two_jump: 3.01	10.44	22.29	37.55	67.07	498
2023-08-18 06:53:38,484 - INFO - precision: 0.10272988505747127, recall_macro: 0.07121076214296704, f1_macro: 0.06589735531688244, recall_micro: 0.10272988505747127, f1_micro: 0.10272988505747127
2023-08-18 06:53:38,484 - INFO - 
2023-08-18 06:53:38,485 - INFO - ./models/as/batch-4/MultiRe_epoch-20
2023-08-18 06:53:38,485 - INFO - test seen
2023-08-18 06:54:17,719 - INFO - path_res_all: 17.97	32.76	41.33	53.01	62.82	1447
2023-08-18 06:54:17,720 - INFO - entity_res_all: 19.42	38.98	49.14	64.62	77.19	1447
2023-08-18 06:54:17,720 - INFO - path_res_one_jump: 23.58	41.0	48.99	59.87	68.24	1039
2023-08-18 06:54:17,720 - INFO - entity_res_one_jump: 25.02	48.32	58.33	74.01	85.37	1039
2023-08-18 06:54:17,720 - INFO - path_res_two_jump: 3.68	11.76	21.81	35.54	49.02	408
2023-08-18 06:54:17,720 - INFO - entity_res_two_jump: 5.15	15.2	25.74	40.69	56.37	408
2023-08-18 06:54:17,720 - INFO - precision: 0.19419488597097442, recall_macro: 0.1428191488701357, f1_macro: 0.12946988988157215, recall_micro: 0.19419488597097442, f1_micro: 0.1941948859709744
2023-08-18 06:54:17,721 - INFO - test unseen
2023-08-18 06:54:53,218 - INFO - path_res_all: 8.33	16.31	22.84	32.11	43.61	1392
2023-08-18 06:54:53,219 - INFO - entity_res_all: 10.56	33.62	47.92	65.95	81.32	1392
2023-08-18 06:54:53,219 - INFO - path_res_one_jump: 11.52	20.81	26.96	32.66	37.47	894
2023-08-18 06:54:53,219 - INFO - entity_res_one_jump: 14.54	46.31	63.76	81.32	90.94	894
2023-08-18 06:54:53,219 - INFO - path_res_two_jump: 2.61	8.23	15.46	31.12	54.62	498
2023-08-18 06:54:53,219 - INFO - entity_res_two_jump: 3.41	10.84	19.48	38.35	64.06	498
2023-08-18 06:54:53,219 - INFO - precision: 0.10560344827586207, recall_macro: 0.08110866090714958, f1_macro: 0.0719632684659439, recall_micro: 0.10560344827586207, f1_micro: 0.10560344827586209
2023-08-18 06:54:53,219 - INFO - 
