2023-08-18 12:15:39,604 - INFO - ./models/share-subgraph/batch-4/MultiRe_epoch-2
2023-08-18 12:15:39,604 - INFO - test seen
2023-08-18 12:16:31,267 - INFO - path_res_all: 14.44	26.74	34.9	45.68	54.87	1447
2023-08-18 12:16:31,267 - INFO - entity_res_all: 16.38	32.41	44.44	60.54	75.05	1447
2023-08-18 12:16:31,267 - INFO - path_res_one_jump: 19.92	35.32	42.54	51.68	58.04	1039
2023-08-18 12:16:31,267 - INFO - entity_res_one_jump: 22.52	42.93	54.57	70.07	81.52	1039
2023-08-18 12:16:31,267 - INFO - path_res_two_jump: 0.49	4.9	15.44	30.39	46.81	408
2023-08-18 12:16:31,267 - INFO - entity_res_two_jump: 0.74	5.64	18.63	36.27	58.58	408
2023-08-18 12:16:31,267 - INFO - precision: 0.16378714581893572, recall_macro: 0.10546550193101918, f1_macro: 0.093621258578942, recall_micro: 0.16378714581893572, f1_micro: 0.16378714581893572
2023-08-18 12:16:31,269 - INFO - test unseen
2023-08-18 12:17:12,898 - INFO - path_res_all: 12.28	23.64	31.32	41.38	49.64	1392
2023-08-18 12:17:12,898 - INFO - entity_res_all: 14.22	32.11	43.82	56.9	67.74	1392
2023-08-18 12:17:12,898 - INFO - path_res_one_jump: 19.02	33.56	39.82	45.75	50.89	894
2023-08-18 12:17:12,898 - INFO - entity_res_one_jump: 21.59	45.53	57.72	66.89	74.83	894
2023-08-18 12:17:12,898 - INFO - path_res_two_jump: 0.2	5.82	16.06	33.53	47.39	498
2023-08-18 12:17:12,898 - INFO - entity_res_two_jump: 1.0	8.03	18.88	38.96	55.02	498
2023-08-18 12:17:12,898 - INFO - precision: 0.14224137931034483, recall_macro: 0.1012781757885797, f1_macro: 0.09335483577580496, recall_micro: 0.14224137931034483, f1_micro: 0.14224137931034483
2023-08-18 12:17:12,899 - INFO - 
2023-08-18 12:17:12,899 - INFO - ./models/share-subgraph/batch-4/MultiRe_epoch-4
2023-08-18 12:17:12,899 - INFO - test seen
2023-08-18 12:18:04,351 - INFO - path_res_all: 15.76	30.06	37.87	48.51	58.26	1447
2023-08-18 12:18:04,352 - INFO - entity_res_all: 17.0	35.8	46.03	60.68	75.74	1447
2023-08-18 12:18:04,352 - INFO - path_res_one_jump: 21.85	39.36	46.58	56.79	64.29	1039
2023-08-18 12:18:04,352 - INFO - entity_res_one_jump: 23.39	46.68	56.5	71.32	83.73	1039
2023-08-18 12:18:04,352 - INFO - path_res_two_jump: 0.25	6.37	15.69	27.45	42.89	408
2023-08-18 12:18:04,352 - INFO - entity_res_two_jump: 0.74	8.09	19.36	33.58	55.39	408
2023-08-18 12:18:04,352 - INFO - precision: 0.17000691085003455, recall_macro: 0.11051264703586333, f1_macro: 0.1012374933552302, recall_micro: 0.17000691085003455, f1_micro: 0.17000691085003455
2023-08-18 12:18:04,353 - INFO - test unseen
2023-08-18 12:18:47,795 - INFO - path_res_all: 14.58	28.88	35.92	47.92	61.14	1392
2023-08-18 12:18:47,795 - INFO - entity_res_all: 16.74	42.24	53.59	70.4	86.35	1392
2023-08-18 12:18:47,795 - INFO - path_res_one_jump: 22.48	39.37	45.41	54.14	60.4	894
2023-08-18 12:18:47,795 - INFO - entity_res_one_jump: 25.28	59.17	71.25	85.91	94.41	894
2023-08-18 12:18:47,795 - INFO - path_res_two_jump: 0.4	10.04	18.88	36.75	62.45	498
2023-08-18 12:18:47,795 - INFO - entity_res_two_jump: 1.41	11.85	21.89	42.57	71.89	498
2023-08-18 12:18:47,795 - INFO - precision: 0.16738505747126436, recall_macro: 0.13041340889403844, f1_macro: 0.11782420920069758, recall_micro: 0.16738505747126436, f1_micro: 0.16738505747126436
2023-08-18 12:18:47,796 - INFO - 
2023-08-18 12:18:47,797 - INFO - ./models/share-subgraph/batch-4/MultiRe_epoch-6
2023-08-18 12:18:47,797 - INFO - test seen
2023-08-18 12:19:39,863 - INFO - path_res_all: 17.0	29.99	37.94	47.13	56.46	1447
2023-08-18 12:19:39,863 - INFO - entity_res_all: 18.38	36.42	47.82	61.92	76.3	1447
2023-08-18 12:19:39,863 - INFO - path_res_one_jump: 23.2	38.5	45.72	53.22	60.54	1039
2023-08-18 12:19:39,863 - INFO - entity_res_one_jump: 24.83	46.58	57.84	71.7	83.73	1039
2023-08-18 12:19:39,863 - INFO - path_res_two_jump: 1.23	8.33	18.14	31.62	46.08	408
2023-08-18 12:19:39,863 - INFO - entity_res_two_jump: 1.96	10.54	22.3	37.01	57.35	408
2023-08-18 12:19:39,863 - INFO - precision: 0.18382861091914304, recall_macro: 0.1305638899813108, f1_macro: 0.11709808310364085, recall_micro: 0.18382861091914304, f1_micro: 0.18382861091914304
2023-08-18 12:19:39,864 - INFO - test unseen
2023-08-18 12:20:22,723 - INFO - path_res_all: 13.07	24.43	31.11	40.23	50.79	1392
2023-08-18 12:20:22,723 - INFO - entity_res_all: 15.59	38.72	50.79	66.31	79.81	1392
2023-08-18 12:20:22,723 - INFO - path_res_one_jump: 19.8	32.33	37.14	41.95	47.32	894
2023-08-18 12:20:22,723 - INFO - entity_res_one_jump: 22.6	52.91	65.66	78.41	86.91	894
2023-08-18 12:20:22,723 - INFO - path_res_two_jump: 1.0	10.24	20.28	37.15	57.03	498
2023-08-18 12:20:22,723 - INFO - entity_res_two_jump: 3.01	13.25	24.1	44.58	67.07	498
2023-08-18 12:20:22,723 - INFO - precision: 0.15589080459770116, recall_macro: 0.12418903847475275, f1_macro: 0.11209542012334946, recall_micro: 0.15589080459770116, f1_micro: 0.15589080459770116
2023-08-18 12:20:22,724 - INFO - 
2023-08-18 12:20:22,724 - INFO - ./models/share-subgraph/batch-4/MultiRe_epoch-8
2023-08-18 12:20:22,724 - INFO - test seen
2023-08-18 12:21:13,454 - INFO - path_res_all: 18.24	32.83	41.95	52.66	63.72	1447
2023-08-18 12:21:13,454 - INFO - entity_res_all: 19.14	37.11	48.24	62.2	76.71	1447
2023-08-18 12:21:13,454 - INFO - path_res_one_jump: 24.45	42.16	50.63	60.83	69.68	1039
2023-08-18 12:21:13,454 - INFO - entity_res_one_jump: 25.7	47.74	58.52	72.57	84.02	1039
2023-08-18 12:21:13,454 - INFO - path_res_two_jump: 2.45	9.07	19.85	31.86	48.53	408
2023-08-18 12:21:13,454 - INFO - entity_res_two_jump: 2.45	10.05	22.06	35.78	58.09	408
2023-08-18 12:21:13,454 - INFO - precision: 0.19143054595715273, recall_macro: 0.12400833953646812, f1_macro: 0.11436639129785686, recall_micro: 0.19143054595715273, f1_micro: 0.19143054595715273
2023-08-18 12:21:13,455 - INFO - test unseen
2023-08-18 12:21:58,631 - INFO - path_res_all: 14.87	28.74	35.49	48.28	61.14	1392
2023-08-18 12:21:58,631 - INFO - entity_res_all: 16.31	41.88	53.02	70.19	85.78	1392
2023-08-18 12:21:58,631 - INFO - path_res_one_jump: 21.92	39.26	44.52	53.02	59.62	894
2023-08-18 12:21:58,631 - INFO - entity_res_one_jump: 23.6	58.72	70.25	84.23	92.95	894
2023-08-18 12:21:58,631 - INFO - path_res_two_jump: 2.21	9.84	19.28	39.76	63.86	498
2023-08-18 12:21:58,631 - INFO - entity_res_two_jump: 3.21	11.65	22.09	44.98	72.89	498
2023-08-18 12:21:58,631 - INFO - precision: 0.16307471264367815, recall_macro: 0.12364036708548903, f1_macro: 0.11542510883781743, recall_micro: 0.16307471264367815, f1_micro: 0.16307471264367815
2023-08-18 12:21:58,632 - INFO - 
2023-08-18 12:21:58,632 - INFO - ./models/share-subgraph/batch-4/MultiRe_epoch-10
2023-08-18 12:21:58,632 - INFO - test seen
2023-08-18 12:22:45,092 - INFO - path_res_all: 12.16	18.66	23.57	31.03	39.12	1447
2023-08-18 12:22:45,092 - INFO - entity_res_all: 13.48	24.74	32.2	44.23	55.29	1447
2023-08-18 12:22:45,092 - INFO - path_res_one_jump: 16.46	23.2	26.66	32.24	38.98	1039
2023-08-18 12:22:45,092 - INFO - entity_res_one_jump: 18.09	30.99	37.73	48.99	58.61	1039
2023-08-18 12:22:45,092 - INFO - path_res_two_jump: 1.23	7.11	15.69	27.94	39.46	408
2023-08-18 12:22:45,092 - INFO - entity_res_two_jump: 1.72	8.82	18.14	32.11	46.81	408
2023-08-18 12:22:45,092 - INFO - precision: 0.13476157567380787, recall_macro: 0.08544083084545512, f1_macro: 0.07805428962411011, recall_micro: 0.13476157567380787, f1_micro: 0.13476157567380787
2023-08-18 12:22:45,093 - INFO - test unseen
2023-08-18 12:23:28,325 - INFO - path_res_all: 10.56	19.4	25.07	33.19	42.82	1392
2023-08-18 12:23:28,325 - INFO - entity_res_all: 13.58	35.2	46.48	60.13	73.2	1392
2023-08-18 12:23:28,325 - INFO - path_res_one_jump: 15.66	25.17	28.86	32.55	37.02	894
2023-08-18 12:23:28,325 - INFO - entity_res_one_jump: 20.02	48.99	60.96	71.59	79.64	894
2023-08-18 12:23:28,325 - INFO - path_res_two_jump: 1.41	9.04	18.27	34.34	53.21	498
2023-08-18 12:23:28,325 - INFO - entity_res_two_jump: 2.01	10.44	20.48	39.56	61.65	498
2023-08-18 12:23:28,326 - INFO - precision: 0.13577586206896552, recall_macro: 0.10403589466089466, f1_macro: 0.09396465718929486, recall_micro: 0.13577586206896552, f1_micro: 0.13577586206896552
2023-08-18 12:23:28,327 - INFO - 
2023-08-18 12:23:28,328 - INFO - ./models/share-subgraph/batch-4/MultiRe_epoch-12
2023-08-18 12:23:28,328 - INFO - test seen
2023-08-18 12:24:13,224 - INFO - path_res_all: 8.22	15.83	20.73	27.57	33.17	1447
2023-08-18 12:24:13,225 - INFO - entity_res_all: 8.91	19.28	25.64	35.52	43.68	1447
2023-08-18 12:24:13,225 - INFO - path_res_one_jump: 11.16	19.92	24.54	30.22	33.3	1039
2023-08-18 12:24:13,225 - INFO - entity_res_one_jump: 12.13	24.45	30.8	40.42	46.2	1039
2023-08-18 12:24:13,225 - INFO - path_res_two_jump: 0.74	5.39	11.03	20.83	32.84	408
2023-08-18 12:24:13,225 - INFO - entity_res_two_jump: 0.74	6.13	12.5	23.04	37.25	408
2023-08-18 12:24:13,225 - INFO - precision: 0.08914996544574982, recall_macro: 0.05664533923563268, f1_macro: 0.051361850550537304, recall_micro: 0.08914996544574982, f1_micro: 0.08914996544574982
2023-08-18 12:24:13,226 - INFO - test unseen
2023-08-18 12:24:55,655 - INFO - path_res_all: 10.99	22.2	28.23	37.57	48.92	1392
2023-08-18 12:24:55,656 - INFO - entity_res_all: 13.29	38.43	49.07	62.14	76.08	1392
2023-08-18 12:24:55,656 - INFO - path_res_one_jump: 16.22	29.75	34.9	41.05	44.41	894
2023-08-18 12:24:55,656 - INFO - entity_res_one_jump: 19.13	54.03	65.44	76.29	81.66	894
2023-08-18 12:24:55,656 - INFO - path_res_two_jump: 1.61	8.63	16.27	31.33	57.03	498
2023-08-18 12:24:55,656 - INFO - entity_res_two_jump: 2.81	10.44	19.68	36.75	66.06	498
2023-08-18 12:24:55,656 - INFO - precision: 0.13290229885057472, recall_macro: 0.10843243087559218, f1_macro: 0.09342241319520875, recall_micro: 0.13290229885057472, f1_micro: 0.13290229885057472
2023-08-18 12:24:55,656 - INFO - 
2023-08-18 12:24:55,657 - INFO - ./models/share-subgraph/batch-4/MultiRe_epoch-14
2023-08-18 12:24:55,657 - INFO - test seen
2023-08-18 12:25:46,281 - INFO - path_res_all: 18.66	33.38	42.64	53.42	63.03	1447
2023-08-18 12:25:46,281 - INFO - entity_res_all: 19.42	37.87	48.65	62.2	74.29	1447
2023-08-18 12:25:46,281 - INFO - path_res_one_jump: 25.02	42.06	50.82	60.92	69.39	1039
2023-08-18 12:25:46,282 - INFO - entity_res_one_jump: 25.89	47.64	58.13	70.93	81.23	1039
2023-08-18 12:25:46,282 - INFO - path_res_two_jump: 2.45	11.27	21.81	34.31	46.81	408
2023-08-18 12:25:46,282 - INFO - entity_res_two_jump: 2.94	12.99	24.51	39.95	56.62	408
2023-08-18 12:25:46,282 - INFO - precision: 0.19419488597097442, recall_macro: 0.12766809296786671, f1_macro: 0.11479576917625892, recall_micro: 0.19419488597097442, f1_micro: 0.1941948859709744
2023-08-18 12:25:46,283 - INFO - test unseen
2023-08-18 12:26:30,759 - INFO - path_res_all: 14.58	28.81	35.85	47.77	61.35	1392
2023-08-18 12:26:30,759 - INFO - entity_res_all: 16.45	41.95	52.8	69.11	84.84	1392
2023-08-18 12:26:30,759 - INFO - path_res_one_jump: 21.59	38.59	44.85	53.36	59.51	894
2023-08-18 12:26:30,759 - INFO - entity_res_one_jump: 23.94	57.94	69.13	83.11	91.05	894
2023-08-18 12:26:30,759 - INFO - path_res_two_jump: 2.01	11.24	19.68	37.75	64.66	498
2023-08-18 12:26:30,759 - INFO - entity_res_two_jump: 3.01	13.25	23.49	43.98	73.69	498
2023-08-18 12:26:30,759 - INFO - precision: 0.16451149425287356, recall_macro: 0.12922695225486489, f1_macro: 0.11689926949147081, recall_micro: 0.16451149425287356, f1_micro: 0.16451149425287356
2023-08-18 12:26:30,760 - INFO - 
2023-08-18 12:26:30,761 - INFO - ./models/share-subgraph/batch-4/MultiRe_epoch-16
2023-08-18 12:26:30,761 - INFO - test seen
2023-08-18 12:27:19,276 - INFO - path_res_all: 17.69	32.62	41.47	52.11	60.95	1447
2023-08-18 12:27:19,277 - INFO - entity_res_all: 18.73	36.63	47.13	60.33	71.8	1447
2023-08-18 12:27:19,277 - INFO - path_res_one_jump: 23.58	41.0	48.8	58.42	65.93	1039
2023-08-18 12:27:19,277 - INFO - entity_res_one_jump: 24.83	45.91	55.34	67.95	77.67	1039
2023-08-18 12:27:19,277 - INFO - path_res_two_jump: 2.7	11.27	22.79	36.03	48.28	408
2023-08-18 12:27:19,277 - INFO - entity_res_two_jump: 3.19	12.99	26.23	40.93	56.86	408
2023-08-18 12:27:19,277 - INFO - precision: 0.18728403593642018, recall_macro: 0.13108058608058606, f1_macro: 0.11800479368255823, recall_micro: 0.18728403593642018, f1_micro: 0.18728403593642018
2023-08-18 12:27:19,278 - INFO - test unseen
2023-08-18 12:28:03,276 - INFO - path_res_all: 13.79	27.66	35.34	49.28	61.42	1392
2023-08-18 12:28:03,277 - INFO - entity_res_all: 15.16	39.22	51.94	69.47	84.12	1392
2023-08-18 12:28:03,277 - INFO - path_res_one_jump: 20.25	36.8	43.74	53.47	59.4	894
2023-08-18 12:28:03,277 - INFO - entity_res_one_jump: 22.04	53.8	67.56	81.88	89.93	894
2023-08-18 12:28:03,277 - INFO - path_res_two_jump: 2.21	11.24	20.28	41.77	65.06	498
2023-08-18 12:28:03,277 - INFO - entity_res_two_jump: 2.81	13.05	23.9	47.19	73.69	498
2023-08-18 12:28:03,277 - INFO - precision: 0.15158045977011494, recall_macro: 0.1137098528731881, f1_macro: 0.10408871508374799, recall_micro: 0.15158045977011494, f1_micro: 0.15158045977011494
2023-08-18 12:28:03,278 - INFO - 
2023-08-18 12:28:03,278 - INFO - ./models/share-subgraph/batch-4/MultiRe_epoch-18
2023-08-18 12:28:03,278 - INFO - test seen
2023-08-18 12:28:53,740 - INFO - path_res_all: 18.87	35.59	44.44	55.77	64.82	1447
2023-08-18 12:28:53,741 - INFO - entity_res_all: 19.63	39.25	49.97	63.58	75.05	1447
2023-08-18 12:28:53,741 - INFO - path_res_one_jump: 25.12	44.18	52.94	63.52	70.07	1039
2023-08-18 12:28:53,741 - INFO - entity_res_one_jump: 25.89	48.6	59.58	72.47	81.23	1039
2023-08-18 12:28:53,741 - INFO - path_res_two_jump: 2.94	13.73	22.79	36.03	51.47	408
2023-08-18 12:28:53,741 - INFO - entity_res_two_jump: 3.68	15.44	25.49	40.93	59.31	408
2023-08-18 12:28:53,741 - INFO - precision: 0.1962681409813407, recall_macro: 0.13276096235933255, f1_macro: 0.12087985287327888, recall_micro: 0.1962681409813407, f1_micro: 0.1962681409813407
2023-08-18 12:28:53,742 - INFO - test unseen
2023-08-18 12:29:36,734 - INFO - path_res_all: 14.37	28.74	37.14	49.71	62.07	1392
2023-08-18 12:29:36,734 - INFO - entity_res_all: 16.02	40.95	54.38	70.55	85.42	1392
2023-08-18 12:29:36,734 - INFO - path_res_one_jump: 21.14	38.81	46.42	55.82	61.41	894
2023-08-18 12:29:36,734 - INFO - entity_res_one_jump: 23.15	56.82	71.48	84.12	92.17	894
2023-08-18 12:29:36,734 - INFO - path_res_two_jump: 2.21	10.64	20.48	38.76	63.25	498
2023-08-18 12:29:36,734 - INFO - entity_res_two_jump: 3.21	12.45	23.69	46.18	73.29	498
2023-08-18 12:29:36,734 - INFO - precision: 0.16020114942528735, recall_macro: 0.12462418437509568, f1_macro: 0.11485221576987335, recall_micro: 0.16020114942528735, f1_micro: 0.16020114942528735
2023-08-18 12:29:36,735 - INFO - 
2023-08-18 12:29:36,736 - INFO - ./models/share-subgraph/batch-4/MultiRe_epoch-20
2023-08-18 12:29:36,736 - INFO - test seen
2023-08-18 12:30:25,562 - INFO - path_res_all: 16.24	31.17	38.91	49.27	56.39	1447
2023-08-18 12:30:25,562 - INFO - entity_res_all: 16.86	35.25	44.09	56.81	66.41	1447
2023-08-18 12:30:25,562 - INFO - path_res_one_jump: 21.08	38.79	46.39	56.11	61.6	1039
2023-08-18 12:30:25,562 - INFO - entity_res_one_jump: 21.75	43.89	52.84	64.87	72.09	1039
2023-08-18 12:30:25,562 - INFO - path_res_two_jump: 3.92	11.76	19.85	31.86	43.14	408
2023-08-18 12:30:25,562 - INFO - entity_res_two_jump: 4.41	13.24	21.81	36.27	51.96	408
2023-08-18 12:30:25,562 - INFO - precision: 0.1686247408431237, recall_macro: 0.11122173803208285, f1_macro: 0.1010984818434909, recall_micro: 0.1686247408431237, f1_micro: 0.1686247408431237
2023-08-18 12:30:25,563 - INFO - test unseen
2023-08-18 12:31:09,991 - INFO - path_res_all: 14.44	28.88	36.21	48.28	60.2	1392
2023-08-18 12:31:09,991 - INFO - entity_res_all: 16.02	40.88	52.44	68.68	82.83	1392
2023-08-18 12:31:09,991 - INFO - path_res_one_jump: 20.92	38.37	45.08	53.13	59.62	894
2023-08-18 12:31:09,991 - INFO - entity_res_one_jump: 22.71	55.93	68.23	81.32	89.71	894
2023-08-18 12:31:09,991 - INFO - path_res_two_jump: 2.81	11.85	20.28	39.56	61.24	498
2023-08-18 12:31:09,991 - INFO - entity_res_two_jump: 4.02	13.86	24.1	45.98	70.48	498
2023-08-18 12:31:09,991 - INFO - precision: 0.16020114942528735, recall_macro: 0.12718089042071778, f1_macro: 0.11549114333255348, recall_micro: 0.16020114942528735, f1_micro: 0.16020114942528735
2023-08-18 12:31:09,992 - INFO - 
