2023-08-19 09:11:56,926 - INFO - ./models/attnio_bigGraph/batch-4/MultiRe_epoch-2
2023-08-19 09:11:56,926 - INFO - test seen
2023-08-19 09:12:36,012 - INFO - path_res_all: 8.85	11.54	12.79	15.34	22.18	1447
2023-08-19 09:12:36,012 - INFO - entity_res_all: 13.27	29.44	38.77	51.21	64.27	1447
2023-08-19 09:12:36,012 - INFO - path_res_one_jump: 12.22	15.5	15.78	16.36	20.5	1039
2023-08-19 09:12:36,012 - INFO - entity_res_one_jump: 18.38	39.94	51.2	64.39	74.4	1039
2023-08-19 09:12:36,012 - INFO - path_res_two_jump: 0.25	1.47	5.15	12.75	26.47	408
2023-08-19 09:12:36,012 - INFO - entity_res_two_jump: 0.25	2.7	7.11	17.65	38.48	408
2023-08-19 09:12:36,012 - INFO - precision: 0.13351877607788595, recall_macro: 0.0896414887794198, f1_macro: 0.08281559064605043, recall_micro: 0.13351877607788595, f1_micro: 0.13351877607788595
2023-08-19 09:12:36,013 - INFO - test unseen
2023-08-19 09:13:11,263 - INFO - path_res_all: 5.31	8.83	10.7	14.64	25.41	1393
2023-08-19 09:13:11,264 - INFO - entity_res_all: 7.97	28.93	40.42	57.43	76.02	1393
2023-08-19 09:13:11,264 - INFO - path_res_one_jump: 8.27	12.18	12.51	12.96	16.54	895
2023-08-19 09:13:11,264 - INFO - entity_res_one_jump: 11.73	42.35	57.09	76.09	88.83	895
2023-08-19 09:13:11,264 - INFO - path_res_two_jump: 0.0	2.81	7.43	17.67	41.37	498
2023-08-19 09:13:11,264 - INFO - entity_res_two_jump: 1.2	4.82	10.44	23.9	53.01	498
2023-08-19 09:13:11,264 - INFO - precision: 0.07997118155619597, recall_macro: 0.04905150591809784, f1_macro: 0.04449716972500539, recall_micro: 0.07997118155619597, f1_micro: 0.07997118155619597
2023-08-19 09:13:11,264 - INFO - 
2023-08-19 09:13:11,265 - INFO - ./models/attnio_bigGraph/batch-4/MultiRe_epoch-4
2023-08-19 09:13:11,265 - INFO - test seen
2023-08-19 09:13:49,266 - INFO - path_res_all: 14.58	25.85	30.89	38.63	49.69	1447
2023-08-19 09:13:49,267 - INFO - entity_res_all: 16.03	31.86	39.6	51.97	66.55	1447
2023-08-19 09:13:49,267 - INFO - path_res_one_jump: 19.83	33.3	38.69	45.43	56.59	1039
2023-08-19 09:13:49,267 - INFO - entity_res_one_jump: 21.27	39.75	48.41	60.15	74.11	1039
2023-08-19 09:13:49,267 - INFO - path_res_two_jump: 1.23	6.86	11.03	21.32	32.11	408
2023-08-19 09:13:49,267 - INFO - entity_res_two_jump: 2.7	11.76	17.16	31.13	47.3	408
2023-08-19 09:13:49,267 - INFO - precision: 0.16133518776077885, recall_macro: 0.10507783596432752, f1_macro: 0.09599130092119132, recall_micro: 0.16133518776077885, f1_micro: 0.16133518776077885
2023-08-19 09:13:49,267 - INFO - test unseen
2023-08-19 09:14:24,905 - INFO - path_res_all: 6.89	13.78	18.16	24.98	37.76	1393
2023-08-19 09:14:24,905 - INFO - entity_res_all: 8.4	24.84	36.61	53.55	72.51	1393
2023-08-19 09:14:24,905 - INFO - path_res_one_jump: 10.17	18.44	22.57	27.04	35.31	895
2023-08-19 09:14:24,905 - INFO - entity_res_one_jump: 12.07	34.3	48.94	67.93	82.68	895
2023-08-19 09:14:24,905 - INFO - path_res_two_jump: 1.0	5.42	10.24	21.29	42.17	498
2023-08-19 09:14:24,905 - INFO - entity_res_two_jump: 1.81	7.83	14.46	27.71	54.22	498
2023-08-19 09:14:24,905 - INFO - precision: 0.08429394812680115, recall_macro: 0.055201826634670104, f1_macro: 0.05071176383246666, recall_micro: 0.08429394812680115, f1_micro: 0.08429394812680115
2023-08-19 09:14:24,906 - INFO - 
2023-08-19 09:14:24,906 - INFO - ./models/attnio_bigGraph/batch-4/MultiRe_epoch-6
2023-08-19 09:14:24,906 - INFO - test seen
2023-08-19 09:15:02,114 - INFO - path_res_all: 14.65	24.88	31.72	39.88	49.21	1447
2023-08-19 09:15:02,114 - INFO - entity_res_all: 15.96	30.75	40.15	52.04	65.24	1447
2023-08-19 09:15:02,114 - INFO - path_res_one_jump: 19.83	31.76	38.02	45.62	54.96	1039
2023-08-19 09:15:02,114 - INFO - entity_res_one_jump: 21.37	38.88	48.32	60.35	73.34	1039
2023-08-19 09:15:02,114 - INFO - path_res_two_jump: 1.47	7.35	15.69	25.25	34.56	408
2023-08-19 09:15:02,114 - INFO - entity_res_two_jump: 2.21	10.05	19.36	30.88	44.61	408
2023-08-19 09:15:02,114 - INFO - precision: 0.16063977746870653, recall_macro: 0.10254744207574396, f1_macro: 0.09133517598607557, recall_micro: 0.16063977746870653, f1_micro: 0.16063977746870653
2023-08-19 09:15:02,115 - INFO - test unseen
2023-08-19 09:15:29,249 - INFO - path_res_all: 1.87	3.88	4.88	6.75	9.48	1393
2023-08-19 09:15:29,249 - INFO - entity_res_all: 3.3	9.26	12.35	16.8	21.39	1393
2023-08-19 09:15:29,249 - INFO - path_res_one_jump: 2.91	5.36	6.03	7.04	8.49	895
2023-08-19 09:15:29,249 - INFO - entity_res_one_jump: 4.69	13.07	16.98	21.68	25.59	895
2023-08-19 09:15:29,249 - INFO - path_res_two_jump: 0.0	1.2	2.81	6.22	11.24	498
2023-08-19 09:15:29,249 - INFO - entity_res_two_jump: 0.8	2.41	4.02	8.03	13.86	498
2023-08-19 09:15:29,249 - INFO - precision: 0.03314121037463977, recall_macro: 0.01810682696693059, f1_macro: 0.017040640972048278, recall_micro: 0.03314121037463977, f1_micro: 0.03314121037463977
2023-08-19 09:15:29,249 - INFO - 
2023-08-19 09:15:29,250 - INFO - ./models/attnio_bigGraph/batch-4/MultiRe_epoch-8
2023-08-19 09:15:29,250 - INFO - test seen
2023-08-19 09:16:07,732 - INFO - path_res_all: 10.3	17.35	20.8	25.09	32.69	1447
2023-08-19 09:16:07,732 - INFO - entity_res_all: 12.65	29.16	38.91	52.32	64.75	1447
2023-08-19 09:16:07,732 - INFO - path_res_one_jump: 14.24	22.62	25.31	27.91	33.97	1039
2023-08-19 09:16:07,732 - INFO - entity_res_one_jump: 17.52	38.69	49.86	64.2	75.46	1039
2023-08-19 09:16:07,732 - INFO - path_res_two_jump: 0.25	3.92	9.31	17.89	29.41	408
2023-08-19 09:16:07,732 - INFO - entity_res_two_jump: 0.25	4.9	11.03	22.06	37.5	408
2023-08-19 09:16:07,732 - INFO - precision: 0.12734864300626306, recall_macro: 0.0792111320359908, f1_macro: 0.07138666572033138, recall_micro: 0.12734864300626306, f1_micro: 0.12734864300626306
2023-08-19 09:16:07,733 - INFO - test unseen
2023-08-19 09:16:42,804 - INFO - path_res_all: 3.52	6.68	8.26	12.78	23.19	1393
2023-08-19 09:16:42,804 - INFO - entity_res_all: 5.24	22.9	35.68	50.9	68.92	1393
2023-08-19 09:16:42,804 - INFO - path_res_one_jump: 5.47	8.83	9.5	11.06	16.2	895
2023-08-19 09:16:42,804 - INFO - entity_res_one_jump: 7.93	33.07	50.61	68.04	82.23	895
2023-08-19 09:16:42,804 - INFO - path_res_two_jump: 0.0	2.81	6.02	15.86	35.74	498
2023-08-19 09:16:42,804 - INFO - entity_res_two_jump: 0.4	4.62	8.84	20.08	44.98	498
2023-08-19 09:16:42,804 - INFO - precision: 0.05259365994236311, recall_macro: 0.03679896454320163, f1_macro: 0.03172667048641975, recall_micro: 0.05259365994236311, f1_micro: 0.05259365994236311
2023-08-19 09:16:42,805 - INFO - 
2023-08-19 09:16:42,805 - INFO - ./models/attnio_bigGraph/batch-4/MultiRe_epoch-10
2023-08-19 09:16:42,805 - INFO - test seen
