2023-08-19 08:53:52,626 - INFO - ./models/attnio_bigGraph/MultiRe_epoch-2
2023-08-19 08:53:52,626 - INFO - test seen
2023-08-19 08:55:36,243 - INFO - ./models/attnio_bigGraph/batch-4/MultiRe_epoch-2
2023-08-19 08:55:36,243 - INFO - test seen
2023-08-19 08:56:16,767 - INFO - path_res_all: 9.05	12.23	13.68	16.93	24.4	1447
2023-08-19 08:56:16,767 - INFO - entity_res_all: 13.82	29.99	38.42	51.62	65.86	1447
2023-08-19 08:56:16,767 - INFO - path_res_one_jump: 12.51	16.46	16.94	17.81	22.14	1039
2023-08-19 08:56:16,767 - INFO - entity_res_one_jump: 18.96	40.71	50.72	64.2	75.17	1039
2023-08-19 08:56:16,767 - INFO - path_res_two_jump: 0.25	1.47	5.39	14.71	30.15	408
2023-08-19 08:56:16,767 - INFO - entity_res_two_jump: 0.74	2.7	7.11	19.61	42.16	408
2023-08-19 08:56:16,767 - INFO - precision: 0.138217000691085, recall_macro: 0.09368079665109368, f1_macro: 0.0812409045452938, recall_micro: 0.138217000691085, f1_micro: 0.138217000691085
2023-08-19 08:56:16,768 - INFO - test unseen
2023-08-19 08:56:53,410 - INFO - path_res_all: 5.24	8.9	10.62	14.36	27.14	1393
2023-08-19 08:56:53,410 - INFO - entity_res_all: 7.82	28.93	40.34	56.71	78.18	1393
2023-08-19 08:56:53,410 - INFO - path_res_one_jump: 8.16	12.63	12.85	13.18	17.43	895
2023-08-19 08:56:53,410 - INFO - entity_res_one_jump: 11.51	42.68	57.43	75.87	90.61	895
2023-08-19 08:56:53,410 - INFO - path_res_two_jump: 0.0	2.21	6.63	16.47	44.58	498
2023-08-19 08:56:53,410 - INFO - entity_res_two_jump: 1.2	4.22	9.64	22.29	55.82	498
2023-08-19 08:56:53,410 - INFO - precision: 0.07824838478104809, recall_macro: 0.051823456977548366, f1_macro: 0.04656113144125556, recall_micro: 0.07824838478104809, f1_micro: 0.07824838478104809
2023-08-19 08:56:53,411 - INFO - 
2023-08-19 08:56:53,411 - INFO - ./models/attnio_bigGraph/batch-4/MultiRe_epoch-4
2023-08-19 08:56:53,411 - INFO - test seen
2023-08-19 08:57:33,104 - INFO - path_res_all: 15.2	28.13	34.0	43.33	53.97	1447
2023-08-19 08:57:33,104 - INFO - entity_res_all: 16.45	33.45	41.19	54.32	68.69	1447
2023-08-19 08:57:33,104 - INFO - path_res_one_jump: 20.31	35.51	41.29	50.14	61.41	1039
2023-08-19 08:57:33,104 - INFO - entity_res_one_jump: 21.46	41.1	48.89	61.79	76.32	1039
2023-08-19 08:57:33,104 - INFO - path_res_two_jump: 2.21	9.31	15.44	25.98	35.05	408
2023-08-19 08:57:33,104 - INFO - entity_res_two_jump: 3.68	13.97	21.57	35.29	49.26	408
2023-08-19 08:57:33,104 - INFO - precision: 0.16447823082239116, recall_macro: 0.10422582401474222, f1_macro: 0.0951054906200025, recall_micro: 0.16447823082239116, f1_micro: 0.16447823082239116
2023-08-19 08:57:33,105 - INFO - test unseen
2023-08-19 08:58:09,840 - INFO - path_res_all: 7.18	14.36	19.24	25.7	38.84	1393
2023-08-19 08:58:09,840 - INFO - entity_res_all: 8.61	24.84	36.47	53.27	72.86	1393
2023-08-19 08:58:09,840 - INFO - path_res_one_jump: 10.95	19.44	24.36	28.38	36.87	895
2023-08-19 08:58:09,840 - INFO - entity_res_one_jump: 12.63	34.19	48.83	67.6	83.58	895
2023-08-19 08:58:09,840 - INFO - path_res_two_jump: 0.4	5.22	10.04	20.88	42.37	498
2023-08-19 08:58:09,840 - INFO - entity_res_two_jump: 1.41	8.03	14.26	27.51	53.61	498
2023-08-19 08:58:09,840 - INFO - precision: 0.08614501076812635, recall_macro: 0.06130645240552362, f1_macro: 0.05134762038786807, recall_micro: 0.08614501076812635, f1_micro: 0.08614501076812635
2023-08-19 08:58:09,840 - INFO - 
2023-08-19 08:58:09,841 - INFO - ./models/attnio_bigGraph/batch-4/MultiRe_epoch-6
2023-08-19 08:58:09,841 - INFO - test seen
2023-08-19 08:58:49,240 - INFO - path_res_all: 14.65	26.05	32.48	41.88	51.83	1447
2023-08-19 08:58:49,240 - INFO - entity_res_all: 16.24	31.72	40.29	53.84	67.86	1447
2023-08-19 08:58:49,240 - INFO - path_res_one_jump: 19.63	32.53	38.59	47.45	57.17	1039
2023-08-19 08:58:49,240 - INFO - entity_res_one_jump: 21.46	39.56	48.32	61.79	74.98	1039
2023-08-19 08:58:49,240 - INFO - path_res_two_jump: 1.96	9.56	16.91	27.7	38.24	408
2023-08-19 08:58:49,240 - INFO - entity_res_two_jump: 2.94	11.76	19.85	33.58	49.75	408
2023-08-19 08:58:49,240 - INFO - precision: 0.16240497581202487, recall_macro: 0.10221458128434872, f1_macro: 0.09139334038174847, recall_micro: 0.16240497581202487, f1_micro: 0.16240497581202487
2023-08-19 08:58:49,241 - INFO - test unseen
2023-08-19 08:59:17,188 - INFO - path_res_all: 2.23	4.16	5.1	6.89	9.33	1393
2023-08-19 08:59:17,188 - INFO - entity_res_all: 3.37	8.61	12.06	16.44	21.18	1393
2023-08-19 08:59:17,188 - INFO - path_res_one_jump: 3.46	5.59	6.37	7.71	8.94	895
2023-08-19 08:59:17,188 - INFO - entity_res_one_jump: 4.92	11.96	16.65	21.56	25.81	895
2023-08-19 08:59:17,188 - INFO - path_res_two_jump: 0.0	1.61	2.81	5.42	10.04	498
2023-08-19 08:59:17,188 - INFO - entity_res_two_jump: 0.6	2.61	3.82	7.23	12.85	498
2023-08-19 08:59:17,188 - INFO - precision: 0.03374012921751615, recall_macro: 0.01729963508582241, f1_macro: 0.015956732024667738, recall_micro: 0.03374012921751615, f1_micro: 0.03374012921751615
2023-08-19 08:59:17,188 - INFO - 
2023-08-19 08:59:17,189 - INFO - ./models/attnio_bigGraph/batch-4/MultiRe_epoch-8
2023-08-19 08:59:17,189 - INFO - test seen
2023-08-19 08:59:57,528 - INFO - path_res_all: 10.78	17.83	21.29	25.43	33.45	1447
2023-08-19 08:59:57,528 - INFO - entity_res_all: 12.79	29.79	39.05	52.52	66.97	1447
2023-08-19 08:59:57,528 - INFO - path_res_one_jump: 14.82	23.2	26.28	28.97	34.84	1039
2023-08-19 08:59:57,528 - INFO - entity_res_one_jump: 17.61	39.46	50.14	65.26	77.29	1039
2023-08-19 08:59:57,528 - INFO - path_res_two_jump: 0.49	4.17	8.58	16.42	29.9	408
2023-08-19 08:59:57,528 - INFO - entity_res_two_jump: 0.49	5.15	10.78	20.1	40.69	408
2023-08-19 08:59:57,528 - INFO - precision: 0.12785072563925362, recall_macro: 0.0816018576280585, f1_macro: 0.0728164436243039, recall_micro: 0.12785072563925362, f1_micro: 0.12785072563925362
2023-08-19 08:59:57,530 - INFO - test unseen
2023-08-19 09:00:34,302 - INFO - path_res_all: 3.23	5.96	7.54	11.99	23.26	1393
2023-08-19 09:00:34,303 - INFO - entity_res_all: 5.17	22.25	35.46	50.61	69.42	1393
2023-08-19 09:00:34,303 - INFO - path_res_one_jump: 5.03	7.71	9.05	10.39	16.65	895
2023-08-19 09:00:34,303 - INFO - entity_res_one_jump: 7.82	32.4	51.06	68.38	83.35	895
2023-08-19 09:00:34,303 - INFO - path_res_two_jump: 0.0	2.81	4.82	14.86	35.14	498
2023-08-19 09:00:34,303 - INFO - entity_res_two_jump: 0.4	4.02	7.43	18.67	44.38	498
2023-08-19 09:00:34,303 - INFO - precision: 0.05168700646087581, recall_macro: 0.02989151305683564, f1_macro: 0.026052063504313078, recall_micro: 0.05168700646087581, f1_micro: 0.0516870064608758
2023-08-19 09:00:34,303 - INFO - 
2023-08-19 09:00:34,304 - INFO - ./models/attnio_bigGraph/batch-4/MultiRe_epoch-10
2023-08-19 09:00:34,304 - INFO - test seen
2023-08-19 09:01:14,381 - INFO - path_res_all: 16.1	27.92	34.49	43.26	52.87	1447
2023-08-19 09:01:14,382 - INFO - entity_res_all: 17.42	33.52	42.71	54.46	66.69	1447
2023-08-19 09:01:14,382 - INFO - path_res_one_jump: 20.89	34.55	40.62	49.47	59.48	1039
2023-08-19 09:01:14,382 - INFO - entity_res_one_jump: 22.52	41.29	50.53	62.56	74.88	1039
2023-08-19 09:01:14,382 - INFO - path_res_two_jump: 3.92	11.03	18.87	27.45	36.03	408
2023-08-19 09:01:14,382 - INFO - entity_res_two_jump: 4.41	13.73	22.79	33.82	45.83	408
2023-08-19 09:01:14,382 - INFO - precision: 0.1741534208707671, recall_macro: 0.10649210552123171, f1_macro: 0.09616089020325559, recall_micro: 0.1741534208707671, f1_micro: 0.1741534208707671
2023-08-19 09:01:14,383 - INFO - test unseen
2023-08-19 09:01:48,378 - INFO - path_res_all: 5.1	10.27	12.85	18.66	29.43	1393
2023-08-19 09:01:48,378 - INFO - entity_res_all: 6.89	20.32	28.93	40.92	56.35	1393
2023-08-19 09:01:48,378 - INFO - path_res_one_jump: 7.82	14.3	16.31	20.34	27.49	895
2023-08-19 09:01:48,378 - INFO - entity_res_one_jump: 9.94	28.72	39.66	52.4	65.14	895
2023-08-19 09:01:48,378 - INFO - path_res_two_jump: 0.2	3.01	6.63	15.66	32.93	498
2023-08-19 09:01:48,378 - INFO - entity_res_two_jump: 1.41	5.22	9.64	20.28	40.56	498
2023-08-19 09:01:48,378 - INFO - precision: 0.06891600861450108, recall_macro: 0.04389334184517898, f1_macro: 0.041948890235881296, recall_micro: 0.06891600861450108, f1_micro: 0.06891600861450108
2023-08-19 09:01:48,378 - INFO - 
2023-08-19 09:01:48,379 - INFO - ./models/attnio_bigGraph/batch-4/MultiRe_epoch-12
2023-08-19 09:01:48,379 - INFO - test seen
2023-08-19 09:02:28,160 - INFO - path_res_all: 13.13	24.19	32.83	42.78	53.56	1447
2023-08-19 09:02:28,161 - INFO - entity_res_all: 13.89	28.2	38.42	51.35	65.1	1447
2023-08-19 09:02:28,161 - INFO - path_res_one_jump: 17.52	30.61	39.08	49.28	60.73	1039
2023-08-19 09:02:28,161 - INFO - entity_res_one_jump: 18.19	34.74	44.95	58.42	72.47	1039
2023-08-19 09:02:28,161 - INFO - path_res_two_jump: 1.96	7.84	16.91	26.23	35.29	408
2023-08-19 09:02:28,161 - INFO - entity_res_two_jump: 2.94	11.52	21.81	33.33	46.32	408
2023-08-19 09:02:28,161 - INFO - precision: 0.13890808569454044, recall_macro: 0.08499700239808153, f1_macro: 0.07888284277672765, recall_micro: 0.13890808569454044, f1_micro: 0.13890808569454044
2023-08-19 09:02:28,162 - INFO - test unseen
2023-08-19 09:03:04,992 - INFO - path_res_all: 6.6	13.42	18.81	27.49	42.07	1393
2023-08-19 09:03:04,992 - INFO - entity_res_all: 7.39	22.61	33.81	49.89	71.14	1393
2023-08-19 09:03:04,992 - INFO - path_res_one_jump: 9.61	17.09	22.79	30.39	42.57	895
2023-08-19 09:03:04,992 - INFO - entity_res_one_jump: 10.5	30.28	43.8	61.56	80.67	895
2023-08-19 09:03:04,992 - INFO - path_res_two_jump: 1.2	6.83	11.65	22.29	41.16	498
2023-08-19 09:03:04,992 - INFO - entity_res_two_jump: 1.81	8.84	15.86	28.92	54.02	498
2023-08-19 09:03:04,992 - INFO - precision: 0.07394113424264179, recall_macro: 0.04647130647130647, f1_macro: 0.040668159726983254, recall_micro: 0.07394113424264179, f1_micro: 0.07394113424264179
2023-08-19 09:03:04,992 - INFO - 
2023-08-19 09:03:04,993 - INFO - ./models/attnio_bigGraph/batch-4/MultiRe_epoch-14
2023-08-19 09:03:04,993 - INFO - test seen
2023-08-19 09:03:44,867 - INFO - path_res_all: 15.41	27.85	34.69	46.3	56.46	1447
2023-08-19 09:03:44,868 - INFO - entity_res_all: 16.24	32.27	40.36	54.32	66.97	1447
2023-08-19 09:03:44,868 - INFO - path_res_one_jump: 20.21	34.94	41.77	53.22	63.62	1039
2023-08-19 09:03:44,868 - INFO - entity_res_one_jump: 20.98	40.13	48.41	62.37	74.49	1039
2023-08-19 09:03:44,868 - INFO - path_res_two_jump: 3.19	9.8	16.67	28.68	38.24	408
2023-08-19 09:03:44,868 - INFO - entity_res_two_jump: 4.17	12.25	19.85	33.82	47.79	408
2023-08-19 09:03:44,868 - INFO - precision: 0.16240497581202487, recall_macro: 0.11003968253968252, f1_macro: 0.09524580156159103, recall_micro: 0.16240497581202487, f1_micro: 0.16240497581202487
2023-08-19 09:03:44,869 - INFO - test unseen
2023-08-19 09:04:21,593 - INFO - path_res_all: 6.75	14.93	19.31	28.0	41.06	1393
2023-08-19 09:04:21,593 - INFO - entity_res_all: 7.9	25.92	38.91	54.63	74.95	1393
2023-08-19 09:04:21,593 - INFO - path_res_one_jump: 9.83	19.33	23.02	29.72	38.55	895
2023-08-19 09:04:21,593 - INFO - entity_res_one_jump: 10.84	34.64	51.06	67.6	84.92	895
2023-08-19 09:04:21,593 - INFO - path_res_two_jump: 1.2	7.03	12.65	24.9	45.58	498
2023-08-19 09:04:21,593 - INFO - entity_res_two_jump: 2.61	10.24	17.07	31.33	57.03	498
2023-08-19 09:04:21,594 - INFO - precision: 0.07896625987078248, recall_macro: 0.05344449788894232, f1_macro: 0.04869383949143533, recall_micro: 0.07896625987078248, f1_micro: 0.07896625987078248
2023-08-19 09:04:21,594 - INFO - 
2023-08-19 09:04:21,594 - INFO - ./models/attnio_bigGraph/batch-4/MultiRe_epoch-16
2023-08-19 09:04:21,594 - INFO - test seen
2023-08-19 09:05:01,043 - INFO - path_res_all: 17.42	30.48	38.91	48.1	57.91	1447
2023-08-19 09:05:01,043 - INFO - entity_res_all: 18.24	34.76	45.61	57.15	69.38	1447
2023-08-19 09:05:01,044 - INFO - path_res_one_jump: 22.62	38.11	46.29	55.25	65.45	1039
2023-08-19 09:05:01,044 - INFO - entity_res_one_jump: 23.39	42.93	53.61	65.26	77.48	1039
2023-08-19 09:05:01,044 - INFO - path_res_two_jump: 4.17	11.03	20.1	29.9	38.73	408
2023-08-19 09:05:01,044 - INFO - entity_res_two_jump: 5.15	13.97	25.25	36.52	48.77	408
2023-08-19 09:05:01,044 - INFO - precision: 0.1824464409122322, recall_macro: 0.1151864901416471, f1_macro: 0.10592251911165126, recall_micro: 0.1824464409122322, f1_micro: 0.1824464409122322
2023-08-19 09:05:01,044 - INFO - test unseen
2023-08-19 09:05:38,244 - INFO - path_res_all: 5.96	12.85	16.8	24.19	37.11	1393
2023-08-19 09:05:38,245 - INFO - entity_res_all: 7.25	23.83	34.31	50.11	70.42	1393
2023-08-19 09:05:38,245 - INFO - path_res_one_jump: 8.72	17.54	21.34	26.7	36.2	895
2023-08-19 09:05:38,245 - INFO - entity_res_one_jump: 9.83	32.74	46.15	63.24	81.12	895
2023-08-19 09:05:38,245 - INFO - path_res_two_jump: 1.0	4.42	8.63	19.68	38.76	498
2023-08-19 09:05:38,245 - INFO - entity_res_two_jump: 2.61	7.83	13.05	26.51	51.2	498
2023-08-19 09:05:38,245 - INFO - precision: 0.07250538406317301, recall_macro: 0.05483776844070961, f1_macro: 0.04681409483624674, recall_micro: 0.07250538406317301, f1_micro: 0.07250538406317301
2023-08-19 09:05:38,245 - INFO - 
2023-08-19 09:05:38,246 - INFO - ./models/attnio_bigGraph/batch-4/MultiRe_epoch-18
2023-08-19 09:05:38,246 - INFO - test seen
2023-08-19 09:06:17,964 - INFO - path_res_all: 16.79	30.62	38.42	47.75	57.91	1447
2023-08-19 09:06:17,964 - INFO - entity_res_all: 17.48	35.31	45.27	57.5	70.49	1447
2023-08-19 09:06:17,964 - INFO - path_res_one_jump: 21.75	38.4	46.29	55.15	64.68	1039
2023-08-19 09:06:17,964 - INFO - entity_res_one_jump: 22.43	43.89	54.48	66.7	77.96	1039
2023-08-19 09:06:17,964 - INFO - path_res_two_jump: 4.17	10.78	18.38	28.92	40.69	408
2023-08-19 09:06:17,964 - INFO - entity_res_two_jump: 4.9	13.48	21.81	34.07	51.47	408
2023-08-19 09:06:17,964 - INFO - precision: 0.17484450587422254, recall_macro: 0.10916929794617966, f1_macro: 0.10249708606386591, recall_micro: 0.17484450587422254, f1_micro: 0.17484450587422254
2023-08-19 09:06:17,965 - INFO - test unseen
2023-08-19 09:06:53,264 - INFO - path_res_all: 5.03	11.84	15.65	23.4	34.67	1393
2023-08-19 09:06:53,264 - INFO - entity_res_all: 5.96	21.18	31.87	47.02	64.25	1393
2023-08-19 09:06:53,264 - INFO - path_res_one_jump: 7.26	16.2	19.44	25.7	34.41	895
2023-08-19 09:06:53,264 - INFO - entity_res_one_jump: 7.93	28.94	42.23	58.88	74.41	895
2023-08-19 09:06:53,264 - INFO - path_res_two_jump: 1.0	4.02	8.84	19.28	35.14	498
2023-08-19 09:06:53,264 - INFO - entity_res_two_jump: 2.41	7.23	13.25	25.7	45.98	498
2023-08-19 09:06:53,264 - INFO - precision: 0.05958363244795405, recall_macro: 0.03896428980105602, f1_macro: 0.03521518699927859, recall_micro: 0.05958363244795405, f1_micro: 0.05958363244795405
2023-08-19 09:06:53,265 - INFO - 
2023-08-19 09:06:53,265 - INFO - ./models/attnio_bigGraph/batch-4/MultiRe_epoch-20
2023-08-19 09:06:53,265 - INFO - test seen
2023-08-19 09:07:36,786 - INFO - path_res_all: 16.52	31.1	38.84	48.58	58.6	1447
2023-08-19 09:07:36,787 - INFO - entity_res_all: 17.07	34.55	44.44	57.29	70.63	1447
2023-08-19 09:07:36,787 - INFO - path_res_one_jump: 21.66	38.98	46.97	56.21	65.74	1039
2023-08-19 09:07:36,787 - INFO - entity_res_one_jump: 22.14	42.83	53.22	65.74	78.06	1039
2023-08-19 09:07:36,787 - INFO - path_res_two_jump: 3.43	11.03	18.14	29.17	40.44	408
2023-08-19 09:07:36,787 - INFO - entity_res_two_jump: 4.17	13.48	22.06	35.78	51.72	408
2023-08-19 09:07:36,787 - INFO - precision: 0.17069799585349, recall_macro: 0.11040528526978391, f1_macro: 0.10022399535307822, recall_micro: 0.17069799585349, f1_micro: 0.17069799585349
2023-08-19 09:07:36,788 - INFO - test unseen
2023-08-19 09:08:13,596 - INFO - path_res_all: 5.53	13.21	17.37	24.98	38.91	1393
2023-08-19 09:08:13,597 - INFO - entity_res_all: 6.53	22.97	33.52	49.89	71.36	1393
2023-08-19 09:08:13,597 - INFO - path_res_one_jump: 7.6	17.32	21.56	27.04	36.98	895
2023-08-19 09:08:13,597 - INFO - entity_res_one_jump: 8.38	30.5	44.13	61.34	80.89	895
2023-08-19 09:08:13,597 - INFO - path_res_two_jump: 1.81	5.82	9.84	21.29	42.37	498
2023-08-19 09:08:13,597 - INFO - entity_res_two_jump: 3.21	9.44	14.46	29.32	54.22	498
2023-08-19 09:08:13,597 - INFO - precision: 0.06532663316582915, recall_macro: 0.04525677893129275, f1_macro: 0.04365193136578973, recall_micro: 0.06532663316582915, f1_micro: 0.06532663316582915
2023-08-19 09:08:13,597 - INFO - 
