2023-08-20 18:11:29,277 - INFO - ./models/attnio_bigGraph/batch-4/MultiRe_epoch-2
2023-08-20 18:11:29,278 - INFO - test seen
2023-08-20 18:12:15,944 - INFO - path_res_all: 0.0	0.07	0.07	0.07	0.07	1447
2023-08-20 18:12:15,944 - INFO - entity_res_all: 0.0	0.14	0.14	0.21	0.21	1447
2023-08-20 18:12:15,944 - INFO - path_res_one_jump: 0.0	0.1	0.1	0.1	0.1	1039
2023-08-20 18:12:15,944 - INFO - entity_res_one_jump: 0.0	0.19	0.19	0.29	0.29	1039
2023-08-20 18:12:15,944 - INFO - path_res_two_jump: 0.0	0.0	0.0	0.0	0.0	408
2023-08-20 18:12:15,944 - INFO - entity_res_two_jump: 0.0	0.0	0.0	0.0	0.0	408
2023-08-20 18:12:15,944 - INFO - precision: 0.0, recall_macro: 0.0, f1_macro: 0.0, recall_micro: 0.0, f1_micro: 0.0
2023-08-20 18:12:15,945 - INFO - test unseen
2023-08-20 18:12:23,242 - INFO - path_res_all: 0.0	0.0	0.0	0.0	0.0	1393
2023-08-20 18:12:23,242 - INFO - entity_res_all: 0.0	0.0	0.0	0.0	0.0	1393
2023-08-20 18:12:23,242 - INFO - path_res_one_jump: 0.0	0.0	0.0	0.0	0.0	895
2023-08-20 18:12:23,243 - INFO - entity_res_one_jump: 0.0	0.0	0.0	0.0	0.0	895
2023-08-20 18:12:23,243 - INFO - path_res_two_jump: 0.0	0.0	0.0	0.0	0.0	498
2023-08-20 18:12:23,243 - INFO - entity_res_two_jump: 0.0	0.0	0.0	0.0	0.0	498
2023-08-20 18:12:23,243 - INFO - precision: 0.0, recall_macro: 0.0, f1_macro: 0.0, recall_micro: 0.0, f1_micro: 0.0
2023-08-20 18:12:23,243 - INFO - 
2023-08-20 18:12:23,243 - INFO - ./models/attnio_bigGraph/batch-4/MultiRe_epoch-4
2023-08-20 18:12:23,243 - INFO - test seen
2023-08-20 18:21:26,170 - INFO - ./models/attnio_bigGraph/batch-4/MultiRe_epoch-2
2023-08-20 18:21:26,170 - INFO - test seen
2023-08-20 18:24:07,602 - INFO - ./models/attnio_bigGraph/batch-4/MultiRe_epoch-2
2023-08-20 18:24:07,602 - INFO - test seen
2023-08-20 18:25:57,173 - INFO - ./models/attnio_bigGraph/batch-4/MultiRe_epoch-2
2023-08-20 18:25:57,173 - INFO - test seen
2023-08-20 18:26:45,137 - INFO - path_res_all: 0.0	0.07	0.07	0.07	0.07	1447
2023-08-20 18:26:45,137 - INFO - entity_res_all: 0.0	0.14	0.14	0.21	0.21	1447
2023-08-20 18:26:45,137 - INFO - path_res_one_jump: 0.0	0.1	0.1	0.1	0.1	1039
2023-08-20 18:26:45,137 - INFO - entity_res_one_jump: 0.0	0.19	0.19	0.29	0.29	1039
2023-08-20 18:26:45,137 - INFO - path_res_two_jump: 0.0	0.0	0.0	0.0	0.0	408
2023-08-20 18:26:45,137 - INFO - entity_res_two_jump: 0.0	0.0	0.0	0.0	0.0	408
2023-08-20 18:26:45,137 - INFO - precision: 0.0, recall_macro: 0.0, f1_macro: 0.0, recall_micro: 0.0, f1_micro: 0.0
2023-08-20 18:26:45,137 - INFO - test unseen
2023-08-20 18:26:53,151 - INFO - path_res_all: 0.0	0.0	0.0	0.0	0.0	1393
2023-08-20 18:26:53,151 - INFO - entity_res_all: 0.0	0.0	0.0	0.0	0.0	1393
2023-08-20 18:26:53,151 - INFO - path_res_one_jump: 0.0	0.0	0.0	0.0	0.0	895
2023-08-20 18:26:53,151 - INFO - entity_res_one_jump: 0.0	0.0	0.0	0.0	0.0	895
2023-08-20 18:26:53,151 - INFO - path_res_two_jump: 0.0	0.0	0.0	0.0	0.0	498
2023-08-20 18:26:53,151 - INFO - entity_res_two_jump: 0.0	0.0	0.0	0.0	0.0	498
2023-08-20 18:26:53,151 - INFO - precision: 0.0, recall_macro: 0.0, f1_macro: 0.0, recall_micro: 0.0, f1_micro: 0.0
2023-08-20 18:26:53,151 - INFO - 
2023-08-20 18:26:53,151 - INFO - ./models/attnio_bigGraph/batch-4/MultiRe_epoch-4
2023-08-20 18:26:53,151 - INFO - test seen
2023-08-20 18:28:31,813 - INFO - ./models/attnio_bigGraph/batch-4/MultiRe_epoch-2
2023-08-20 18:28:31,813 - INFO - test seen
2023-08-20 18:29:18,066 - INFO - path_res_all: 0.0	0.07	0.07	0.07	0.07	1447
2023-08-20 18:29:18,067 - INFO - entity_res_all: 0.0	0.14	0.14	0.21	0.21	1447
2023-08-20 18:29:18,067 - INFO - path_res_one_jump: 0.0	0.1	0.1	0.1	0.1	1039
2023-08-20 18:29:18,067 - INFO - entity_res_one_jump: 0.0	0.19	0.19	0.29	0.29	1039
2023-08-20 18:29:18,067 - INFO - path_res_two_jump: 0.0	0.0	0.0	0.0	0.0	408
2023-08-20 18:29:18,067 - INFO - entity_res_two_jump: 0.0	0.0	0.0	0.0	0.0	408
2023-08-20 18:29:18,067 - INFO - precision: 0.0, recall_macro: 0.0, f1_macro: 0.0, recall_micro: 0.0, f1_micro: 0.0
2023-08-20 18:29:18,067 - INFO - test unseen
2023-08-20 18:29:25,334 - INFO - path_res_all: 0.0	0.0	0.0	0.0	0.0	1393
2023-08-20 18:29:25,334 - INFO - entity_res_all: 0.0	0.0	0.0	0.0	0.0	1393
2023-08-20 18:29:25,334 - INFO - path_res_one_jump: 0.0	0.0	0.0	0.0	0.0	895
2023-08-20 18:29:25,334 - INFO - entity_res_one_jump: 0.0	0.0	0.0	0.0	0.0	895
2023-08-20 18:29:25,334 - INFO - path_res_two_jump: 0.0	0.0	0.0	0.0	0.0	498
2023-08-20 18:29:25,334 - INFO - entity_res_two_jump: 0.0	0.0	0.0	0.0	0.0	498
2023-08-20 18:29:25,334 - INFO - precision: 0.0, recall_macro: 0.0, f1_macro: 0.0, recall_micro: 0.0, f1_micro: 0.0
2023-08-20 18:29:25,334 - INFO - 
2023-08-20 18:29:25,334 - INFO - ./models/attnio_bigGraph/batch-4/MultiRe_epoch-4
2023-08-20 18:29:25,334 - INFO - test seen
