2023-08-20 17:04:00,069 - INFO - ./models/attnio_bigGraph/batch-4/MultiRe_epoch-2
2023-08-20 17:04:00,069 - INFO - test seen
2023-08-20 17:06:10,862 - INFO - ./models/attnio_bigGraph/batch-4/MultiRe_epoch-2
2023-08-20 17:06:10,862 - INFO - test seen
2023-08-20 17:09:22,576 - INFO - ./models/attnio_bigGraph/batch-4/MultiRe_epoch-2
2023-08-20 17:09:22,576 - INFO - test seen
2023-08-20 17:12:40,271 - INFO - path_res_all: 54.6	75.05	76.09	76.23	76.43	1447
2023-08-20 17:12:40,271 - INFO - entity_res_all: 72.01	96.75	97.79	98.0	98.2	1447
2023-08-20 17:12:40,271 - INFO - path_res_one_jump: 67.47	68.43	68.43	68.43	68.53	1039
2023-08-20 17:12:40,271 - INFO - entity_res_one_jump: 91.63	98.46	98.46	98.56	98.65	1039
2023-08-20 17:12:40,271 - INFO - path_res_two_jump: 21.81	91.91	95.59	96.08	96.57	408
2023-08-20 17:12:40,271 - INFO - entity_res_two_jump: 22.06	92.4	96.08	96.57	97.06	408
2023-08-20 17:12:40,271 - INFO - precision: 0.7201105736005529, recall_macro: 0.5068022620615393, f1_macro: 0.4804823728333374, recall_micro: 0.7201105736005529, f1_micro: 0.7201105736005528
2023-08-20 17:12:40,272 - INFO - test unseen
2023-08-20 17:13:08,744 - INFO - path_res_all: 62.31	89.23	89.81	90.17	90.17	1393
2023-08-20 17:13:08,744 - INFO - entity_res_all: 69.71	97.92	98.64	99.07	99.07	1393
2023-08-20 17:13:08,744 - INFO - path_res_one_jump: 84.25	85.81	85.81	85.81	85.81	895
2023-08-20 17:13:08,744 - INFO - entity_res_one_jump: 95.75	99.33	99.55	99.66	99.66	895
2023-08-20 17:13:08,744 - INFO - path_res_two_jump: 22.89	95.38	96.99	97.99	97.99	498
2023-08-20 17:13:08,744 - INFO - entity_res_two_jump: 22.89	95.38	96.99	97.99	97.99	498
2023-08-20 17:13:08,744 - INFO - precision: 0.697056712132089, recall_macro: 0.5885280209712067, f1_macro: 0.5753062868014301, recall_micro: 0.697056712132089, f1_micro: 0.697056712132089
2023-08-20 17:13:08,744 - INFO - 
2023-08-20 17:13:08,745 - INFO - ./models/attnio_bigGraph/batch-4/MultiRe_epoch-4
2023-08-20 17:13:08,745 - INFO - test seen
2023-08-20 17:16:29,626 - INFO - path_res_all: 28.54	53.01	54.66	54.94	55.01	1447
2023-08-20 17:16:29,626 - INFO - entity_res_all: 59.71	96.2	97.86	98.34	98.41	1447
2023-08-20 17:16:29,627 - INFO - path_res_one_jump: 38.69	38.88	38.88	38.88	38.88	1039
2023-08-20 17:16:29,627 - INFO - entity_res_one_jump: 82.1	99.04	99.04	99.13	99.13	1039
2023-08-20 17:16:29,627 - INFO - path_res_two_jump: 2.7	88.97	94.85	95.83	96.08	408
2023-08-20 17:16:29,627 - INFO - entity_res_two_jump: 2.7	88.97	94.85	96.32	96.57	408
2023-08-20 17:16:29,627 - INFO - precision: 0.5970974429854872, recall_macro: 0.36989760632004093, f1_macro: 0.3583772751977025, recall_micro: 0.5970974429854872, f1_micro: 0.5970974429854872
2023-08-20 17:16:29,627 - INFO - test unseen
2023-08-20 17:16:58,101 - INFO - path_res_all: 33.02	64.75	65.97	66.33	66.33	1393
2023-08-20 17:16:58,101 - INFO - entity_res_all: 60.66	96.63	97.85	98.35	98.35	1393
2023-08-20 17:16:58,101 - INFO - path_res_one_jump: 48.38	48.94	49.05	49.05	49.05	895
2023-08-20 17:16:58,101 - INFO - entity_res_one_jump: 91.28	98.44	98.55	98.66	98.66	895
2023-08-20 17:16:58,101 - INFO - path_res_two_jump: 5.42	93.17	96.39	97.39	97.39	498
2023-08-20 17:16:58,101 - INFO - entity_res_two_jump: 5.62	93.37	96.59	97.79	97.79	498
2023-08-20 17:16:58,101 - INFO - precision: 0.6066044508255564, recall_macro: 0.49883739530104326, f1_macro: 0.4947498208807901, recall_micro: 0.6066044508255564, f1_micro: 0.6066044508255564
2023-08-20 17:16:58,102 - INFO - 
2023-08-20 17:16:58,102 - INFO - ./models/attnio_bigGraph/batch-4/MultiRe_epoch-6
2023-08-20 17:16:58,102 - INFO - test seen
2023-08-20 17:20:12,305 - INFO - path_res_all: 24.46	42.64	43.88	44.09	44.23	1447
2023-08-20 17:20:12,305 - INFO - entity_res_all: 40.01	74.98	77.13	78.16	78.78	1447
2023-08-20 17:20:12,305 - INFO - path_res_one_jump: 33.4	33.59	33.59	33.59	33.69	1039
2023-08-20 17:20:12,305 - INFO - entity_res_one_jump: 54.09	77.0	78.15	79.31	79.88	1039
2023-08-20 17:20:12,305 - INFO - path_res_two_jump: 1.72	65.69	70.1	70.83	71.08	408
2023-08-20 17:20:12,305 - INFO - entity_res_two_jump: 4.17	69.85	74.51	75.25	75.98	408
2023-08-20 17:20:12,305 - INFO - precision: 0.4001382170006911, recall_macro: 0.155737209446641, f1_macro: 0.14899609897481247, recall_micro: 0.4001382170006911, f1_micro: 0.40013821700069113
2023-08-20 17:20:12,306 - INFO - test unseen
2023-08-20 17:20:39,910 - INFO - path_res_all: 20.75	36.54	36.76	36.97	36.97	1393
2023-08-20 17:20:39,910 - INFO - entity_res_all: 32.59	56.5	58.58	59.87	60.23	1393
2023-08-20 17:20:39,910 - INFO - path_res_one_jump: 31.96	32.4	32.4	32.4	32.4	895
2023-08-20 17:20:39,910 - INFO - entity_res_one_jump: 47.6	59.11	60.89	62.35	62.79	895
2023-08-20 17:20:39,910 - INFO - path_res_two_jump: 0.6	43.98	44.58	45.18	45.18	498
2023-08-20 17:20:39,910 - INFO - entity_res_two_jump: 5.62	51.81	54.42	55.42	55.62	498
2023-08-20 17:20:39,910 - INFO - precision: 0.32591529073941133, recall_macro: 0.18031645932739968, f1_macro: 0.1607770364645867, recall_micro: 0.32591529073941133, f1_micro: 0.32591529073941133
2023-08-20 17:20:39,910 - INFO - 
2023-08-20 17:20:39,911 - INFO - ./models/attnio_bigGraph/batch-4/MultiRe_epoch-8
2023-08-20 17:20:39,911 - INFO - test seen
2023-08-20 17:23:55,800 - INFO - path_res_all: 35.87	57.71	59.43	59.78	59.92	1447
2023-08-20 17:23:55,800 - INFO - entity_res_all: 51.07	88.6	90.95	91.57	91.85	1447
2023-08-20 17:23:55,801 - INFO - path_res_one_jump: 48.6	48.8	48.8	48.8	48.8	1039
2023-08-20 17:23:55,801 - INFO - entity_res_one_jump: 69.59	91.43	92.01	92.4	92.59	1039
2023-08-20 17:23:55,801 - INFO - path_res_two_jump: 3.43	80.39	86.52	87.75	88.24	408
2023-08-20 17:23:55,801 - INFO - entity_res_two_jump: 3.92	81.37	88.24	89.46	89.95	408
2023-08-20 17:23:55,801 - INFO - precision: 0.5107118175535591, recall_macro: 0.17815333124525054, f1_macro: 0.1596501858111401, recall_micro: 0.5107118175535591, f1_micro: 0.5107118175535591
2023-08-20 17:23:55,801 - INFO - test unseen
2023-08-20 17:24:24,036 - INFO - path_res_all: 33.52	64.03	65.11	65.4	65.4	1393
2023-08-20 17:24:24,036 - INFO - entity_res_all: 50.39	89.02	90.24	90.88	91.03	1393
2023-08-20 17:24:24,036 - INFO - path_res_one_jump: 50.73	51.17	51.17	51.17	51.17	895
2023-08-20 17:24:24,036 - INFO - entity_res_one_jump: 76.76	89.72	89.94	90.39	90.39	895
2023-08-20 17:24:24,037 - INFO - path_res_two_jump: 2.61	87.15	90.16	90.96	90.96	498
2023-08-20 17:24:24,037 - INFO - entity_res_two_jump: 3.01	87.75	90.76	91.77	92.17	498
2023-08-20 17:24:24,037 - INFO - precision: 0.5039483129935391, recall_macro: 0.31472913735359626, f1_macro: 0.312205250813364, recall_micro: 0.5039483129935391, f1_micro: 0.5039483129935391
2023-08-20 17:24:24,037 - INFO - 
2023-08-20 17:24:24,037 - INFO - ./models/attnio_bigGraph/batch-4/MultiRe_epoch-10
2023-08-20 17:24:24,037 - INFO - test seen
