2023-08-19 18:33:50,689 - INFO - ./models/attnio_bigGraph/share-subgraph/batch-4/MultiRe_epoch-2
2023-08-19 18:33:50,689 - INFO - test seen
2023-08-19 18:34:53,151 - INFO - path_res_all: 9.74	14.37	15.89	18.38	24.81	1447
2023-08-19 18:34:53,151 - INFO - entity_res_all: 12.37	28.82	40.08	54.25	69.52	1447
2023-08-19 18:34:53,151 - INFO - path_res_one_jump: 13.57	18.96	19.25	19.25	21.94	1039
2023-08-19 18:34:53,151 - INFO - entity_res_one_jump: 17.13	38.69	52.07	67.56	79.79	1039
2023-08-19 18:34:53,151 - INFO - path_res_two_jump: 0.0	2.7	7.35	16.18	32.11	408
2023-08-19 18:34:53,151 - INFO - entity_res_two_jump: 0.25	3.68	9.56	20.34	43.38	408
2023-08-19 18:34:53,151 - INFO - precision: 0.12370421561852107, recall_macro: 0.07079128791037723, f1_macro: 0.06688447765505559, recall_micro: 0.12370421561852107, f1_micro: 0.12370421561852107
2023-08-19 18:34:53,155 - INFO - test unseen
2023-08-19 18:35:45,054 - INFO - path_res_all: 6.32	10.41	12.06	16.3	26.06	1393
2023-08-19 18:35:45,054 - INFO - entity_res_all: 7.97	25.34	37.33	54.34	71.86	1393
2023-08-19 18:35:45,054 - INFO - path_res_one_jump: 9.72	14.3	14.86	14.86	17.54	895
2023-08-19 18:35:45,054 - INFO - entity_res_one_jump: 11.62	36.2	52.4	70.5	83.24	895
2023-08-19 18:35:45,054 - INFO - path_res_two_jump: 0.2	3.41	7.03	18.88	41.37	498
2023-08-19 18:35:45,054 - INFO - entity_res_two_jump: 1.41	5.82	10.24	25.3	51.41	498
2023-08-19 18:35:45,054 - INFO - precision: 0.07968413496051686, recall_macro: 0.043348846782769776, f1_macro: 0.04073260031322405, recall_micro: 0.07968413496051686, f1_micro: 0.07968413496051686
2023-08-19 18:35:45,055 - INFO - 
2023-08-19 18:35:45,055 - INFO - ./models/attnio_bigGraph/share-subgraph/batch-4/MultiRe_epoch-4
2023-08-19 18:35:45,056 - INFO - test seen
2023-08-19 18:36:45,995 - INFO - path_res_all: 12.37	19.49	24.6	31.93	41.12	1447
2023-08-19 18:36:45,996 - INFO - entity_res_all: 13.82	26.26	34.42	46.58	60.26	1447
2023-08-19 18:36:45,996 - INFO - path_res_one_jump: 16.84	25.51	30.61	37.05	44.56	1039
2023-08-19 18:36:45,996 - INFO - entity_res_one_jump: 18.77	34.36	42.83	55.44	67.76	1039
2023-08-19 18:36:45,996 - INFO - path_res_two_jump: 0.98	4.17	9.31	18.87	32.35	408
2023-08-19 18:36:45,996 - INFO - entity_res_two_jump: 1.23	5.64	12.99	24.02	41.18	408
2023-08-19 18:36:45,996 - INFO - precision: 0.138217000691085, recall_macro: 0.0846790434235368, f1_macro: 0.07752439435258818, recall_micro: 0.138217000691085, f1_micro: 0.138217000691085
2023-08-19 18:36:45,997 - INFO - test unseen
2023-08-19 18:37:40,007 - INFO - path_res_all: 8.18	14.36	19.24	26.92	42.57	1393
2023-08-19 18:37:40,007 - INFO - entity_res_all: 11.99	28.57	40.2	56.21	78.46	1393
2023-08-19 18:37:40,007 - INFO - path_res_one_jump: 12.63	20.34	24.92	29.94	38.21	895
2023-08-19 18:37:40,007 - INFO - entity_res_one_jump: 17.65	41.01	55.98	72.07	88.16	895
2023-08-19 18:37:40,007 - INFO - path_res_two_jump: 0.2	3.61	9.04	21.49	50.4	498
2023-08-19 18:37:40,007 - INFO - entity_res_two_jump: 1.81	6.22	11.85	27.71	61.04	498
2023-08-19 18:37:40,007 - INFO - precision: 0.1198851399856425, recall_macro: 0.0746301451357631, f1_macro: 0.07014534085969001, recall_micro: 0.1198851399856425, f1_micro: 0.1198851399856425
2023-08-19 18:37:40,008 - INFO - 
2023-08-19 18:37:40,009 - INFO - ./models/attnio_bigGraph/share-subgraph/batch-4/MultiRe_epoch-6
2023-08-19 18:37:40,009 - INFO - test seen
2023-08-19 18:38:42,465 - INFO - path_res_all: 15.76	27.64	34.42	44.99	54.6	1447
2023-08-19 18:38:42,466 - INFO - entity_res_all: 16.93	31.58	40.43	53.84	66.76	1447
2023-08-19 18:38:42,466 - INFO - path_res_one_jump: 21.17	35.8	42.64	53.51	62.56	1039
2023-08-19 18:38:42,466 - INFO - entity_res_one_jump: 22.52	40.42	49.09	62.75	74.69	1039
2023-08-19 18:38:42,466 - INFO - path_res_two_jump: 1.96	6.86	13.48	23.28	34.31	408
2023-08-19 18:38:42,466 - INFO - entity_res_two_jump: 2.7	9.07	18.38	31.13	46.57	408
2023-08-19 18:38:42,466 - INFO - precision: 0.16931582584657912, recall_macro: 0.10075263883403418, f1_macro: 0.09584789157589965, recall_micro: 0.16931582584657912, f1_micro: 0.16931582584657912
2023-08-19 18:38:42,467 - INFO - test unseen
2023-08-19 18:39:33,891 - INFO - path_res_all: 7.9	14.79	19.53	27.35	37.69	1393
2023-08-19 18:39:33,891 - INFO - entity_res_all: 10.05	23.62	32.59	44.8	58.22	1393
2023-08-19 18:39:33,891 - INFO - path_res_one_jump: 12.18	20.78	25.7	32.74	40.45	895
2023-08-19 18:39:33,891 - INFO - entity_res_one_jump: 14.97	33.63	44.69	57.32	68.72	895
2023-08-19 18:39:33,891 - INFO - path_res_two_jump: 0.2	4.02	8.43	17.67	32.73	498
2023-08-19 18:39:33,891 - INFO - entity_res_two_jump: 1.2	5.62	10.84	22.29	39.36	498
2023-08-19 18:39:33,891 - INFO - precision: 0.10050251256281408, recall_macro: 0.06269161226318484, f1_macro: 0.057041200287168026, recall_micro: 0.10050251256281408, f1_micro: 0.10050251256281408
2023-08-19 18:39:33,892 - INFO - 
2023-08-19 18:39:33,893 - INFO - ./models/attnio_bigGraph/share-subgraph/batch-4/MultiRe_epoch-8
2023-08-19 18:39:33,893 - INFO - test seen
2023-08-19 18:40:35,736 - INFO - path_res_all: 13.82	26.74	32.76	40.5	50.93	1447
2023-08-19 18:40:35,737 - INFO - entity_res_all: 14.65	30.41	38.42	49.34	63.58	1447
2023-08-19 18:40:35,737 - INFO - path_res_one_jump: 18.86	34.55	41.1	48.32	58.42	1039
2023-08-19 18:40:35,737 - INFO - entity_res_one_jump: 19.92	38.69	47.83	58.52	71.9	1039
2023-08-19 18:40:35,737 - INFO - path_res_two_jump: 0.98	6.86	11.52	20.59	31.86	408
2023-08-19 18:40:35,737 - INFO - entity_res_two_jump: 1.23	9.31	14.46	25.98	42.4	408
2023-08-19 18:40:35,737 - INFO - precision: 0.1465100207325501, recall_macro: 0.0904666581935265, f1_macro: 0.08065071790605599, recall_micro: 0.1465100207325501, f1_micro: 0.1465100207325501
2023-08-19 18:40:35,738 - INFO - test unseen
2023-08-19 18:41:30,077 - INFO - path_res_all: 10.91	21.97	28.21	38.26	52.76	1393
2023-08-19 18:41:30,077 - INFO - entity_res_all: 12.28	28.0	37.9	52.69	72.07	1393
2023-08-19 18:41:30,077 - INFO - path_res_one_jump: 16.09	29.27	35.87	43.46	55.31	895
2023-08-19 18:41:30,077 - INFO - entity_res_one_jump: 17.77	37.77	49.5	62.91	79.55	895
2023-08-19 18:41:30,077 - INFO - path_res_two_jump: 1.61	8.84	14.46	28.92	48.19	498
2023-08-19 18:41:30,077 - INFO - entity_res_two_jump: 2.41	10.44	17.07	34.34	58.63	498
2023-08-19 18:41:30,077 - INFO - precision: 0.12275664034458005, recall_macro: 0.07666884270844666, f1_macro: 0.06992279997230491, recall_micro: 0.12275664034458005, f1_micro: 0.12275664034458005
2023-08-19 18:41:30,078 - INFO - 
2023-08-19 18:41:30,079 - INFO - ./models/attnio_bigGraph/share-subgraph/batch-4/MultiRe_epoch-10
2023-08-19 18:41:30,079 - INFO - test seen
2023-08-19 18:42:31,066 - INFO - path_res_all: 16.17	28.54	35.94	43.54	54.8	1447
2023-08-19 18:42:31,067 - INFO - entity_res_all: 16.59	31.58	40.5	51.07	65.24	1447
2023-08-19 18:42:31,067 - INFO - path_res_one_jump: 22.04	36.96	44.47	51.59	62.95	1039
2023-08-19 18:42:31,067 - INFO - entity_res_one_jump: 22.33	40.42	49.47	59.29	73.53	1039
2023-08-19 18:42:31,067 - INFO - path_res_two_jump: 1.23	7.11	14.22	23.04	34.07	408
2023-08-19 18:42:31,067 - INFO - entity_res_two_jump: 1.96	9.07	17.65	30.15	44.12	408
2023-08-19 18:42:31,067 - INFO - precision: 0.165860400829302, recall_macro: 0.10172499011466983, f1_macro: 0.0938763243478546, recall_micro: 0.165860400829302, f1_micro: 0.165860400829302
2023-08-19 18:42:31,068 - INFO - test unseen
2023-08-19 18:43:24,272 - INFO - path_res_all: 9.33	18.52	23.4	31.95	44.72	1393
2023-08-19 18:43:24,272 - INFO - entity_res_all: 10.34	26.2	35.53	50.68	68.2	1393
2023-08-19 18:43:24,272 - INFO - path_res_one_jump: 13.74	25.03	29.39	36.2	45.47	895
2023-08-19 18:43:24,273 - INFO - entity_res_one_jump: 15.08	36.09	46.59	62.12	76.31	895
2023-08-19 18:43:24,273 - INFO - path_res_two_jump: 1.41	6.83	12.65	24.3	43.37	498
2023-08-19 18:43:24,273 - INFO - entity_res_two_jump: 1.81	8.43	15.66	30.12	53.61	498
2023-08-19 18:43:24,273 - INFO - precision: 0.10337401292175162, recall_macro: 0.06759970993473532, f1_macro: 0.06041027500418363, recall_micro: 0.10337401292175162, f1_micro: 0.1033740129217516
2023-08-19 18:43:24,273 - INFO - 
2023-08-19 18:43:24,274 - INFO - ./models/attnio_bigGraph/share-subgraph/batch-4/MultiRe_epoch-12
2023-08-19 18:43:24,274 - INFO - test seen
2023-08-19 18:44:26,230 - INFO - path_res_all: 16.59	30.34	38.15	46.37	54.87	1447
2023-08-19 18:44:26,231 - INFO - entity_res_all: 17.35	33.1	43.26	54.11	65.03	1447
2023-08-19 18:44:26,231 - INFO - path_res_one_jump: 22.14	38.59	46.29	54.19	62.85	1039
2023-08-19 18:44:26,231 - INFO - entity_res_one_jump: 23.0	41.67	52.07	62.56	73.05	1039
2023-08-19 18:44:26,231 - INFO - path_res_two_jump: 2.45	9.31	17.4	26.47	34.56	408
2023-08-19 18:44:26,231 - INFO - entity_res_two_jump: 2.94	11.27	20.83	32.6	44.61	408
2023-08-19 18:44:26,231 - INFO - precision: 0.1734623358673117, recall_macro: 0.10908744536461928, f1_macro: 0.10033337352710754, recall_micro: 0.1734623358673117, f1_micro: 0.1734623358673117
2023-08-19 18:44:26,232 - INFO - test unseen
2023-08-19 18:45:19,134 - INFO - path_res_all: 10.34	20.53	26.35	35.61	50.39	1393
2023-08-19 18:45:19,135 - INFO - entity_res_all: 12.06	29.36	39.55	54.56	75.09	1393
2023-08-19 18:45:19,135 - INFO - path_res_one_jump: 15.42	28.72	34.75	43.02	54.3	895
2023-08-19 18:45:19,135 - INFO - entity_res_one_jump: 17.09	40.89	53.3	69.27	86.59	895
2023-08-19 18:45:19,135 - INFO - path_res_two_jump: 1.2	5.82	11.24	22.29	43.37	498
2023-08-19 18:45:19,135 - INFO - entity_res_two_jump: 3.01	8.63	14.86	28.11	54.42	498
2023-08-19 18:45:19,135 - INFO - precision: 0.12060301507537688, recall_macro: 0.07811814104399274, f1_macro: 0.0729166993748789, recall_micro: 0.12060301507537688, f1_micro: 0.12060301507537688
2023-08-19 18:45:19,137 - INFO - 
2023-08-19 18:45:19,138 - INFO - ./models/attnio_bigGraph/share-subgraph/batch-4/MultiRe_epoch-14
2023-08-19 18:45:19,138 - INFO - test seen
2023-08-19 18:46:19,174 - INFO - path_res_all: 18.18	32.2	40.57	50.03	58.88	1447
2023-08-19 18:46:19,174 - INFO - entity_res_all: 18.87	35.87	45.96	57.98	69.59	1447
2023-08-19 18:46:19,174 - INFO - path_res_one_jump: 23.97	40.52	49.86	58.9	66.89	1039
2023-08-19 18:46:19,174 - INFO - entity_res_one_jump: 24.64	44.66	55.92	67.66	77.77	1039
2023-08-19 18:46:19,174 - INFO - path_res_two_jump: 3.43	11.03	16.91	27.45	38.48	408
2023-08-19 18:46:19,174 - INFO - entity_res_two_jump: 4.17	13.48	20.59	33.33	48.77	408
2023-08-19 18:46:19,174 - INFO - precision: 0.18866620594333103, recall_macro: 0.11616332497911444, f1_macro: 0.1059167513772777, recall_micro: 0.18866620594333103, f1_micro: 0.18866620594333103
2023-08-19 18:46:19,176 - INFO - test unseen
2023-08-19 18:47:11,984 - INFO - path_res_all: 9.83	20.32	25.13	35.61	51.97	1393
2023-08-19 18:47:11,985 - INFO - entity_res_all: 11.63	30.08	39.7	55.85	77.17	1393
2023-08-19 18:47:11,985 - INFO - path_res_one_jump: 14.64	27.04	31.62	41.23	53.74	895
2023-08-19 18:47:11,985 - INFO - entity_res_one_jump: 16.31	40.56	51.73	69.39	86.7	895
2023-08-19 18:47:11,985 - INFO - path_res_two_jump: 1.2	8.23	13.45	25.5	48.8	498
2023-08-19 18:47:11,985 - INFO - entity_res_two_jump: 3.21	11.24	18.07	31.53	60.04	498
2023-08-19 18:47:11,985 - INFO - precision: 0.11629576453697056, recall_macro: 0.07956875607385812, f1_macro: 0.07283234309550099, recall_micro: 0.11629576453697056, f1_micro: 0.11629576453697056
2023-08-19 18:47:11,985 - INFO - 
2023-08-19 18:47:11,986 - INFO - ./models/attnio_bigGraph/share-subgraph/batch-4/MultiRe_epoch-16
2023-08-19 18:47:11,986 - INFO - test seen
2023-08-19 18:48:11,792 - INFO - path_res_all: 16.86	32.55	40.7	49.97	58.67	1447
2023-08-19 18:48:11,792 - INFO - entity_res_all: 17.97	36.42	46.3	57.84	68.83	1447
2023-08-19 18:48:11,792 - INFO - path_res_one_jump: 22.33	41.1	49.18	58.13	66.79	1039
2023-08-19 18:48:11,793 - INFO - entity_res_one_jump: 23.39	45.43	55.53	66.6	77.09	1039
2023-08-19 18:48:11,793 - INFO - path_res_two_jump: 2.94	10.78	19.12	29.17	37.99	408
2023-08-19 18:48:11,793 - INFO - entity_res_two_jump: 4.17	13.48	22.79	35.54	47.79	408
2023-08-19 18:48:11,793 - INFO - precision: 0.1796821008984105, recall_macro: 0.11838964106457464, f1_macro: 0.10439679157571097, recall_micro: 0.1796821008984105, f1_micro: 0.17968210089841047
2023-08-19 18:48:11,793 - INFO - test unseen
2023-08-19 18:49:03,535 - INFO - path_res_all: 10.84	20.6	26.13	36.97	50.83	1393
2023-08-19 18:49:03,535 - INFO - entity_res_all: 12.35	28.64	38.12	54.27	73.37	1393
2023-08-19 18:49:03,535 - INFO - path_res_one_jump: 15.42	27.49	32.74	42.68	54.19	895
2023-08-19 18:49:03,535 - INFO - entity_res_one_jump: 17.09	38.44	48.83	65.7	82.57	895
2023-08-19 18:49:03,535 - INFO - path_res_two_jump: 2.61	8.23	14.26	26.71	44.78	498
2023-08-19 18:49:03,535 - INFO - entity_res_two_jump: 3.82	11.04	18.88	33.73	56.83	498
2023-08-19 18:49:03,535 - INFO - precision: 0.12347451543431442, recall_macro: 0.08450915517114113, f1_macro: 0.07512431804068323, recall_micro: 0.12347451543431442, f1_micro: 0.12347451543431442
2023-08-19 18:49:03,536 - INFO - 
2023-08-19 18:49:03,536 - INFO - ./models/attnio_bigGraph/share-subgraph/batch-4/MultiRe_epoch-18
2023-08-19 18:49:03,536 - INFO - test seen
2023-08-19 18:50:02,774 - INFO - path_res_all: 18.38	33.1	41.88	51.35	61.16	1447
2023-08-19 18:50:02,774 - INFO - entity_res_all: 18.87	36.42	46.65	58.53	70.84	1447
2023-08-19 18:50:02,774 - INFO - path_res_one_jump: 24.16	41.87	50.14	60.15	69.39	1039
2023-08-19 18:50:02,775 - INFO - entity_res_one_jump: 24.64	45.62	55.34	67.66	79.11	1039
2023-08-19 18:50:02,775 - INFO - path_res_two_jump: 3.68	10.78	20.83	28.92	40.2	408
2023-08-19 18:50:02,775 - INFO - entity_res_two_jump: 4.17	12.99	24.51	35.29	49.75	408
2023-08-19 18:50:02,775 - INFO - precision: 0.18866620594333103, recall_macro: 0.1202462153307349, f1_macro: 0.10939550033949734, recall_micro: 0.18866620594333103, f1_micro: 0.18866620594333103
2023-08-19 18:50:02,775 - INFO - test unseen
2023-08-19 18:50:54,182 - INFO - path_res_all: 11.27	21.32	25.92	37.04	52.33	1393
2023-08-19 18:50:54,182 - INFO - entity_res_all: 12.99	30.73	38.91	55.85	76.67	1393
2023-08-19 18:50:54,182 - INFO - path_res_one_jump: 16.42	28.38	32.85	43.69	55.42	895
2023-08-19 18:50:54,182 - INFO - entity_res_one_jump: 18.21	41.56	51.17	69.05	86.03	895
2023-08-19 18:50:54,182 - INFO - path_res_two_jump: 2.01	8.63	13.45	25.1	46.79	498
2023-08-19 18:50:54,183 - INFO - entity_res_two_jump: 3.61	11.24	16.87	32.13	59.84	498
2023-08-19 18:50:54,183 - INFO - precision: 0.1299353912419239, recall_macro: 0.0949685762629925, f1_macro: 0.08464877141382235, recall_micro: 0.1299353912419239, f1_micro: 0.1299353912419239
2023-08-19 18:50:54,183 - INFO - 
2023-08-19 18:50:54,184 - INFO - ./models/attnio_bigGraph/share-subgraph/batch-4/MultiRe_epoch-20
2023-08-19 18:50:54,184 - INFO - test seen
2023-08-19 18:51:59,617 - INFO - path_res_all: 17.42	32.9	41.12	51.28	60.54	1447
2023-08-19 18:51:59,617 - INFO - entity_res_all: 18.04	36.77	46.72	58.88	70.49	1447
2023-08-19 18:51:59,617 - INFO - path_res_one_jump: 23.0	40.9	48.89	59.77	68.82	1039
2023-08-19 18:51:59,617 - INFO - entity_res_one_jump: 23.39	45.33	55.15	68.05	78.83	1039
2023-08-19 18:51:59,617 - INFO - path_res_two_jump: 3.19	12.5	21.32	29.66	39.46	408
2023-08-19 18:51:59,617 - INFO - entity_res_two_jump: 4.41	14.95	25.25	35.54	49.26	408
2023-08-19 18:51:59,617 - INFO - precision: 0.18037318590186593, recall_macro: 0.11357472613008485, f1_macro: 0.10448710329135484, recall_micro: 0.18037318590186593, f1_micro: 0.1803731859018659
2023-08-19 18:51:59,618 - INFO - test unseen
2023-08-19 18:52:51,558 - INFO - path_res_all: 11.06	21.9	27.14	38.05	54.06	1393
2023-08-19 18:52:51,558 - INFO - entity_res_all: 12.78	29.5	38.77	54.41	75.52	1393
2023-08-19 18:52:51,558 - INFO - path_res_one_jump: 15.75	28.94	34.3	44.58	57.65	895
2023-08-19 18:52:51,558 - INFO - entity_res_one_jump: 17.65	39.11	49.72	66.37	84.25	895
2023-08-19 18:52:51,558 - INFO - path_res_two_jump: 2.61	9.24	14.26	26.31	47.59	498
2023-08-19 18:52:51,558 - INFO - entity_res_two_jump: 4.02	12.25	19.08	32.93	59.84	498
2023-08-19 18:52:51,559 - INFO - precision: 0.12778176597272076, recall_macro: 0.08556332556332555, f1_macro: 0.08068358854455111, recall_micro: 0.12778176597272076, f1_micro: 0.12778176597272076
2023-08-19 18:52:51,559 - INFO - 
