2023-08-20 06:41:22,087 - INFO - ./models/attnio_bigGraph/batch-4/MultiRe_epoch-2
2023-08-20 06:41:22,087 - INFO - test seen
2023-08-20 06:43:19,679 - INFO - ./models/attnio_bigGraph/batch-4/MultiRe_epoch-2
2023-08-20 06:43:19,679 - INFO - test seen
2023-08-20 06:44:09,250 - INFO - path_res_all: 9.12	12.51	14.58	18.18	26.61	1447
2023-08-20 06:44:09,250 - INFO - entity_res_all: 13.06	33.38	45.61	60.68	76.16	1447
2023-08-20 06:44:09,250 - INFO - path_res_one_jump: 12.32	15.88	16.36	17.23	20.98	1039
2023-08-20 06:44:09,250 - INFO - entity_res_one_jump: 17.81	44.75	58.52	74.21	85.85	1039
2023-08-20 06:44:09,250 - INFO - path_res_two_jump: 0.98	3.92	10.05	20.59	40.93	408
2023-08-20 06:44:09,250 - INFO - entity_res_two_jump: 0.98	4.41	12.75	26.23	51.47	408
2023-08-20 06:44:09,250 - INFO - precision: 0.13061506565307532, recall_macro: 0.08305152830158152, f1_macro: 0.0720951069889265, recall_micro: 0.13061506565307532, f1_micro: 0.13061506565307532
2023-08-20 06:44:09,251 - INFO - test unseen
2023-08-20 06:44:51,545 - INFO - path_res_all: 6.17	11.77	14.29	19.1	32.02	1393
2023-08-20 06:44:51,545 - INFO - entity_res_all: 8.9	30.37	42.35	59.3	79.68	1393
2023-08-20 06:44:51,545 - INFO - path_res_one_jump: 9.61	15.42	16.65	17.65	22.35	895
2023-08-20 06:44:51,545 - INFO - entity_res_one_jump: 13.18	43.02	58.44	77.09	90.73	895
2023-08-20 06:44:51,545 - INFO - path_res_two_jump: 0.0	5.22	10.04	21.69	49.4	498
2023-08-20 06:44:51,545 - INFO - entity_res_two_jump: 1.2	7.63	13.45	27.31	59.84	498
2023-08-20 06:44:51,545 - INFO - precision: 0.0890165111270639, recall_macro: 0.05787940532522576, f1_macro: 0.05100240577433536, recall_micro: 0.0890165111270639, f1_micro: 0.0890165111270639
2023-08-20 06:44:51,545 - INFO - 
2023-08-20 06:44:51,546 - INFO - ./models/attnio_bigGraph/batch-4/MultiRe_epoch-4
2023-08-20 06:44:51,546 - INFO - test seen
2023-08-20 06:45:40,564 - INFO - path_res_all: 12.85	22.11	27.64	34.49	45.75	1447
2023-08-20 06:45:40,564 - INFO - entity_res_all: 15.2	33.66	44.16	57.29	73.26	1447
2023-08-20 06:45:40,564 - INFO - path_res_one_jump: 17.13	26.76	31.86	36.86	46.87	1039
2023-08-20 06:45:40,564 - INFO - entity_res_one_jump: 20.31	41.96	53.8	66.7	81.42	1039
2023-08-20 06:45:40,564 - INFO - path_res_two_jump: 1.96	10.29	16.91	28.43	42.89	408
2023-08-20 06:45:40,564 - INFO - entity_res_two_jump: 2.21	12.5	19.61	33.33	52.45	408
2023-08-20 06:45:40,564 - INFO - precision: 0.1520387007601935, recall_macro: 0.10142837816533698, f1_macro: 0.09394975194833441, recall_micro: 0.1520387007601935, f1_micro: 0.1520387007601935
2023-08-20 06:45:40,565 - INFO - test unseen
2023-08-20 06:46:25,915 - INFO - path_res_all: 7.68	14.07	18.45	24.91	35.82	1393
2023-08-20 06:46:25,916 - INFO - entity_res_all: 10.19	28.64	39.63	56.86	74.08	1393
2023-08-20 06:46:25,916 - INFO - path_res_one_jump: 11.4	18.1	21.79	24.92	31.4	895
2023-08-20 06:46:25,916 - INFO - entity_res_one_jump: 14.86	38.99	52.29	70.5	83.69	895
2023-08-20 06:46:25,916 - INFO - path_res_two_jump: 1.0	6.83	12.45	24.9	43.78	498
2023-08-20 06:46:25,916 - INFO - entity_res_two_jump: 1.81	10.04	16.87	32.33	56.83	498
2023-08-20 06:46:25,916 - INFO - precision: 0.10193826274228285, recall_macro: 0.07280010649575867, f1_macro: 0.06658917203790261, recall_micro: 0.10193826274228285, f1_micro: 0.10193826274228285
2023-08-20 06:46:25,916 - INFO - 
2023-08-20 06:46:25,917 - INFO - ./models/attnio_bigGraph/batch-4/MultiRe_epoch-6
2023-08-20 06:46:25,917 - INFO - test seen
2023-08-20 06:47:09,188 - INFO - path_res_all: 11.26	19.63	23.57	29.09	34.62	1447
2023-08-20 06:47:09,188 - INFO - entity_res_all: 12.99	25.57	31.31	40.08	49.0	1447
2023-08-20 06:47:09,188 - INFO - path_res_one_jump: 14.82	23.87	27.14	31.76	36.09	1039
2023-08-20 06:47:09,188 - INFO - entity_res_one_jump: 16.84	31.47	37.15	45.91	53.42	1039
2023-08-20 06:47:09,188 - INFO - path_res_two_jump: 2.21	8.82	14.46	22.3	30.88	408
2023-08-20 06:47:09,188 - INFO - entity_res_two_jump: 3.19	10.54	16.42	25.25	37.75	408
2023-08-20 06:47:09,188 - INFO - precision: 0.1299239806496199, recall_macro: 0.07987102583340681, f1_macro: 0.07143744363554225, recall_micro: 0.1299239806496199, f1_micro: 0.1299239806496199
2023-08-20 06:47:09,189 - INFO - test unseen
2023-08-20 06:47:42,830 - INFO - path_res_all: 2.15	4.09	5.46	8.18	10.55	1393
2023-08-20 06:47:42,830 - INFO - entity_res_all: 3.59	9.91	14.14	18.45	22.25	1393
2023-08-20 06:47:42,830 - INFO - path_res_one_jump: 3.35	4.69	5.81	6.7	7.82	895
2023-08-20 06:47:42,830 - INFO - entity_res_one_jump: 4.92	12.96	18.44	21.56	24.69	895
2023-08-20 06:47:42,830 - INFO - path_res_two_jump: 0.0	3.01	4.82	10.84	15.46	498
2023-08-20 06:47:42,830 - INFO - entity_res_two_jump: 1.2	4.42	6.43	12.85	17.87	498
2023-08-20 06:47:42,830 - INFO - precision: 0.03589375448671931, recall_macro: 0.014347847148751725, f1_macro: 0.012061253209999593, recall_micro: 0.03589375448671931, f1_micro: 0.03589375448671931
2023-08-20 06:47:42,831 - INFO - 
2023-08-20 06:47:42,831 - INFO - ./models/attnio_bigGraph/batch-4/MultiRe_epoch-8
2023-08-20 06:47:42,831 - INFO - test seen
