2023-08-17 19:19:17,103 - INFO - ./models/as/batch-4_nhop-2_nmax-100/MultiRe_epoch-2
2023-08-17 19:19:17,103 - INFO - test seen
2023-08-17 19:20:50,392 - INFO - ./models/as/batch-4_nhop-2_nmax-100/MultiRe_epoch-2
2023-08-17 19:20:50,393 - INFO - test seen
2023-08-17 19:23:03,227 - INFO - ./models/as/batch-4_nhop-2_nmax-100/MultiRe_epoch-2
2023-08-17 19:23:03,227 - INFO - test seen
2023-08-17 19:30:56,229 - INFO - ./models/as/batch-4_nhop-2_nmax-100/MultiRe_epoch-2
2023-08-17 19:30:56,229 - INFO - test seen
2023-08-17 19:31:48,153 - INFO - path_res_all: 8.59	19.39	25.55	34.49	45.57	1444
2023-08-17 19:31:48,154 - INFO - entity_res_all: 8.93	21.12	27.56	37.67	51.73	1444
2023-08-17 19:31:48,154 - INFO - path_res_one_jump: 10.8	22.57	28.83	36.64	47.73	1037
2023-08-17 19:31:48,154 - INFO - entity_res_one_jump: 11.19	24.3	30.86	39.83	54.39	1037
2023-08-17 19:31:48,154 - INFO - path_res_two_jump: 2.95	11.3	17.2	28.99	40.05	407
2023-08-17 19:31:48,154 - INFO - entity_res_two_jump: 3.19	13.02	19.16	32.19	44.96	407
2023-08-17 19:31:48,154 - INFO - precision: 0.08989547038327526, recall_macro: 0.05453838482186945, f1_macro: 0.0492469079533565, recall_micro: 0.08989547038327526, f1_micro: 0.08989547038327526
2023-08-17 19:31:48,155 - INFO - test unseen
2023-08-17 19:32:31,859 - INFO - path_res_all: 9.35	20.77	29.66	44.44	61.84	1305
2023-08-17 19:32:31,859 - INFO - entity_res_all: 9.66	24.44	34.02	50.19	70.27	1305
2023-08-17 19:32:31,859 - INFO - path_res_one_jump: 8.99	19.18	27.82	42.93	61.51	834
2023-08-17 19:32:31,859 - INFO - entity_res_one_jump: 9.35	24.34	33.69	50.48	71.82	834
2023-08-17 19:32:31,859 - INFO - path_res_two_jump: 9.98	23.57	32.91	47.13	62.42	471
2023-08-17 19:32:31,859 - INFO - entity_res_two_jump: 10.19	24.63	34.61	49.68	67.52	471
2023-08-17 19:32:31,859 - INFO - precision: 0.09692307692307692, recall_macro: 0.06958602099712742, f1_macro: 0.06667319318553785, recall_micro: 0.09692307692307692, f1_micro: 0.09692307692307692
2023-08-17 19:32:31,860 - INFO - 
2023-08-17 19:32:31,860 - INFO - ./models/as/batch-4_nhop-2_nmax-100/MultiRe_epoch-4
2023-08-17 19:32:31,860 - INFO - test seen
2023-08-17 19:33:20,247 - INFO - path_res_all: 6.99	16.34	22.3	30.06	39.82	1444
2023-08-17 19:33:20,247 - INFO - entity_res_all: 8.03	17.87	24.31	32.96	45.91	1444
2023-08-17 19:33:20,247 - INFO - path_res_one_jump: 8.29	18.71	24.88	32.88	42.04	1037
2023-08-17 19:33:20,248 - INFO - entity_res_one_jump: 8.78	19.67	26.23	35.0	47.25	1037
2023-08-17 19:33:20,248 - INFO - path_res_two_jump: 3.69	10.32	15.72	22.85	34.15	407
2023-08-17 19:33:20,248 - INFO - entity_res_two_jump: 6.14	13.27	19.41	27.76	42.51	407
2023-08-17 19:33:20,248 - INFO - precision: 0.0808362369337979, recall_macro: 0.040241598082234334, f1_macro: 0.0393971197059445, recall_micro: 0.0808362369337979, f1_micro: 0.0808362369337979
2023-08-17 19:33:20,249 - INFO - test unseen
2023-08-17 19:34:05,464 - INFO - path_res_all: 7.51	15.86	21.92	32.8	48.05	1305
2023-08-17 19:34:05,464 - INFO - entity_res_all: 7.74	20.08	27.28	38.77	56.32	1305
2023-08-17 19:34:05,464 - INFO - path_res_one_jump: 4.68	11.75	16.07	25.06	41.73	834
2023-08-17 19:34:05,464 - INFO - entity_res_one_jump: 4.8	17.51	23.5	32.97	51.68	834
2023-08-17 19:34:05,464 - INFO - path_res_two_jump: 12.53	23.14	32.27	46.5	59.24	471
2023-08-17 19:34:05,464 - INFO - entity_res_two_jump: 12.95	24.63	33.97	49.04	64.54	471
2023-08-17 19:34:05,464 - INFO - precision: 0.07769230769230769, recall_macro: 0.05382450305442498, f1_macro: 0.05139009766638529, recall_micro: 0.07769230769230769, f1_micro: 0.07769230769230769
2023-08-17 19:34:05,465 - INFO - 
2023-08-17 19:34:05,465 - INFO - ./models/as/batch-4_nhop-2_nmax-100/MultiRe_epoch-6
2023-08-17 19:34:05,465 - INFO - test seen
2023-08-17 19:34:55,639 - INFO - path_res_all: 8.73	17.24	22.71	32.62	44.18	1444
2023-08-17 19:34:55,639 - INFO - entity_res_all: 8.86	18.01	24.17	34.35	47.65	1444
2023-08-17 19:34:55,639 - INFO - path_res_one_jump: 11.28	21.31	27.48	38.28	49.86	1037
2023-08-17 19:34:55,639 - INFO - entity_res_one_jump: 11.28	21.99	29.03	40.12	53.33	1037
2023-08-17 19:34:55,639 - INFO - path_res_two_jump: 2.21	6.88	10.57	18.18	29.73	407
2023-08-17 19:34:55,639 - INFO - entity_res_two_jump: 2.7	7.86	11.79	19.66	33.17	407
2023-08-17 19:34:55,639 - INFO - precision: 0.089198606271777, recall_macro: 0.05219715904262949, f1_macro: 0.04495274935950895, recall_micro: 0.089198606271777, f1_micro: 0.08919860627177702
2023-08-17 19:34:55,640 - INFO - test unseen
2023-08-17 19:35:40,683 - INFO - path_res_all: 7.43	18.7	28.05	43.14	60.0	1305
2023-08-17 19:35:40,684 - INFO - entity_res_all: 7.82	22.45	32.72	48.89	67.43	1305
2023-08-17 19:35:40,684 - INFO - path_res_one_jump: 8.39	21.34	31.53	48.08	64.27	834
2023-08-17 19:35:40,684 - INFO - entity_res_one_jump: 8.63	26.5	37.89	55.76	73.5	834
2023-08-17 19:35:40,684 - INFO - path_res_two_jump: 5.73	14.01	21.87	34.39	52.44	471
2023-08-17 19:35:40,684 - INFO - entity_res_two_jump: 6.37	15.29	23.57	36.73	56.69	471
2023-08-17 19:35:40,684 - INFO - precision: 0.07846153846153846, recall_macro: 0.0511116420266915, f1_macro: 0.04489347208173395, recall_micro: 0.07846153846153846, f1_micro: 0.07846153846153846
2023-08-17 19:35:40,684 - INFO - 
2023-08-17 19:35:40,685 - INFO - ./models/as/batch-4_nhop-2_nmax-100/MultiRe_epoch-8
2023-08-17 19:35:40,685 - INFO - test seen
2023-08-17 19:36:31,127 - INFO - path_res_all: 6.99	15.17	20.22	29.29	40.58	1444
2023-08-17 19:36:31,127 - INFO - entity_res_all: 7.06	15.51	20.71	30.89	44.6	1444
2023-08-17 19:36:31,128 - INFO - path_res_one_jump: 8.39	17.84	23.24	33.56	45.23	1037
2023-08-17 19:36:31,128 - INFO - entity_res_one_jump: 8.39	18.13	23.53	35.1	49.57	1037
2023-08-17 19:36:31,128 - INFO - path_res_two_jump: 3.44	8.35	12.53	18.43	28.75	407
2023-08-17 19:36:31,128 - INFO - entity_res_two_jump: 3.69	8.85	13.51	20.15	31.94	407
2023-08-17 19:36:31,128 - INFO - precision: 0.0710801393728223, recall_macro: 0.041463635883598984, f1_macro: 0.0378387303375067, recall_micro: 0.0710801393728223, f1_micro: 0.0710801393728223
2023-08-17 19:36:31,129 - INFO - test unseen
2023-08-17 19:37:16,518 - INFO - path_res_all: 8.89	19.31	26.05	38.47	54.79	1305
2023-08-17 19:37:16,519 - INFO - entity_res_all: 9.2	20.38	27.82	40.92	59.16	1305
2023-08-17 19:37:16,519 - INFO - path_res_one_jump: 7.67	18.23	23.74	36.33	54.8	834
2023-08-17 19:37:16,519 - INFO - entity_res_one_jump: 7.67	19.06	25.3	38.49	58.51	834
2023-08-17 19:37:16,519 - INFO - path_res_two_jump: 11.04	21.23	30.15	42.25	54.78	471
2023-08-17 19:37:16,519 - INFO - entity_res_two_jump: 11.89	22.72	32.27	45.22	60.3	471
2023-08-17 19:37:16,519 - INFO - precision: 0.09230769230769231, recall_macro: 0.05599801869875307, f1_macro: 0.05261765627508705, recall_micro: 0.09230769230769231, f1_micro: 0.09230769230769231
2023-08-17 19:37:16,519 - INFO - 
2023-08-17 19:37:16,520 - INFO - ./models/as/batch-4_nhop-2_nmax-100/MultiRe_epoch-10
2023-08-17 19:37:16,520 - INFO - test seen
2023-08-17 19:38:08,047 - INFO - path_res_all: 10.32	18.91	24.72	32.27	42.94	1444
2023-08-17 19:38:08,047 - INFO - entity_res_all: 10.46	20.08	26.45	35.04	47.37	1444
2023-08-17 19:38:08,047 - INFO - path_res_one_jump: 12.44	22.95	29.03	36.16	47.73	1037
2023-08-17 19:38:08,047 - INFO - entity_res_one_jump: 12.44	24.3	30.95	39.15	52.07	1037
2023-08-17 19:38:08,047 - INFO - path_res_two_jump: 4.91	8.6	13.76	22.36	30.71	407
2023-08-17 19:38:08,047 - INFO - entity_res_two_jump: 5.41	9.34	14.99	24.57	35.38	407
2023-08-17 19:38:08,047 - INFO - precision: 0.10522648083623694, recall_macro: 0.06292757112636377, f1_macro: 0.05841578598087973, recall_micro: 0.10522648083623694, f1_micro: 0.10522648083623695
2023-08-17 19:38:08,048 - INFO - test unseen
2023-08-17 19:38:52,619 - INFO - path_res_all: 9.81	22.15	31.03	42.99	59.16	1305
2023-08-17 19:38:52,619 - INFO - entity_res_all: 10.27	25.82	35.4	48.2	66.21	1305
2023-08-17 19:38:52,619 - INFO - path_res_one_jump: 8.51	20.14	28.3	40.05	58.03	834
2023-08-17 19:38:52,619 - INFO - entity_res_one_jump: 8.63	24.7	33.81	46.64	66.07	834
2023-08-17 19:38:52,619 - INFO - path_res_two_jump: 12.1	25.69	35.88	48.2	61.15	471
2023-08-17 19:38:52,619 - INFO - entity_res_two_jump: 13.16	27.81	38.22	50.96	66.45	471
2023-08-17 19:38:52,619 - INFO - precision: 0.10307692307692308, recall_macro: 0.07655508667788055, f1_macro: 0.06961397093689875, recall_micro: 0.10307692307692308, f1_micro: 0.10307692307692307
2023-08-17 19:38:52,620 - INFO - 
2023-08-17 19:38:52,620 - INFO - ./models/as/batch-4_nhop-2_nmax-100/MultiRe_epoch-12
2023-08-17 19:38:52,620 - INFO - test seen
