2023-08-17 19:39:47,529 - INFO - ./models/as/batch-4_nhop-2_nmax-100/MultiRe_epoch-2
2023-08-17 19:39:47,529 - INFO - test seen
2023-08-17 19:40:45,160 - INFO - path_res_all: 8.45	19.6	25.07	34.49	46.61	1444
2023-08-17 19:40:45,161 - INFO - entity_res_all: 8.73	20.84	26.39	37.26	52.84	1444
2023-08-17 19:40:45,161 - INFO - path_res_one_jump: 10.03	22.57	28.16	35.97	48.41	1037
2023-08-17 19:40:45,161 - INFO - entity_res_one_jump: 10.41	23.92	29.6	38.77	54.58	1037
2023-08-17 19:40:45,161 - INFO - path_res_two_jump: 4.42	12.04	17.2	30.71	42.01	407
2023-08-17 19:40:45,161 - INFO - entity_res_two_jump: 4.42	13.02	18.18	33.42	48.4	407
2023-08-17 19:40:45,161 - INFO - precision: 0.08725761772853186, recall_macro: 0.0543409045139149, f1_macro: 0.05023702605162058, recall_micro: 0.08725761772853186, f1_micro: 0.08725761772853186
2023-08-17 19:40:45,162 - INFO - test unseen
2023-08-17 19:41:34,958 - INFO - path_res_all: 8.58	20.31	28.97	43.6	62.76	1305
2023-08-17 19:41:34,958 - INFO - entity_res_all: 9.12	23.98	33.41	49.81	71.57	1305
2023-08-17 19:41:34,958 - INFO - path_res_one_jump: 7.19	17.51	26.38	40.65	61.15	834
2023-08-17 19:41:34,958 - INFO - entity_res_one_jump: 8.03	22.9	32.49	48.56	72.06	834
2023-08-17 19:41:34,958 - INFO - path_res_two_jump: 11.04	25.27	33.55	48.83	65.61	471
2023-08-17 19:41:34,958 - INFO - entity_res_two_jump: 11.04	25.9	35.03	52.02	70.7	471
2023-08-17 19:41:34,958 - INFO - precision: 0.09118773946360154, recall_macro: 0.07651012744528954, f1_macro: 0.06892935363042989, recall_micro: 0.09118773946360154, f1_micro: 0.09118773946360154
2023-08-17 19:41:34,959 - INFO - 
2023-08-17 19:41:34,959 - INFO - ./models/as/batch-4_nhop-2_nmax-100/MultiRe_epoch-4
2023-08-17 19:41:34,959 - INFO - test seen
2023-08-17 19:42:26,858 - INFO - path_res_all: 5.82	14.75	20.01	28.19	38.99	1444
2023-08-17 19:42:26,858 - INFO - entity_res_all: 6.09	15.37	21.05	30.26	43.84	1444
2023-08-17 19:42:26,858 - INFO - path_res_one_jump: 7.04	17.07	22.85	30.95	40.98	1037
2023-08-17 19:42:26,858 - INFO - entity_res_one_jump: 7.14	17.36	23.43	32.69	45.42	1037
2023-08-17 19:42:26,858 - INFO - path_res_two_jump: 2.7	8.85	12.78	21.13	33.91	407
2023-08-17 19:42:26,858 - INFO - entity_res_two_jump: 3.44	10.32	14.99	24.08	39.8	407
2023-08-17 19:42:26,858 - INFO - precision: 0.060941828254847646, recall_macro: 0.03307593089715995, f1_macro: 0.029674035631971876, recall_micro: 0.060941828254847646, f1_micro: 0.060941828254847646
2023-08-17 19:42:26,859 - INFO - test unseen
2023-08-17 19:43:14,939 - INFO - path_res_all: 7.74	15.79	22.38	32.26	48.51	1305
2023-08-17 19:43:14,939 - INFO - entity_res_all: 7.97	18.47	26.05	36.55	55.1	1305
2023-08-17 19:43:14,939 - INFO - path_res_one_jump: 3.96	9.83	15.71	23.98	41.73	834
2023-08-17 19:43:14,939 - INFO - entity_res_one_jump: 3.96	13.31	20.38	29.14	48.92	834
2023-08-17 19:43:14,940 - INFO - path_res_two_jump: 14.44	26.33	34.18	46.92	60.51	471
2023-08-17 19:43:14,940 - INFO - entity_res_two_jump: 15.07	27.6	36.09	49.68	66.03	471
2023-08-17 19:43:14,940 - INFO - precision: 0.07969348659003832, recall_macro: 0.061548797076709696, f1_macro: 0.060972894949156635, recall_micro: 0.07969348659003832, f1_micro: 0.07969348659003832
2023-08-17 19:43:14,940 - INFO - 
2023-08-17 19:43:14,941 - INFO - ./models/as/batch-4_nhop-2_nmax-100/MultiRe_epoch-6
2023-08-17 19:43:14,941 - INFO - test seen
2023-08-17 19:44:08,733 - INFO - path_res_all: 7.96	16.55	21.95	30.75	42.52	1444
2023-08-17 19:44:08,734 - INFO - entity_res_all: 8.1	16.83	22.58	31.93	45.71	1444
2023-08-17 19:44:08,734 - INFO - path_res_one_jump: 10.41	20.54	26.33	35.29	47.54	1037
2023-08-17 19:44:08,734 - INFO - entity_res_one_jump: 10.51	20.83	27.1	36.55	50.82	1037
2023-08-17 19:44:08,734 - INFO - path_res_two_jump: 1.72	6.39	10.81	19.16	29.73	407
2023-08-17 19:44:08,734 - INFO - entity_res_two_jump: 1.97	6.63	11.06	20.15	32.68	407
2023-08-17 19:44:08,734 - INFO - precision: 0.08102493074792244, recall_macro: 0.04883591317038416, f1_macro: 0.043879474246500516, recall_micro: 0.08102493074792244, f1_micro: 0.08102493074792244
2023-08-17 19:44:08,735 - INFO - test unseen
2023-08-17 19:44:55,487 - INFO - path_res_all: 7.13	18.7	27.59	40.69	60.69	1305
2023-08-17 19:44:55,488 - INFO - entity_res_all: 7.66	21.3	30.88	44.9	66.97	1305
2023-08-17 19:44:55,488 - INFO - path_res_one_jump: 7.43	20.26	29.62	43.05	64.99	834
2023-08-17 19:44:55,488 - INFO - entity_res_one_jump: 7.67	23.38	33.81	48.44	72.06	834
2023-08-17 19:44:55,488 - INFO - path_res_two_jump: 6.58	15.92	23.99	36.52	53.08	471
2023-08-17 19:44:55,488 - INFO - entity_res_two_jump: 7.64	17.62	25.69	38.64	57.96	471
2023-08-17 19:44:55,488 - INFO - precision: 0.07662835249042145, recall_macro: 0.05905013083321906, f1_macro: 0.051886136719363485, recall_micro: 0.07662835249042145, f1_micro: 0.07662835249042145
2023-08-17 19:44:55,488 - INFO - 
2023-08-17 19:44:55,488 - INFO - ./models/as/batch-4_nhop-2_nmax-100/MultiRe_epoch-8
2023-08-17 19:44:55,489 - INFO - test seen
2023-08-17 19:45:49,346 - INFO - path_res_all: 5.61	13.64	19.81	28.05	40.3	1444
2023-08-17 19:45:49,346 - INFO - entity_res_all: 5.61	13.85	20.36	29.43	43.42	1444
2023-08-17 19:45:49,346 - INFO - path_res_one_jump: 6.65	15.43	22.08	30.67	43.59	1037
2023-08-17 19:45:49,346 - INFO - entity_res_one_jump: 6.65	15.62	22.47	32.11	47.06	1037
2023-08-17 19:45:49,346 - INFO - path_res_two_jump: 2.95	9.09	14.0	21.38	31.94	407
2023-08-17 19:45:49,346 - INFO - entity_res_two_jump: 2.95	9.34	14.99	22.6	34.15	407
2023-08-17 19:45:49,346 - INFO - precision: 0.05609418282548476, recall_macro: 0.03467582281613461, f1_macro: 0.029403047722536952, recall_micro: 0.05609418282548476, f1_micro: 0.056094182825484756
2023-08-17 19:45:49,347 - INFO - test unseen
2023-08-17 19:46:38,459 - INFO - path_res_all: 8.58	18.47	25.29	37.01	54.79	1305
2023-08-17 19:46:38,460 - INFO - entity_res_all: 8.58	18.93	26.51	39.31	58.93	1305
2023-08-17 19:46:38,460 - INFO - path_res_one_jump: 6.47	15.35	21.58	33.21	53.36	834
2023-08-17 19:46:38,460 - INFO - entity_res_one_jump: 6.47	15.95	23.02	35.25	57.31	834
2023-08-17 19:46:38,460 - INFO - path_res_two_jump: 12.31	23.99	31.85	43.74	57.32	471
2023-08-17 19:46:38,460 - INFO - entity_res_two_jump: 12.31	24.2	32.7	46.5	61.78	471
2023-08-17 19:46:38,460 - INFO - precision: 0.08582375478927202, recall_macro: 0.05899592233756822, f1_macro: 0.05305638455557774, recall_micro: 0.08582375478927202, f1_micro: 0.08582375478927202
2023-08-17 19:46:38,461 - INFO - 
2023-08-17 19:46:38,461 - INFO - ./models/as/batch-4_nhop-2_nmax-100/MultiRe_epoch-10
2023-08-17 19:46:38,461 - INFO - test seen
2023-08-17 19:47:32,609 - INFO - path_res_all: 8.8	17.66	22.92	30.96	42.24	1444
2023-08-17 19:47:32,609 - INFO - entity_res_all: 8.93	18.63	24.17	33.1	45.84	1444
2023-08-17 19:47:32,609 - INFO - path_res_one_jump: 10.99	21.12	26.42	34.04	45.03	1037
2023-08-17 19:47:32,609 - INFO - entity_res_one_jump: 10.99	22.18	27.77	36.26	48.89	1037
2023-08-17 19:47:32,609 - INFO - path_res_two_jump: 3.19	8.85	14.0	23.1	35.14	407
2023-08-17 19:47:32,609 - INFO - entity_res_two_jump: 3.69	9.58	14.99	25.06	38.08	407
2023-08-17 19:47:32,609 - INFO - precision: 0.08933518005540166, recall_macro: 0.053996150541094357, f1_macro: 0.05010568958390734, recall_micro: 0.08933518005540166, f1_micro: 0.08933518005540167
2023-08-17 19:47:32,610 - INFO - test unseen
2023-08-17 19:48:19,769 - INFO - path_res_all: 8.89	21.69	31.34	43.75	59.85	1305
2023-08-17 19:48:19,769 - INFO - entity_res_all: 9.27	24.29	34.71	48.05	65.9	1305
2023-08-17 19:48:19,769 - INFO - path_res_one_jump: 6.71	18.71	28.3	41.13	58.15	834
2023-08-17 19:48:19,769 - INFO - entity_res_one_jump: 6.71	21.94	32.49	46.16	64.75	834
2023-08-17 19:48:19,769 - INFO - path_res_two_jump: 12.74	26.96	36.73	48.41	62.85	471
2023-08-17 19:48:19,769 - INFO - entity_res_two_jump: 13.8	28.45	38.64	51.38	67.94	471
2023-08-17 19:48:19,769 - INFO - precision: 0.09272030651340996, recall_macro: 0.07848110835243187, f1_macro: 0.06600754500702438, recall_micro: 0.09272030651340996, f1_micro: 0.09272030651340997
2023-08-17 19:48:19,770 - INFO - 
2023-08-17 19:48:19,770 - INFO - ./models/as/batch-4_nhop-2_nmax-100/MultiRe_epoch-12
2023-08-17 19:48:19,770 - INFO - test seen
2023-08-17 19:49:08,648 - INFO - path_res_all: 7.2	14.2	18.63	24.38	33.31	1444
2023-08-17 19:49:08,648 - INFO - entity_res_all: 7.34	14.61	19.32	25.55	37.05	1444
2023-08-17 19:49:08,648 - INFO - path_res_one_jump: 8.87	16.88	21.6	27.1	36.35	1037
2023-08-17 19:49:08,648 - INFO - entity_res_one_jump: 8.87	17.26	22.08	27.77	39.83	1037
2023-08-17 19:49:08,648 - INFO - path_res_two_jump: 2.95	7.37	11.06	17.44	25.55	407
2023-08-17 19:49:08,648 - INFO - entity_res_two_jump: 3.44	7.86	12.29	19.9	29.98	407
2023-08-17 19:49:08,648 - INFO - precision: 0.07340720221606649, recall_macro: 0.040714617224684335, f1_macro: 0.03780082250993906, recall_micro: 0.07340720221606649, f1_micro: 0.07340720221606649
2023-08-17 19:49:08,652 - INFO - test unseen
2023-08-17 19:49:54,042 - INFO - path_res_all: 7.28	15.79	22.07	31.19	46.59	1305
2023-08-17 19:49:54,042 - INFO - entity_res_all: 7.51	17.93	24.83	34.94	52.72	1305
2023-08-17 19:49:54,042 - INFO - path_res_one_jump: 5.64	11.27	16.79	24.94	41.73	834
2023-08-17 19:49:54,042 - INFO - entity_res_one_jump: 5.76	14.15	20.14	29.02	47.84	834
2023-08-17 19:49:54,042 - INFO - path_res_two_jump: 10.19	23.78	31.42	42.25	55.2	471
2023-08-17 19:49:54,042 - INFO - entity_res_two_jump: 10.62	24.63	33.12	45.44	61.36	471
2023-08-17 19:49:54,042 - INFO - precision: 0.07509578544061303, recall_macro: 0.054167667515386375, f1_macro: 0.048624864400213415, recall_micro: 0.07509578544061303, f1_micro: 0.07509578544061303
2023-08-17 19:49:54,043 - INFO - 
2023-08-17 19:49:54,043 - INFO - ./models/as/batch-4_nhop-2_nmax-100/MultiRe_epoch-14
2023-08-17 19:49:54,043 - INFO - test seen
2023-08-17 19:50:41,796 - INFO - path_res_all: 7.55	15.1	18.98	25.42	35.25	1444
2023-08-17 19:50:41,796 - INFO - entity_res_all: 7.76	16.41	20.71	27.98	40.44	1444
2023-08-17 19:50:41,796 - INFO - path_res_one_jump: 8.49	17.16	21.12	27.87	37.42	1037
2023-08-17 19:50:41,796 - INFO - entity_res_one_jump: 8.49	18.61	23.05	30.76	43.2	1037
2023-08-17 19:50:41,796 - INFO - path_res_two_jump: 5.16	9.83	13.51	19.16	29.73	407
2023-08-17 19:50:41,796 - INFO - entity_res_two_jump: 5.9	10.81	14.74	20.88	33.42	407
2023-08-17 19:50:41,796 - INFO - precision: 0.07756232686980609, recall_macro: 0.04527963875789963, f1_macro: 0.04110129882777614, recall_micro: 0.07756232686980609, f1_micro: 0.07756232686980609
2023-08-17 19:50:41,797 - INFO - test unseen
