2023-08-11 22:50:24,866 - INFO - ./models/dense_share-subgraph/batch-4_nhop-2_nmax-100/MultiRe_epoch-2
2023-08-11 22:50:24,867 - INFO - test seen
2023-08-11 22:52:56,325 - INFO - path_res_all: 26.66	51.18	61.15	73.06	78.53	1444
2023-08-11 22:52:56,325 - INFO - entity_res_all: 27.01	53.95	65.72	80.96	88.57	1444
2023-08-11 22:52:56,325 - INFO - path_res_one_jump: 27.97	49.37	59.5	70.88	75.6	1037
2023-08-11 22:52:56,325 - INFO - entity_res_one_jump: 28.45	52.84	65.38	81.1	88.81	1037
2023-08-11 22:52:56,325 - INFO - path_res_two_jump: 23.34	55.77	65.36	78.62	86.0	407
2023-08-11 22:52:56,325 - INFO - entity_res_two_jump: 23.34	56.76	66.58	80.59	87.96	407
2023-08-11 22:52:56,325 - INFO - precision: 0.27008310249307477, recall_macro: 0.1130541608973933, f1_macro: 0.10744308252962094, recall_micro: 0.27008310249307477, f1_micro: 0.27008310249307477
2023-08-11 22:52:56,325 - INFO - test unseen
2023-08-11 22:53:26,848 - INFO - path_res_all: 33.64	65.67	77.09	88.12	91.19	1305
2023-08-11 22:53:26,848 - INFO - entity_res_all: 34.25	69.96	82.76	94.94	98.47	1305
2023-08-11 22:53:26,848 - INFO - path_res_one_jump: 33.09	63.91	74.22	85.97	88.97	834
2023-08-11 22:53:26,848 - INFO - entity_res_one_jump: 33.33	68.47	80.94	94.48	98.2	834
2023-08-11 22:53:26,848 - INFO - path_res_two_jump: 34.61	68.79	82.17	91.93	95.12	471
2023-08-11 22:53:26,848 - INFO - entity_res_two_jump: 35.88	72.61	85.99	95.75	98.94	471
2023-08-11 22:53:26,848 - INFO - precision: 0.3425287356321839, recall_macro: 0.2518151706620309, f1_macro: 0.25182695911542546, recall_micro: 0.3425287356321839, f1_micro: 0.3425287356321839
2023-08-11 22:53:26,848 - INFO - 
2023-08-11 22:53:26,848 - INFO - ./models/dense_share-subgraph/batch-4_nhop-2_nmax-100/MultiRe_epoch-4
2023-08-11 22:53:26,849 - INFO - test seen
2023-08-11 22:55:55,158 - INFO - path_res_all: 31.09	55.96	66.07	77.98	81.99	1444
2023-08-11 22:55:55,158 - INFO - entity_res_all: 31.99	59.0	71.33	85.39	90.44	1444
2023-08-11 22:55:55,158 - INFO - path_res_one_jump: 29.89	54.19	63.55	75.99	80.04	1037
2023-08-11 22:55:55,159 - INFO - entity_res_one_jump: 30.76	57.86	70.2	85.44	90.94	1037
2023-08-11 22:55:55,159 - INFO - path_res_two_jump: 34.15	60.44	72.48	83.05	86.98	407
2023-08-11 22:55:55,159 - INFO - entity_res_two_jump: 35.14	61.92	74.2	85.26	89.19	407
2023-08-11 22:55:55,159 - INFO - precision: 0.31994459833795014, recall_macro: 0.11959270895656762, f1_macro: 0.1152710522148824, recall_micro: 0.31994459833795014, f1_micro: 0.31994459833795014
2023-08-11 22:55:55,159 - INFO - test unseen
2023-08-11 22:56:23,845 - INFO - path_res_all: 39.08	70.27	80.92	90.11	92.87	1305
2023-08-11 22:56:23,845 - INFO - entity_res_all: 40.08	73.79	85.13	95.17	98.39	1305
2023-08-11 22:56:23,845 - INFO - path_res_one_jump: 34.41	67.75	80.58	89.45	92.33	834
2023-08-11 22:56:23,845 - INFO - entity_res_one_jump: 34.65	71.58	85.25	95.32	98.92	834
2023-08-11 22:56:23,845 - INFO - path_res_two_jump: 47.35	74.73	81.53	91.3	93.84	471
2023-08-11 22:56:23,845 - INFO - entity_res_two_jump: 49.68	77.71	84.93	94.9	97.45	471
2023-08-11 22:56:23,845 - INFO - precision: 0.40076628352490423, recall_macro: 0.31785228805806737, f1_macro: 0.3098443301618779, recall_micro: 0.40076628352490423, f1_micro: 0.40076628352490423
2023-08-11 22:56:23,846 - INFO - 
2023-08-11 22:56:23,846 - INFO - ./models/dense_share-subgraph/batch-4_nhop-2_nmax-100/MultiRe_epoch-6
2023-08-11 22:56:23,846 - INFO - test seen
2023-08-11 22:58:51,817 - INFO - path_res_all: 28.53	54.16	66.48	77.7	81.44	1444
2023-08-11 22:58:51,818 - INFO - entity_res_all: 29.22	56.86	70.84	84.9	90.44	1444
2023-08-11 22:58:51,818 - INFO - path_res_one_jump: 29.22	53.13	64.22	76.18	79.17	1037
2023-08-11 22:58:51,818 - INFO - entity_res_one_jump: 29.99	56.41	69.72	85.44	90.94	1037
2023-08-11 22:58:51,818 - INFO - path_res_two_jump: 26.78	56.76	72.24	81.57	87.22	407
2023-08-11 22:58:51,818 - INFO - entity_res_two_jump: 27.27	57.99	73.71	83.54	89.19	407
2023-08-11 22:58:51,818 - INFO - precision: 0.2922437673130194, recall_macro: 0.12657220491597998, f1_macro: 0.11505370236457177, recall_micro: 0.2922437673130194, f1_micro: 0.2922437673130194
2023-08-11 22:58:51,818 - INFO - test unseen
2023-08-11 22:59:20,589 - INFO - path_res_all: 35.63	69.66	81.0	90.57	91.95	1305
2023-08-11 22:59:20,590 - INFO - entity_res_all: 36.55	73.56	86.21	96.78	98.7	1305
2023-08-11 22:59:20,590 - INFO - path_res_one_jump: 34.65	69.66	80.58	89.09	90.41	834
2023-08-11 22:59:20,590 - INFO - entity_res_one_jump: 35.25	74.1	86.81	96.76	98.92	834
2023-08-11 22:59:20,590 - INFO - path_res_two_jump: 37.37	69.64	81.74	93.21	94.69	471
2023-08-11 22:59:20,590 - INFO - entity_res_two_jump: 38.85	72.61	85.14	96.82	98.3	471
2023-08-11 22:59:20,590 - INFO - precision: 0.36551724137931035, recall_macro: 0.24859932392989378, f1_macro: 0.2558636192394865, recall_micro: 0.36551724137931035, f1_micro: 0.3655172413793104
2023-08-11 22:59:20,590 - INFO - 
2023-08-11 22:59:20,590 - INFO - ./models/dense_share-subgraph/batch-4_nhop-2_nmax-100/MultiRe_epoch-8
2023-08-11 22:59:20,590 - INFO - test seen
2023-08-11 23:01:50,343 - INFO - path_res_all: 34.83	57.62	66.76	77.63	81.37	1444
2023-08-11 23:01:50,343 - INFO - entity_res_all: 35.66	60.46	71.33	84.14	89.27	1444
2023-08-11 23:01:50,344 - INFO - path_res_one_jump: 33.85	55.06	63.74	75.12	78.98	1037
2023-08-11 23:01:50,344 - INFO - entity_res_one_jump: 34.81	58.44	69.43	83.41	89.2	1037
2023-08-11 23:01:50,344 - INFO - path_res_two_jump: 37.35	64.13	74.45	84.03	87.47	407
2023-08-11 23:01:50,344 - INFO - entity_res_two_jump: 37.84	65.6	76.17	86.0	89.43	407
2023-08-11 23:01:50,344 - INFO - precision: 0.35664819944598336, recall_macro: 0.14180310892265996, f1_macro: 0.1268112370395288, recall_micro: 0.35664819944598336, f1_micro: 0.3566481994459834
2023-08-11 23:01:50,344 - INFO - test unseen
2023-08-11 23:02:21,438 - INFO - path_res_all: 40.08	72.34	82.45	91.34	94.18	1305
2023-08-11 23:02:21,438 - INFO - entity_res_all: 40.77	74.56	85.59	95.33	98.31	1305
2023-08-11 23:02:21,438 - INFO - path_res_one_jump: 35.49	70.02	81.29	91.25	94.0	834
2023-08-11 23:02:21,438 - INFO - entity_res_one_jump: 35.49	71.7	84.41	95.44	98.44	834
2023-08-11 23:02:21,438 - INFO - path_res_two_jump: 48.2	76.43	84.5	91.51	94.48	471
2023-08-11 23:02:21,438 - INFO - entity_res_two_jump: 50.11	79.62	87.69	95.12	98.09	471
2023-08-11 23:02:21,438 - INFO - precision: 0.4076628352490421, recall_macro: 0.33817618885034323, f1_macro: 0.34087085859335703, recall_micro: 0.4076628352490421, f1_micro: 0.4076628352490421
2023-08-11 23:02:21,439 - INFO - 
2023-08-11 23:02:21,439 - INFO - ./models/dense_share-subgraph/batch-4_nhop-2_nmax-100/MultiRe_epoch-10
2023-08-11 23:02:21,439 - INFO - test seen
2023-08-11 23:05:17,128 - INFO - path_res_all: 33.52	57.06	67.24	78.05	81.65	1444
2023-08-11 23:05:17,128 - INFO - entity_res_all: 33.93	59.0	70.84	85.11	90.1	1444
2023-08-11 23:05:17,128 - INFO - path_res_one_jump: 33.65	56.03	64.9	75.7	78.78	1037
2023-08-11 23:05:17,128 - INFO - entity_res_one_jump: 34.04	58.15	69.14	84.67	89.68	1037
2023-08-11 23:05:17,128 - INFO - path_res_two_jump: 33.17	59.71	73.22	84.03	88.94	407
2023-08-11 23:05:17,128 - INFO - entity_res_two_jump: 33.66	61.18	75.18	86.24	91.15	407
2023-08-11 23:05:17,128 - INFO - precision: 0.33933518005540164, recall_macro: 0.13601355095136447, f1_macro: 0.1253639514881886, recall_micro: 0.33933518005540164, f1_micro: 0.33933518005540164
2023-08-11 23:05:17,129 - INFO - test unseen
2023-08-11 23:06:04,677 - INFO - path_res_all: 38.62	71.34	80.92	89.66	91.8	1305
2023-08-11 23:06:04,677 - INFO - entity_res_all: 39.46	75.71	86.28	96.02	98.7	1305
2023-08-11 23:06:04,677 - INFO - path_res_one_jump: 34.65	68.59	78.3	87.17	89.45	834
2023-08-11 23:06:04,677 - INFO - entity_res_one_jump: 35.01	74.22	85.13	95.56	98.56	834
2023-08-11 23:06:04,677 - INFO - path_res_two_jump: 45.65	76.22	85.56	94.06	95.97	471
2023-08-11 23:06:04,677 - INFO - entity_res_two_jump: 47.35	78.34	88.32	96.82	98.94	471
2023-08-11 23:06:04,677 - INFO - precision: 0.3946360153256705, recall_macro: 0.3639998845408062, f1_macro: 0.37036920667558115, recall_micro: 0.3946360153256705, f1_micro: 0.3946360153256705
2023-08-11 23:06:04,678 - INFO - 
2023-08-11 23:06:04,678 - INFO - ./models/dense_share-subgraph/batch-4_nhop-2_nmax-100/MultiRe_epoch-12
2023-08-11 23:06:04,678 - INFO - test seen
2023-08-11 23:09:12,426 - INFO - path_res_all: 35.73	57.41	67.11	79.29	83.1	1444
2023-08-11 23:09:12,426 - INFO - entity_res_all: 36.43	59.49	70.43	84.9	90.24	1444
2023-08-11 23:09:12,426 - INFO - path_res_one_jump: 34.91	55.35	64.71	78.4	81.87	1037
2023-08-11 23:09:12,426 - INFO - entity_res_one_jump: 35.49	57.67	68.66	85.34	90.84	1037
2023-08-11 23:09:12,426 - INFO - path_res_two_jump: 37.84	62.65	73.22	81.57	86.24	407
2023-08-11 23:09:12,426 - INFO - entity_res_two_jump: 38.82	64.13	74.94	83.78	88.7	407
2023-08-11 23:09:12,426 - INFO - precision: 0.36426592797783935, recall_macro: 0.16251112408754947, f1_macro: 0.14897692813091853, recall_micro: 0.36426592797783935, f1_micro: 0.36426592797783935
2023-08-11 23:09:12,427 - INFO - test unseen
2023-08-11 23:09:57,626 - INFO - path_res_all: 39.46	71.65	82.68	90.96	93.87	1305
2023-08-11 23:09:57,626 - INFO - entity_res_all: 40.61	74.18	86.05	95.4	98.77	1305
2023-08-11 23:09:57,626 - INFO - path_res_one_jump: 37.53	71.7	82.37	89.69	93.17	834
2023-08-11 23:09:57,626 - INFO - entity_res_one_jump: 37.65	73.74	85.49	94.36	98.56	834
2023-08-11 23:09:57,626 - INFO - path_res_two_jump: 42.89	71.55	83.23	93.21	95.12	471
2023-08-11 23:09:57,626 - INFO - entity_res_two_jump: 45.86	74.95	87.05	97.24	99.15	471
2023-08-11 23:09:57,626 - INFO - precision: 0.4061302681992337, recall_macro: 0.3769208152810488, f1_macro: 0.38346234644320276, recall_micro: 0.4061302681992337, f1_micro: 0.4061302681992337
2023-08-11 23:09:57,626 - INFO - 
2023-08-11 23:09:57,627 - INFO - ./models/dense_share-subgraph/batch-4_nhop-2_nmax-100/MultiRe_epoch-14
2023-08-11 23:09:57,627 - INFO - test seen
2023-08-11 23:12:59,018 - INFO - path_res_all: 33.73	56.37	65.51	76.94	80.54	1444
2023-08-11 23:12:59,019 - INFO - entity_res_all: 34.76	58.86	70.43	84.63	90.1	1444
2023-08-11 23:12:59,019 - INFO - path_res_one_jump: 33.46	55.45	63.65	74.25	77.24	1037
2023-08-11 23:12:59,019 - INFO - entity_res_one_jump: 34.52	58.34	69.62	84.09	89.68	1037
2023-08-11 23:12:59,019 - INFO - path_res_two_jump: 34.4	58.72	70.27	83.78	88.94	407
2023-08-11 23:12:59,019 - INFO - entity_res_two_jump: 35.38	60.2	72.48	86.0	91.15	407
2023-08-11 23:12:59,019 - INFO - precision: 0.3476454293628809, recall_macro: 0.15398874338748403, f1_macro: 0.14140403371058977, recall_micro: 0.3476454293628809, f1_micro: 0.3476454293628809
2023-08-11 23:12:59,019 - INFO - test unseen
2023-08-11 23:13:43,939 - INFO - path_res_all: 34.48	68.28	81.99	91.11	94.02	1305
2023-08-11 23:13:43,940 - INFO - entity_res_all: 35.4	70.88	85.67	95.71	98.93	1305
2023-08-11 23:13:43,940 - INFO - path_res_one_jump: 33.57	68.71	81.65	90.05	92.81	834
2023-08-11 23:13:43,940 - INFO - entity_res_one_jump: 34.41	71.58	85.97	95.68	98.8	834
2023-08-11 23:13:43,940 - INFO - path_res_two_jump: 36.09	67.52	82.59	92.99	96.18	471
2023-08-11 23:13:43,940 - INFO - entity_res_two_jump: 37.15	69.64	85.14	95.75	99.15	471
2023-08-11 23:13:43,940 - INFO - precision: 0.35402298850574715, recall_macro: 0.27504726217367076, f1_macro: 0.27523007788977727, recall_micro: 0.35402298850574715, f1_micro: 0.35402298850574715
2023-08-11 23:13:43,941 - INFO - 
2023-08-11 23:13:43,941 - INFO - ./models/dense_share-subgraph/batch-4_nhop-2_nmax-100/MultiRe_epoch-16
2023-08-11 23:13:43,941 - INFO - test seen
2023-08-11 23:16:40,309 - INFO - path_res_all: 29.22	49.45	57.41	66.76	69.67	1444
2023-08-11 23:16:40,310 - INFO - entity_res_all: 31.23	54.57	66.83	80.75	85.6	1444
2023-08-11 23:16:40,310 - INFO - path_res_one_jump: 28.93	48.02	55.45	65.48	68.18	1037
2023-08-11 23:16:40,310 - INFO - entity_res_one_jump: 30.38	53.23	66.25	82.55	87.75	1037
2023-08-11 23:16:40,310 - INFO - path_res_two_jump: 29.98	53.07	62.41	70.02	73.46	407
2023-08-11 23:16:40,310 - INFO - entity_res_two_jump: 33.42	57.99	68.3	76.17	80.1	407
2023-08-11 23:16:40,310 - INFO - precision: 0.3123268698060942, recall_macro: 0.15739199633047263, f1_macro: 0.14108152892153294, recall_micro: 0.3123268698060942, f1_micro: 0.3123268698060942
2023-08-11 23:16:40,310 - INFO - test unseen
2023-08-11 23:17:18,274 - INFO - path_res_all: 37.09	66.67	78.93	89.58	92.18	1305
2023-08-11 23:17:18,274 - INFO - entity_res_all: 37.47	70.27	83.6	95.48	98.39	1305
2023-08-11 23:17:18,274 - INFO - path_res_one_jump: 32.73	64.39	77.46	88.37	90.65	834
2023-08-11 23:17:18,274 - INFO - entity_res_one_jump: 32.97	68.82	82.97	95.68	98.44	834
2023-08-11 23:17:18,274 - INFO - path_res_two_jump: 44.8	70.7	81.53	91.72	94.9	471
2023-08-11 23:17:18,274 - INFO - entity_res_two_jump: 45.44	72.82	84.71	95.12	98.3	471
2023-08-11 23:17:18,274 - INFO - precision: 0.37471264367816093, recall_macro: 0.3092970230733362, f1_macro: 0.3138398182905725, recall_micro: 0.37471264367816093, f1_micro: 0.37471264367816093
2023-08-11 23:17:18,275 - INFO - 
2023-08-11 23:17:18,275 - INFO - ./models/dense_share-subgraph/batch-4_nhop-2_nmax-100/MultiRe_epoch-18
2023-08-11 23:17:18,275 - INFO - test seen
2023-08-11 23:19:50,371 - INFO - path_res_all: 38.16	61.63	70.98	80.4	83.73	1444
2023-08-11 23:19:50,371 - INFO - entity_res_all: 38.64	63.78	74.24	86.08	91.34	1444
2023-08-11 23:19:50,371 - INFO - path_res_one_jump: 37.61	59.88	68.95	78.11	81.2	1037
2023-08-11 23:19:50,371 - INFO - entity_res_one_jump: 37.99	62.39	72.9	85.44	91.22	1037
2023-08-11 23:19:50,371 - INFO - path_res_two_jump: 39.56	66.09	76.17	86.24	90.17	407
2023-08-11 23:19:50,371 - INFO - entity_res_two_jump: 40.29	67.32	77.64	87.71	91.65	407
2023-08-11 23:19:50,371 - INFO - precision: 0.3864265927977839, recall_macro: 0.1824870790731304, f1_macro: 0.17262383172157994, recall_micro: 0.3864265927977839, f1_micro: 0.3864265927977839
2023-08-11 23:19:50,372 - INFO - test unseen
2023-08-11 23:20:22,811 - INFO - path_res_all: 38.16	71.03	82.07	91.57	93.56	1305
2023-08-11 23:20:22,811 - INFO - entity_res_all: 39.0	73.79	85.67	96.48	98.85	1305
2023-08-11 23:20:22,811 - INFO - path_res_one_jump: 33.93	69.42	80.7	90.41	92.45	834
2023-08-11 23:20:22,811 - INFO - entity_res_one_jump: 34.41	72.3	84.65	96.4	98.92	834
2023-08-11 23:20:22,811 - INFO - path_res_two_jump: 45.65	73.89	84.5	93.63	95.54	471
2023-08-11 23:20:22,811 - INFO - entity_res_two_jump: 47.13	76.43	87.47	96.6	98.73	471
2023-08-11 23:20:22,811 - INFO - precision: 0.39003831417624524, recall_macro: 0.3114189437833276, f1_macro: 0.31818276995816563, recall_micro: 0.39003831417624524, f1_micro: 0.3900383141762453
2023-08-11 23:20:22,812 - INFO - 
2023-08-11 23:20:22,812 - INFO - ./models/dense_share-subgraph/batch-4_nhop-2_nmax-100/MultiRe_epoch-20
2023-08-11 23:20:22,812 - INFO - test seen
2023-08-11 23:23:18,880 - INFO - path_res_all: 37.19	61.08	70.57	80.19	83.66	1444
2023-08-11 23:23:18,880 - INFO - entity_res_all: 37.67	63.09	73.96	85.94	91.07	1444
2023-08-11 23:23:18,880 - INFO - path_res_one_jump: 35.78	58.53	67.5	77.72	81.0	1037
2023-08-11 23:23:18,880 - INFO - entity_res_one_jump: 36.35	60.95	71.84	85.34	90.94	1037
2023-08-11 23:23:18,880 - INFO - path_res_two_jump: 40.79	67.57	78.38	86.49	90.42	407
2023-08-11 23:23:18,880 - INFO - entity_res_two_jump: 41.03	68.55	79.36	87.47	91.4	407
2023-08-11 23:23:18,881 - INFO - precision: 0.3767313019390582, recall_macro: 0.18087925278279438, f1_macro: 0.17195784351417379, recall_micro: 0.3767313019390582, f1_micro: 0.3767313019390582
2023-08-11 23:23:18,881 - INFO - test unseen
2023-08-11 23:23:54,598 - INFO - path_res_all: 36.86	71.95	81.3	90.88	93.49	1305
2023-08-11 23:23:54,599 - INFO - entity_res_all: 37.62	74.64	85.06	95.63	98.62	1305
2023-08-11 23:23:54,599 - INFO - path_res_one_jump: 33.09	70.98	80.82	90.29	92.57	834
2023-08-11 23:23:54,599 - INFO - entity_res_one_jump: 33.33	73.62	84.89	95.8	98.56	834
2023-08-11 23:23:54,599 - INFO - path_res_two_jump: 43.52	73.67	82.17	91.93	95.12	471
2023-08-11 23:23:54,599 - INFO - entity_res_two_jump: 45.22	76.43	85.35	95.33	98.73	471
2023-08-11 23:23:54,599 - INFO - precision: 0.37624521072796935, recall_macro: 0.3084497455949785, f1_macro: 0.31109138321053, recall_micro: 0.37624521072796935, f1_micro: 0.3762452107279694
2023-08-11 23:23:54,600 - INFO - 
