2023-08-12 13:33:40,882 - INFO - ./models/dense/batch-4_nhop-2_nmax-100/MultiRe_epoch-2
2023-08-12 13:33:40,882 - INFO - test seen
2023-08-12 13:36:28,463 - INFO - path_res_all: 13.85	30.82	36.5	43.98	48.13	1444
2023-08-12 13:36:28,463 - INFO - entity_res_all: 14.54	33.24	40.79	52.35	60.04	1444
2023-08-12 13:36:28,463 - INFO - path_res_one_jump: 19.29	42.91	50.82	61.23	67.02	1037
2023-08-12 13:36:28,463 - INFO - entity_res_one_jump: 19.86	45.61	55.93	71.94	82.64	1037
2023-08-12 13:36:28,463 - INFO - path_res_two_jump: 0.0	0.0	0.0	0.0	0.0	407
2023-08-12 13:36:28,463 - INFO - entity_res_two_jump: 0.98	1.72	2.21	2.46	2.46	407
2023-08-12 13:36:28,463 - INFO - precision: 0.14542936288088643, recall_macro: 0.039944587029902646, f1_macro: 0.036964787932478815, recall_micro: 0.14542936288088643, f1_micro: 0.14542936288088643
2023-08-12 13:36:28,464 - INFO - test unseen
2023-08-12 13:36:58,047 - INFO - path_res_all: 12.8	28.97	37.01	44.37	48.05	1305
2023-08-12 13:36:58,047 - INFO - entity_res_all: 13.18	34.25	44.52	54.33	60.84	1305
2023-08-12 13:36:58,048 - INFO - path_res_one_jump: 19.78	45.08	57.67	69.18	74.82	834
2023-08-12 13:36:58,048 - INFO - entity_res_one_jump: 20.02	51.92	67.15	82.13	92.09	834
2023-08-12 13:36:58,048 - INFO - path_res_two_jump: 0.42	0.42	0.42	0.42	0.64	471
2023-08-12 13:36:58,048 - INFO - entity_res_two_jump: 1.06	2.97	4.46	5.1	5.52	471
2023-08-12 13:36:58,048 - INFO - precision: 0.1318007662835249, recall_macro: 0.07530229420319753, f1_macro: 0.07360269059221218, recall_micro: 0.1318007662835249, f1_micro: 0.1318007662835249
2023-08-12 13:36:58,048 - INFO - 
2023-08-12 13:36:58,048 - INFO - ./models/dense/batch-4_nhop-2_nmax-100/MultiRe_epoch-4
2023-08-12 13:36:58,048 - INFO - test seen
2023-08-12 13:39:43,956 - INFO - path_res_all: 18.77	34.35	41.48	50.14	52.91	1444
2023-08-12 13:39:43,956 - INFO - entity_res_all: 19.04	36.29	45.01	55.82	61.43	1444
2023-08-12 13:39:43,956 - INFO - path_res_one_jump: 26.13	47.83	57.76	69.82	73.67	1037
2023-08-12 13:39:43,956 - INFO - entity_res_one_jump: 26.42	50.14	62.01	76.66	84.47	1037
2023-08-12 13:39:43,956 - INFO - path_res_two_jump: 0.0	0.0	0.0	0.0	0.0	407
2023-08-12 13:39:43,956 - INFO - entity_res_two_jump: 0.25	0.98	1.72	2.7	2.7	407
2023-08-12 13:39:43,956 - INFO - precision: 0.1904432132963989, recall_macro: 0.04232173908320984, f1_macro: 0.04057376603625753, recall_micro: 0.1904432132963989, f1_micro: 0.1904432132963989
2023-08-12 13:39:43,957 - INFO - test unseen
2023-08-12 13:40:13,883 - INFO - path_res_all: 20.15	41.23	48.74	54.41	56.32	1305
2023-08-12 13:40:13,884 - INFO - entity_res_all: 21.38	43.37	51.65	58.47	61.3	1305
2023-08-12 13:40:13,884 - INFO - path_res_one_jump: 31.29	64.27	76.02	84.53	87.41	834
2023-08-12 13:40:13,884 - INFO - entity_res_one_jump: 31.77	65.71	78.3	88.49	92.81	834
2023-08-12 13:40:13,884 - INFO - path_res_two_jump: 0.42	0.42	0.42	1.06	1.27	471
2023-08-12 13:40:13,884 - INFO - entity_res_two_jump: 2.97	3.82	4.46	5.31	5.52	471
2023-08-12 13:40:13,884 - INFO - precision: 0.21379310344827587, recall_macro: 0.13641980145296848, f1_macro: 0.13864967164645617, recall_micro: 0.21379310344827587, f1_micro: 0.21379310344827587
2023-08-12 13:40:13,884 - INFO - 
2023-08-12 13:40:13,884 - INFO - ./models/dense/batch-4_nhop-2_nmax-100/MultiRe_epoch-6
2023-08-12 13:40:13,884 - INFO - test seen
2023-08-12 13:42:59,057 - INFO - path_res_all: 18.84	34.42	40.65	48.75	51.66	1444
2023-08-12 13:42:59,058 - INFO - entity_res_all: 19.46	36.98	44.6	55.26	60.53	1444
2023-08-12 13:42:59,058 - INFO - path_res_one_jump: 26.13	47.83	56.51	67.79	71.84	1037
2023-08-12 13:42:59,058 - INFO - entity_res_one_jump: 26.81	50.82	61.33	76.08	83.32	1037
2023-08-12 13:42:59,058 - INFO - path_res_two_jump: 0.25	0.25	0.25	0.25	0.25	407
2023-08-12 13:42:59,058 - INFO - entity_res_two_jump: 0.74	1.72	1.97	2.21	2.46	407
2023-08-12 13:42:59,058 - INFO - precision: 0.1945983379501385, recall_macro: 0.040881871486995326, f1_macro: 0.03999692550732956, recall_micro: 0.1945983379501385, f1_micro: 0.19459833795013853
2023-08-12 13:42:59,058 - INFO - test unseen
2023-08-12 13:43:29,129 - INFO - path_res_all: 19.0	40.69	47.59	54.1	55.71	1305
2023-08-12 13:43:29,129 - INFO - entity_res_all: 19.92	42.99	50.88	58.7	61.99	1305
2023-08-12 13:43:29,129 - INFO - path_res_one_jump: 29.74	63.31	74.1	84.05	86.45	834
2023-08-12 13:43:29,129 - INFO - entity_res_one_jump: 29.86	65.11	77.1	88.85	93.88	834
2023-08-12 13:43:29,129 - INFO - path_res_two_jump: 0.0	0.64	0.64	1.06	1.27	471
2023-08-12 13:43:29,130 - INFO - entity_res_two_jump: 2.34	3.82	4.46	5.31	5.52	471
2023-08-12 13:43:29,130 - INFO - precision: 0.19923371647509577, recall_macro: 0.13839599898768265, f1_macro: 0.1422955853852224, recall_micro: 0.19923371647509577, f1_micro: 0.19923371647509577
2023-08-12 13:43:29,130 - INFO - 
2023-08-12 13:43:29,130 - INFO - ./models/dense/batch-4_nhop-2_nmax-100/MultiRe_epoch-8
2023-08-12 13:43:29,130 - INFO - test seen
2023-08-12 13:46:14,975 - INFO - path_res_all: 19.46	35.11	41.41	48.96	51.66	1444
2023-08-12 13:46:14,975 - INFO - entity_res_all: 20.08	37.67	45.57	55.68	60.8	1444
2023-08-12 13:46:14,975 - INFO - path_res_one_jump: 27.1	48.89	57.57	68.08	71.84	1037
2023-08-12 13:46:14,975 - INFO - entity_res_one_jump: 27.87	52.07	62.78	76.66	83.7	1037
2023-08-12 13:46:14,975 - INFO - path_res_two_jump: 0.0	0.0	0.25	0.25	0.25	407
2023-08-12 13:46:14,975 - INFO - entity_res_two_jump: 0.25	0.98	1.72	2.21	2.46	407
2023-08-12 13:46:14,975 - INFO - precision: 0.20083102493074792, recall_macro: 0.0424472809113544, f1_macro: 0.04004277969885355, recall_micro: 0.20083102493074792, f1_micro: 0.20083102493074792
2023-08-12 13:46:14,976 - INFO - test unseen
2023-08-12 13:46:45,121 - INFO - path_res_all: 18.85	41.61	47.97	54.33	55.71	1305
2023-08-12 13:46:45,121 - INFO - entity_res_all: 19.85	44.06	51.57	59.39	62.07	1305
2023-08-12 13:46:45,121 - INFO - path_res_one_jump: 29.38	64.75	74.58	84.17	86.21	834
2023-08-12 13:46:45,121 - INFO - entity_res_one_jump: 29.62	66.79	78.3	89.93	94.0	834
2023-08-12 13:46:45,121 - INFO - path_res_two_jump: 0.21	0.64	0.85	1.49	1.7	471
2023-08-12 13:46:45,121 - INFO - entity_res_two_jump: 2.55	3.82	4.25	5.31	5.52	471
2023-08-12 13:46:45,121 - INFO - precision: 0.19846743295019156, recall_macro: 0.1352291730118037, f1_macro: 0.13811474686072986, recall_micro: 0.19846743295019156, f1_micro: 0.19846743295019156
2023-08-12 13:46:45,121 - INFO - 
2023-08-12 13:46:45,122 - INFO - ./models/dense/batch-4_nhop-2_nmax-100/MultiRe_epoch-10
2023-08-12 13:46:45,122 - INFO - test seen
2023-08-12 13:49:32,305 - INFO - path_res_all: 18.91	35.73	41.83	50.35	52.63	1444
2023-08-12 13:49:32,305 - INFO - entity_res_all: 19.46	38.23	46.05	56.51	61.36	1444
2023-08-12 13:49:32,305 - INFO - path_res_one_jump: 26.33	49.76	58.15	70.01	73.19	1037
2023-08-12 13:49:32,305 - INFO - entity_res_one_jump: 27.0	52.75	63.36	77.82	84.38	1037
2023-08-12 13:49:32,305 - INFO - path_res_two_jump: 0.0	0.0	0.25	0.25	0.25	407
2023-08-12 13:49:32,305 - INFO - entity_res_two_jump: 0.25	1.23	1.97	2.21	2.7	407
2023-08-12 13:49:32,305 - INFO - precision: 0.1945983379501385, recall_macro: 0.03904898812367278, f1_macro: 0.0354198961355105, recall_micro: 0.1945983379501385, f1_micro: 0.19459833795013853
2023-08-12 13:49:32,306 - INFO - test unseen
2023-08-12 13:50:02,343 - INFO - path_res_all: 19.31	41.61	48.05	54.56	55.94	1305
2023-08-12 13:50:02,344 - INFO - entity_res_all: 20.23	43.83	51.11	59.0	61.69	1305
2023-08-12 13:50:02,344 - INFO - path_res_one_jump: 30.22	64.87	74.82	84.77	86.81	834
2023-08-12 13:50:02,344 - INFO - entity_res_one_jump: 30.34	66.43	77.46	89.33	93.41	834
2023-08-12 13:50:02,344 - INFO - path_res_two_jump: 0.0	0.42	0.64	1.06	1.27	471
2023-08-12 13:50:02,344 - INFO - entity_res_two_jump: 2.34	3.82	4.46	5.31	5.52	471
2023-08-12 13:50:02,344 - INFO - precision: 0.20229885057471264, recall_macro: 0.134554648329825, f1_macro: 0.13950063384652875, recall_micro: 0.20229885057471264, f1_micro: 0.20229885057471264
2023-08-12 13:50:02,344 - INFO - 
2023-08-12 13:50:02,344 - INFO - ./models/dense/batch-4_nhop-2_nmax-100/MultiRe_epoch-12
2023-08-12 13:50:02,345 - INFO - test seen
2023-08-12 13:53:02,941 - INFO - path_res_all: 19.32	35.32	41.41	49.24	52.01	1444
2023-08-12 13:53:02,941 - INFO - entity_res_all: 19.74	37.88	45.43	56.02	61.29	1444
2023-08-12 13:53:02,941 - INFO - path_res_one_jump: 26.9	49.18	57.67	68.56	72.42	1037
2023-08-12 13:53:02,941 - INFO - entity_res_one_jump: 27.39	52.27	62.58	76.95	84.28	1037
2023-08-12 13:53:02,941 - INFO - path_res_two_jump: 0.0	0.0	0.0	0.0	0.0	407
2023-08-12 13:53:02,941 - INFO - entity_res_two_jump: 0.25	1.23	1.72	2.7	2.7	407
2023-08-12 13:53:02,941 - INFO - precision: 0.19736842105263158, recall_macro: 0.03772349200767779, f1_macro: 0.036007391521397696, recall_micro: 0.19736842105263158, f1_micro: 0.19736842105263158
2023-08-12 13:53:02,942 - INFO - test unseen
2023-08-12 13:53:33,634 - INFO - path_res_all: 18.62	41.46	48.05	54.18	55.71	1305
2023-08-12 13:53:33,634 - INFO - entity_res_all: 19.23	43.75	50.96	58.93	61.69	1305
2023-08-12 13:53:33,634 - INFO - path_res_one_jump: 29.02	64.51	74.7	84.17	86.57	834
2023-08-12 13:53:33,634 - INFO - entity_res_one_jump: 29.02	66.31	77.22	89.21	93.41	834
2023-08-12 13:53:33,634 - INFO - path_res_two_jump: 0.21	0.64	0.85	1.06	1.06	471
2023-08-12 13:53:33,634 - INFO - entity_res_two_jump: 1.91	3.82	4.46	5.31	5.52	471
2023-08-12 13:53:33,634 - INFO - precision: 0.19233716475095786, recall_macro: 0.1314367675948005, f1_macro: 0.13711675919645655, recall_micro: 0.19233716475095786, f1_micro: 0.19233716475095786
2023-08-12 13:53:33,634 - INFO - 
2023-08-12 13:53:33,635 - INFO - ./models/dense/batch-4_nhop-2_nmax-100/MultiRe_epoch-14
2023-08-12 13:53:33,635 - INFO - test seen
2023-08-12 13:56:42,109 - INFO - path_res_all: 18.84	35.25	41.27	48.96	51.52	1444
2023-08-12 13:56:42,109 - INFO - entity_res_all: 19.32	38.09	45.36	55.96	61.01	1444
2023-08-12 13:56:42,109 - INFO - path_res_one_jump: 26.23	49.08	57.47	68.18	71.75	1037
2023-08-12 13:56:42,109 - INFO - entity_res_one_jump: 26.81	52.56	62.49	76.86	83.9	1037
2023-08-12 13:56:42,109 - INFO - path_res_two_jump: 0.0	0.0	0.0	0.0	0.0	407
2023-08-12 13:56:42,109 - INFO - entity_res_two_jump: 0.25	1.23	1.72	2.7	2.7	407
2023-08-12 13:56:42,109 - INFO - precision: 0.19321329639889195, recall_macro: 0.03684672897548201, f1_macro: 0.035185222509607976, recall_micro: 0.19321329639889195, f1_micro: 0.19321329639889195
2023-08-12 13:56:42,110 - INFO - test unseen
2023-08-12 13:57:14,374 - INFO - path_res_all: 18.16	41.3	48.2	54.1	55.56	1305
2023-08-12 13:57:14,374 - INFO - entity_res_all: 19.0	43.75	51.26	58.93	61.53	1305
2023-08-12 13:57:14,374 - INFO - path_res_one_jump: 28.3	64.27	75.06	83.93	86.21	834
2023-08-12 13:57:14,374 - INFO - entity_res_one_jump: 28.66	66.31	77.82	89.21	93.17	834
2023-08-12 13:57:14,374 - INFO - path_res_two_jump: 0.21	0.64	0.64	1.27	1.27	471
2023-08-12 13:57:14,374 - INFO - entity_res_two_jump: 1.91	3.82	4.25	5.31	5.52	471
2023-08-12 13:57:14,374 - INFO - precision: 0.1900383141762452, recall_macro: 0.1271046434648131, f1_macro: 0.13229728315002062, recall_micro: 0.1900383141762452, f1_micro: 0.1900383141762452
2023-08-12 13:57:14,375 - INFO - 
2023-08-12 13:57:14,376 - INFO - ./models/dense/batch-4_nhop-2_nmax-100/MultiRe_epoch-16
2023-08-12 13:57:14,376 - INFO - test seen
2023-08-12 14:00:20,736 - INFO - path_res_all: 19.18	35.39	41.14	49.03	51.73	1444
2023-08-12 14:00:20,737 - INFO - entity_res_all: 19.53	38.02	45.15	56.02	61.15	1444
2023-08-12 14:00:20,737 - INFO - path_res_one_jump: 26.71	49.28	57.28	68.27	72.03	1037
2023-08-12 14:00:20,737 - INFO - entity_res_one_jump: 27.1	52.46	62.2	77.05	84.19	1037
2023-08-12 14:00:20,737 - INFO - path_res_two_jump: 0.0	0.0	0.0	0.0	0.0	407
2023-08-12 14:00:20,737 - INFO - entity_res_two_jump: 0.25	1.23	1.72	2.46	2.46	407
2023-08-12 14:00:20,737 - INFO - precision: 0.19529085872576177, recall_macro: 0.03834831012070085, f1_macro: 0.03625485690027134, recall_micro: 0.19529085872576177, f1_micro: 0.19529085872576177
2023-08-12 14:00:20,737 - INFO - test unseen
2023-08-12 14:00:50,649 - INFO - path_res_all: 17.55	41.38	47.74	54.1	55.56	1305
2023-08-12 14:00:50,649 - INFO - entity_res_all: 18.31	43.98	50.88	58.93	61.46	1305
2023-08-12 14:00:50,649 - INFO - path_res_one_jump: 27.34	64.39	74.34	84.05	86.33	834
2023-08-12 14:00:50,649 - INFO - entity_res_one_jump: 27.58	66.55	77.22	89.21	93.05	834
2023-08-12 14:00:50,649 - INFO - path_res_two_jump: 0.21	0.64	0.64	1.06	1.06	471
2023-08-12 14:00:50,649 - INFO - entity_res_two_jump: 1.91	4.03	4.25	5.31	5.52	471
2023-08-12 14:00:50,649 - INFO - precision: 0.18314176245210728, recall_macro: 0.1283675362413104, f1_macro: 0.1345313167630058, recall_micro: 0.18314176245210728, f1_micro: 0.18314176245210728
2023-08-12 14:00:50,650 - INFO - 
2023-08-12 14:00:50,650 - INFO - ./models/dense/batch-4_nhop-2_nmax-100/MultiRe_epoch-18
2023-08-12 14:00:50,650 - INFO - test seen
2023-08-12 14:03:40,642 - INFO - path_res_all: 19.04	35.18	41.07	48.89	51.59	1444
2023-08-12 14:03:40,642 - INFO - entity_res_all: 19.46	37.88	45.08	55.75	61.08	1444
2023-08-12 14:03:40,642 - INFO - path_res_one_jump: 26.52	48.99	57.18	68.08	71.84	1037
2023-08-12 14:03:40,642 - INFO - entity_res_one_jump: 27.0	52.27	62.1	76.66	84.09	1037
2023-08-12 14:03:40,642 - INFO - path_res_two_jump: 0.0	0.0	0.0	0.0	0.0	407
2023-08-12 14:03:40,643 - INFO - entity_res_two_jump: 0.25	1.23	1.72	2.46	2.46	407
2023-08-12 14:03:40,643 - INFO - precision: 0.1945983379501385, recall_macro: 0.038202111290291496, f1_macro: 0.03620987351160694, recall_micro: 0.1945983379501385, f1_micro: 0.19459833795013853
2023-08-12 14:03:40,644 - INFO - test unseen
2023-08-12 14:04:10,820 - INFO - path_res_all: 17.93	41.61	47.89	54.18	55.63	1305
2023-08-12 14:04:10,820 - INFO - entity_res_all: 18.77	44.14	50.96	58.93	61.46	1305
2023-08-12 14:04:10,820 - INFO - path_res_one_jump: 27.94	64.75	74.46	84.05	86.33	834
2023-08-12 14:04:10,820 - INFO - entity_res_one_jump: 28.18	66.91	77.22	89.21	93.05	834
2023-08-12 14:04:10,820 - INFO - path_res_two_jump: 0.21	0.64	0.85	1.27	1.27	471
2023-08-12 14:04:10,820 - INFO - entity_res_two_jump: 2.12	3.82	4.46	5.31	5.52	471
2023-08-12 14:04:10,820 - INFO - precision: 0.18773946360153257, recall_macro: 0.12455291356050507, f1_macro: 0.12924090119480858, recall_micro: 0.18773946360153257, f1_micro: 0.18773946360153257
2023-08-12 14:04:10,820 - INFO - 
2023-08-12 14:04:10,821 - INFO - ./models/dense/batch-4_nhop-2_nmax-100/MultiRe_epoch-20
2023-08-12 14:04:10,821 - INFO - test seen
